<?xml version="1.0" encoding="UTF-8"?>
<testsuites name="REG" time="963.089" tests="33" failures="11" errors="1">
   <testsuite name="REG" tests="33" failures="11" errors="1" time="963.089" skipped="0" timestamp="2023-04-03 05:39:15" hostname="rizki - Red" id="Test Suites/WEB/REG">
      <properties>
[...]
</properties>
      <testcase name="Test Cases/Web/REG/REG-11" time="115.23" classname="Test Cases/Web/REG/REG-11" status="PASSED">
         <system-out><![CDATA[2023-04-03 05:39:15 - [TEST_CASE][PASSED] - Test Cases/Web/REG/REG-11: Test Cases/Web/REG/REG-11

2023-04-03 05:39:16 - [TEST_STEP][PASSED] - openBrowser(""): Browser is opened with url: ''

2023-04-03 05:39:16 - [MESSAGE][INFO] - Starting 'Chrome' driver

2023-04-03 05:39:16 - [MESSAGE][INFO] - Action delay is set to 0 milliseconds

2023-04-03 05:39:18 - [MESSAGE][PASSED] - Browser is opened with url: ''

2023-04-03 05:39:18 - [TEST_STEP][PASSED] - testData = findTestData("Data Files/Web/Register_Name"): null

2023-04-03 05:39:19 - [TEST_STEP][PASSED] - for ([i = 1, i <= testData.getRowNumbers(), (i++)]): Current window's url is: 'https://demo-app.online/email/verify'

2023-04-03 05:39:19 - [TEST_STEP][PASSED] - name = testData.getValue("Name", i): null

2023-04-03 05:39:19 - [TEST_STEP][PASSED] - navigateToUrl("https://demo-app.online/daftar"): Navigate to 'https://demo-app.online/daftar' successfully

2023-04-03 05:39:21 - [MESSAGE][PASSED] - Navigate to 'https://demo-app.online/daftar' successfully

2023-04-03 05:39:21 - [TEST_STEP][PASSED] - setText(findTestObject("Object Repository/Web/Register/Reg_InputText_Nama"), name): Text 'Rizki Khaerul' is set on object 'Object Repository/Web/Register/Reg_InputText_Nama'

2023-04-03 05:39:22 - [MESSAGE][PASSED] - Text 'Rizki Khaerul' is set on object 'Object Repository/Web/Register/Reg_InputText_Nama'

2023-04-03 05:39:22 - [TEST_STEP][PASSED] - setText(findTestObject("Object Repository/Web/Register/Reg_InputText_BirthDay"), "18-Feb-1997"): Text '18-Feb-1997' is set on object 'Object Repository/Web/Register/Reg_InputText_BirthDay'

2023-04-03 05:39:23 - [MESSAGE][PASSED] - Text '18-Feb-1997' is set on object 'Object Repository/Web/Register/Reg_InputText_BirthDay'

2023-04-03 05:39:23 - [TEST_STEP][PASSED] - setText(findTestObject("Object Repository/Web/Register/Reg_InputText_Email"), "Test@Example.com"): Text 'Test@Example.com' is set on object 'Object Repository/Web/Register/Reg_InputText_Email'

2023-04-03 05:39:24 - [MESSAGE][PASSED] - Text 'Test@Example.com' is set on object 'Object Repository/Web/Register/Reg_InputText_Email'

2023-04-03 05:39:24 - [TEST_STEP][PASSED] - setText(findTestObject("Object Repository/Web/Register/Reg_InputText_Whatsapp"), "081324387267"): Text '081324387267' is set on object 'Object Repository/Web/Register/Reg_InputText_Whatsapp'

2023-04-03 05:39:24 - [MESSAGE][PASSED] - Text '081324387267' is set on object 'Object Repository/Web/Register/Reg_InputText_Whatsapp'

2023-04-03 05:39:24 - [TEST_STEP][PASSED] - setText(findTestObject("Object Repository/Web/Register/Reg_InputText_KataSandi"), "testingtesting"): Text 'testingtesting' is set on object 'Object Repository/Web/Register/Reg_InputText_KataSandi'

2023-04-03 05:39:25 - [MESSAGE][PASSED] - Text 'testingtesting' is set on object 'Object Repository/Web/Register/Reg_InputText_KataSandi'

2023-04-03 05:39:25 - [TEST_STEP][PASSED] - setText(findTestObject("Object Repository/Web/Register/Reg_InputText_KonfirmasiKataSandi"), "testingtesting"): Text 'testingtesting' is set on object 'Object Repository/Web/Register/Reg_InputText_KonfirmasiKataSandi'

2023-04-03 05:39:26 - [MESSAGE][PASSED] - Text 'testingtesting' is set on object 'Object Repository/Web/Register/Reg_InputText_KonfirmasiKataSandi'

2023-04-03 05:39:26 - [TEST_STEP][PASSED] - check(findTestObject("Object Repository/Web/Register/Reg_Checkbox_SyaratDanKetentuan")): Object 'Object Repository/Web/Register/Reg_Checkbox_SyaratDanKetentuan' is checked

2023-04-03 05:39:26 - [MESSAGE][PASSED] - Object 'Object Repository/Web/Register/Reg_Checkbox_SyaratDanKetentuan' is checked

2023-04-03 05:39:26 - [TEST_STEP][PASSED] - click(findTestObject("Object Repository/Web/Register/Reg_Button_Daftar")): Object: 'Object Repository/Web/Register/Reg_Button_Daftar' is clicked on

2023-04-03 05:39:30 - [MESSAGE][PASSED] - Object: 'Object Repository/Web/Register/Reg_Button_Daftar' is clicked on

2023-04-03 05:39:30 - [TEST_STEP][PASSED] - delay(5): Delayed 5 second(s)

2023-04-03 05:39:35 - [MESSAGE][PASSED] - Delayed 5 second(s)

2023-04-03 05:39:35 - [TEST_STEP][PASSED] - if (getUrl() == "https://demo-app.online/daftar"): Current window's url is: 'https://demo-app.online/email/verify'

2023-04-03 05:39:35 - [MESSAGE][PASSED] - Current window's url is: 'https://demo-app.online/email/verify'

2023-04-03 05:39:35 - [TEST_STEP][PASSED] - delay(5): Delayed 5 second(s)

2023-04-03 05:39:40 - [MESSAGE][PASSED] - Delayed 5 second(s)

2023-04-03 05:39:40 - [TEST_STEP][PASSED] - assert getUrl() == "https://demo-app.online/email/verify": Current window's url is: 'https://demo-app.online/email/verify'

2023-04-03 05:39:40 - [MESSAGE][PASSED] - Current window's url is: 'https://demo-app.online/email/verify'

2023-04-03 05:39:40 - [TEST_STEP][PASSED] - name = testData.getValue("Name", i): null

2023-04-03 05:39:40 - [TEST_STEP][PASSED] - navigateToUrl("https://demo-app.online/daftar"): Navigate to 'https://demo-app.online/daftar' successfully

2023-04-03 05:39:41 - [MESSAGE][PASSED] - Navigate to 'https://demo-app.online/daftar' successfully

2023-04-03 05:39:41 - [TEST_STEP][PASSED] - setText(findTestObject("Object Repository/Web/Register/Reg_InputText_Nama"), name): Text 'Khaerul Rizki' is set on object 'Object Repository/Web/Register/Reg_InputText_Nama'

2023-04-03 05:39:42 - [MESSAGE][PASSED] - Text 'Khaerul Rizki' is set on object 'Object Repository/Web/Register/Reg_InputText_Nama'

2023-04-03 05:39:42 - [TEST_STEP][PASSED] - setText(findTestObject("Object Repository/Web/Register/Reg_InputText_BirthDay"), "18-Feb-1997"): Text '18-Feb-1997' is set on object 'Object Repository/Web/Register/Reg_InputText_BirthDay'

2023-04-03 05:39:43 - [MESSAGE][PASSED] - Text '18-Feb-1997' is set on object 'Object Repository/Web/Register/Reg_InputText_BirthDay'

2023-04-03 05:39:43 - [TEST_STEP][PASSED] - setText(findTestObject("Object Repository/Web/Register/Reg_InputText_Email"), "Test@Example.com"): Text 'Test@Example.com' is set on object 'Object Repository/Web/Register/Reg_InputText_Email'

2023-04-03 05:39:43 - [MESSAGE][PASSED] - Text 'Test@Example.com' is set on object 'Object Repository/Web/Register/Reg_InputText_Email'

2023-04-03 05:39:43 - [TEST_STEP][PASSED] - setText(findTestObject("Object Repository/Web/Register/Reg_InputText_Whatsapp"), "081324387267"): Text '081324387267' is set on object 'Object Repository/Web/Register/Reg_InputText_Whatsapp'

2023-04-03 05:39:44 - [MESSAGE][PASSED] - Text '081324387267' is set on object 'Object Repository/Web/Register/Reg_InputText_Whatsapp'

2023-04-03 05:39:44 - [TEST_STEP][PASSED] - setText(findTestObject("Object Repository/Web/Register/Reg_InputText_KataSandi"), "testingtesting"): Text 'testingtesting' is set on object 'Object Repository/Web/Register/Reg_InputText_KataSandi'

2023-04-03 05:39:45 - [MESSAGE][PASSED] - Text 'testingtesting' is set on object 'Object Repository/Web/Register/Reg_InputText_KataSandi'

2023-04-03 05:39:45 - [TEST_STEP][PASSED] - setText(findTestObject("Object Repository/Web/Register/Reg_InputText_KonfirmasiKataSandi"), "testingtesting"): Text 'testingtesting' is set on object 'Object Repository/Web/Register/Reg_InputText_KonfirmasiKataSandi'

2023-04-03 05:39:45 - [MESSAGE][PASSED] - Text 'testingtesting' is set on object 'Object Repository/Web/Register/Reg_InputText_KonfirmasiKataSandi'

2023-04-03 05:39:45 - [TEST_STEP][PASSED] - check(findTestObject("Object Repository/Web/Register/Reg_Checkbox_SyaratDanKetentuan")): Object 'Object Repository/Web/Register/Reg_Checkbox_SyaratDanKetentuan' is checked

2023-04-03 05:39:46 - [MESSAGE][PASSED] - Object 'Object Repository/Web/Register/Reg_Checkbox_SyaratDanKetentuan' is checked

2023-04-03 05:39:46 - [TEST_STEP][PASSED] - click(findTestObject("Object Repository/Web/Register/Reg_Button_Daftar")): Object: 'Object Repository/Web/Register/Reg_Button_Daftar' is clicked on

2023-04-03 05:39:48 - [MESSAGE][PASSED] - Object: 'Object Repository/Web/Register/Reg_Button_Daftar' is clicked on

2023-04-03 05:39:48 - [TEST_STEP][PASSED] - delay(5): Delayed 5 second(s)

2023-04-03 05:39:53 - [MESSAGE][PASSED] - Delayed 5 second(s)

2023-04-03 05:39:53 - [TEST_STEP][PASSED] - if (getUrl() == "https://demo-app.online/daftar"): Current window's url is: 'https://demo-app.online/email/verify'

2023-04-03 05:39:53 - [MESSAGE][PASSED] - Current window's url is: 'https://demo-app.online/email/verify'

2023-04-03 05:39:53 - [TEST_STEP][PASSED] - delay(5): Delayed 5 second(s)

2023-04-03 05:39:58 - [MESSAGE][PASSED] - Delayed 5 second(s)

2023-04-03 05:39:58 - [TEST_STEP][PASSED] - assert getUrl() == "https://demo-app.online/email/verify": Current window's url is: 'https://demo-app.online/email/verify'

2023-04-03 05:39:58 - [MESSAGE][PASSED] - Current window's url is: 'https://demo-app.online/email/verify'

2023-04-03 05:39:58 - [TEST_STEP][PASSED] - name = testData.getValue("Name", i): null

2023-04-03 05:39:58 - [TEST_STEP][PASSED] - navigateToUrl("https://demo-app.online/daftar"): Navigate to 'https://demo-app.online/daftar' successfully

2023-04-03 05:39:59 - [MESSAGE][PASSED] - Navigate to 'https://demo-app.online/daftar' successfully

2023-04-03 05:39:59 - [TEST_STEP][PASSED] - setText(findTestObject("Object Repository/Web/Register/Reg_InputText_Nama"), name): Text 'Nama Valid' is set on object 'Object Repository/Web/Register/Reg_InputText_Nama'

2023-04-03 05:40:00 - [MESSAGE][PASSED] - Text 'Nama Valid' is set on object 'Object Repository/Web/Register/Reg_InputText_Nama'

2023-04-03 05:40:00 - [TEST_STEP][PASSED] - setText(findTestObject("Object Repository/Web/Register/Reg_InputText_BirthDay"), "18-Feb-1997"): Text '18-Feb-1997' is set on object 'Object Repository/Web/Register/Reg_InputText_BirthDay'

2023-04-03 05:40:00 - [MESSAGE][PASSED] - Text '18-Feb-1997' is set on object 'Object Repository/Web/Register/Reg_InputText_BirthDay'

2023-04-03 05:40:00 - [TEST_STEP][PASSED] - setText(findTestObject("Object Repository/Web/Register/Reg_InputText_Email"), "Test@Example.com"): Text 'Test@Example.com' is set on object 'Object Repository/Web/Register/Reg_InputText_Email'

2023-04-03 05:40:01 - [MESSAGE][PASSED] - Text 'Test@Example.com' is set on object 'Object Repository/Web/Register/Reg_InputText_Email'

2023-04-03 05:40:01 - [TEST_STEP][PASSED] - setText(findTestObject("Object Repository/Web/Register/Reg_InputText_Whatsapp"), "081324387267"): Text '081324387267' is set on object 'Object Repository/Web/Register/Reg_InputText_Whatsapp'

2023-04-03 05:40:02 - [MESSAGE][PASSED] - Text '081324387267' is set on object 'Object Repository/Web/Register/Reg_InputText_Whatsapp'

2023-04-03 05:40:02 - [TEST_STEP][PASSED] - setText(findTestObject("Object Repository/Web/Register/Reg_InputText_KataSandi"), "testingtesting"): Text 'testingtesting' is set on object 'Object Repository/Web/Register/Reg_InputText_KataSandi'

2023-04-03 05:40:03 - [MESSAGE][PASSED] - Text 'testingtesting' is set on object 'Object Repository/Web/Register/Reg_InputText_KataSandi'

2023-04-03 05:40:03 - [TEST_STEP][PASSED] - setText(findTestObject("Object Repository/Web/Register/Reg_InputText_KonfirmasiKataSandi"), "testingtesting"): Text 'testingtesting' is set on object 'Object Repository/Web/Register/Reg_InputText_KonfirmasiKataSandi'

2023-04-03 05:40:03 - [MESSAGE][PASSED] - Text 'testingtesting' is set on object 'Object Repository/Web/Register/Reg_InputText_KonfirmasiKataSandi'

2023-04-03 05:40:03 - [TEST_STEP][PASSED] - check(findTestObject("Object Repository/Web/Register/Reg_Checkbox_SyaratDanKetentuan")): Object 'Object Repository/Web/Register/Reg_Checkbox_SyaratDanKetentuan' is checked

2023-04-03 05:40:04 - [MESSAGE][PASSED] - Object 'Object Repository/Web/Register/Reg_Checkbox_SyaratDanKetentuan' is checked

2023-04-03 05:40:04 - [TEST_STEP][PASSED] - click(findTestObject("Object Repository/Web/Register/Reg_Button_Daftar")): Object: 'Object Repository/Web/Register/Reg_Button_Daftar' is clicked on

2023-04-03 05:40:07 - [MESSAGE][PASSED] - Object: 'Object Repository/Web/Register/Reg_Button_Daftar' is clicked on

2023-04-03 05:40:07 - [TEST_STEP][PASSED] - delay(5): Delayed 5 second(s)

2023-04-03 05:40:12 - [MESSAGE][PASSED] - Delayed 5 second(s)

2023-04-03 05:40:12 - [TEST_STEP][PASSED] - if (getUrl() == "https://demo-app.online/daftar"): Current window's url is: 'https://demo-app.online/email/verify'

2023-04-03 05:40:12 - [MESSAGE][PASSED] - Current window's url is: 'https://demo-app.online/email/verify'

2023-04-03 05:40:12 - [TEST_STEP][PASSED] - delay(5): Delayed 5 second(s)

2023-04-03 05:40:17 - [MESSAGE][PASSED] - Delayed 5 second(s)

2023-04-03 05:40:17 - [TEST_STEP][PASSED] - assert getUrl() == "https://demo-app.online/email/verify": Current window's url is: 'https://demo-app.online/email/verify'

2023-04-03 05:40:17 - [MESSAGE][PASSED] - Current window's url is: 'https://demo-app.online/email/verify'

2023-04-03 05:40:17 - [TEST_STEP][PASSED] - name = testData.getValue("Name", i): null

2023-04-03 05:40:17 - [TEST_STEP][PASSED] - navigateToUrl("https://demo-app.online/daftar"): Navigate to 'https://demo-app.online/daftar' successfully

2023-04-03 05:40:18 - [MESSAGE][PASSED] - Navigate to 'https://demo-app.online/daftar' successfully

2023-04-03 05:40:18 - [TEST_STEP][PASSED] - setText(findTestObject("Object Repository/Web/Register/Reg_InputText_Nama"), name): Text 'Valid Name ' is set on object 'Object Repository/Web/Register/Reg_InputText_Nama'

2023-04-03 05:40:19 - [MESSAGE][PASSED] - Text 'Valid Name ' is set on object 'Object Repository/Web/Register/Reg_InputText_Nama'

2023-04-03 05:40:19 - [TEST_STEP][PASSED] - setText(findTestObject("Object Repository/Web/Register/Reg_InputText_BirthDay"), "18-Feb-1997"): Text '18-Feb-1997' is set on object 'Object Repository/Web/Register/Reg_InputText_BirthDay'

2023-04-03 05:40:19 - [MESSAGE][PASSED] - Text '18-Feb-1997' is set on object 'Object Repository/Web/Register/Reg_InputText_BirthDay'

2023-04-03 05:40:19 - [TEST_STEP][PASSED] - setText(findTestObject("Object Repository/Web/Register/Reg_InputText_Email"), "Test@Example.com"): Text 'Test@Example.com' is set on object 'Object Repository/Web/Register/Reg_InputText_Email'

2023-04-03 05:40:20 - [MESSAGE][PASSED] - Text 'Test@Example.com' is set on object 'Object Repository/Web/Register/Reg_InputText_Email'

2023-04-03 05:40:20 - [TEST_STEP][PASSED] - setText(findTestObject("Object Repository/Web/Register/Reg_InputText_Whatsapp"), "081324387267"): Text '081324387267' is set on object 'Object Repository/Web/Register/Reg_InputText_Whatsapp'

2023-04-03 05:40:21 - [MESSAGE][PASSED] - Text '081324387267' is set on object 'Object Repository/Web/Register/Reg_InputText_Whatsapp'

2023-04-03 05:40:21 - [TEST_STEP][PASSED] - setText(findTestObject("Object Repository/Web/Register/Reg_InputText_KataSandi"), "testingtesting"): Text 'testingtesting' is set on object 'Object Repository/Web/Register/Reg_InputText_KataSandi'

2023-04-03 05:40:22 - [MESSAGE][PASSED] - Text 'testingtesting' is set on object 'Object Repository/Web/Register/Reg_InputText_KataSandi'

2023-04-03 05:40:22 - [TEST_STEP][PASSED] - setText(findTestObject("Object Repository/Web/Register/Reg_InputText_KonfirmasiKataSandi"), "testingtesting"): Text 'testingtesting' is set on object 'Object Repository/Web/Register/Reg_InputText_KonfirmasiKataSandi'

2023-04-03 05:40:22 - [MESSAGE][PASSED] - Text 'testingtesting' is set on object 'Object Repository/Web/Register/Reg_InputText_KonfirmasiKataSandi'

2023-04-03 05:40:22 - [TEST_STEP][PASSED] - check(findTestObject("Object Repository/Web/Register/Reg_Checkbox_SyaratDanKetentuan")): Object 'Object Repository/Web/Register/Reg_Checkbox_SyaratDanKetentuan' is checked

2023-04-03 05:40:23 - [MESSAGE][PASSED] - Object 'Object Repository/Web/Register/Reg_Checkbox_SyaratDanKetentuan' is checked

2023-04-03 05:40:23 - [TEST_STEP][PASSED] - click(findTestObject("Object Repository/Web/Register/Reg_Button_Daftar")): Object: 'Object Repository/Web/Register/Reg_Button_Daftar' is clicked on

2023-04-03 05:40:25 - [MESSAGE][PASSED] - Object: 'Object Repository/Web/Register/Reg_Button_Daftar' is clicked on

2023-04-03 05:40:25 - [TEST_STEP][PASSED] - delay(5): Delayed 5 second(s)

2023-04-03 05:40:30 - [MESSAGE][PASSED] - Delayed 5 second(s)

2023-04-03 05:40:30 - [TEST_STEP][PASSED] - if (getUrl() == "https://demo-app.online/daftar"): Current window's url is: 'https://demo-app.online/email/verify'

2023-04-03 05:40:30 - [MESSAGE][PASSED] - Current window's url is: 'https://demo-app.online/email/verify'

2023-04-03 05:40:30 - [TEST_STEP][PASSED] - delay(5): Delayed 5 second(s)

2023-04-03 05:40:35 - [MESSAGE][PASSED] - Delayed 5 second(s)

2023-04-03 05:40:35 - [TEST_STEP][PASSED] - assert getUrl() == "https://demo-app.online/email/verify": Current window's url is: 'https://demo-app.online/email/verify'

2023-04-03 05:40:35 - [MESSAGE][PASSED] - Current window's url is: 'https://demo-app.online/email/verify'

2023-04-03 05:40:35 - [TEST_STEP][PASSED] - name = testData.getValue("Name", i): null

2023-04-03 05:40:35 - [TEST_STEP][PASSED] - navigateToUrl("https://demo-app.online/daftar"): Navigate to 'https://demo-app.online/daftar' successfully

2023-04-03 05:40:36 - [MESSAGE][PASSED] - Navigate to 'https://demo-app.online/daftar' successfully

2023-04-03 05:40:36 - [TEST_STEP][PASSED] - setText(findTestObject("Object Repository/Web/Register/Reg_InputText_Nama"), name): Text 'Test Name' is set on object 'Object Repository/Web/Register/Reg_InputText_Nama'

2023-04-03 05:40:37 - [MESSAGE][PASSED] - Text 'Test Name' is set on object 'Object Repository/Web/Register/Reg_InputText_Nama'

2023-04-03 05:40:37 - [TEST_STEP][PASSED] - setText(findTestObject("Object Repository/Web/Register/Reg_InputText_BirthDay"), "18-Feb-1997"): Text '18-Feb-1997' is set on object 'Object Repository/Web/Register/Reg_InputText_BirthDay'

2023-04-03 05:40:37 - [MESSAGE][PASSED] - Text '18-Feb-1997' is set on object 'Object Repository/Web/Register/Reg_InputText_BirthDay'

2023-04-03 05:40:37 - [TEST_STEP][PASSED] - setText(findTestObject("Object Repository/Web/Register/Reg_InputText_Email"), "Test@Example.com"): Text 'Test@Example.com' is set on object 'Object Repository/Web/Register/Reg_InputText_Email'

2023-04-03 05:40:38 - [MESSAGE][PASSED] - Text 'Test@Example.com' is set on object 'Object Repository/Web/Register/Reg_InputText_Email'

2023-04-03 05:40:38 - [TEST_STEP][PASSED] - setText(findTestObject("Object Repository/Web/Register/Reg_InputText_Whatsapp"), "081324387267"): Text '081324387267' is set on object 'Object Repository/Web/Register/Reg_InputText_Whatsapp'

2023-04-03 05:40:39 - [MESSAGE][PASSED] - Text '081324387267' is set on object 'Object Repository/Web/Register/Reg_InputText_Whatsapp'

2023-04-03 05:40:39 - [TEST_STEP][PASSED] - setText(findTestObject("Object Repository/Web/Register/Reg_InputText_KataSandi"), "testingtesting"): Text 'testingtesting' is set on object 'Object Repository/Web/Register/Reg_InputText_KataSandi'

2023-04-03 05:40:40 - [MESSAGE][PASSED] - Text 'testingtesting' is set on object 'Object Repository/Web/Register/Reg_InputText_KataSandi'

2023-04-03 05:40:40 - [TEST_STEP][PASSED] - setText(findTestObject("Object Repository/Web/Register/Reg_InputText_KonfirmasiKataSandi"), "testingtesting"): Text 'testingtesting' is set on object 'Object Repository/Web/Register/Reg_InputText_KonfirmasiKataSandi'

2023-04-03 05:40:40 - [MESSAGE][PASSED] - Text 'testingtesting' is set on object 'Object Repository/Web/Register/Reg_InputText_KonfirmasiKataSandi'

2023-04-03 05:40:40 - [TEST_STEP][PASSED] - check(findTestObject("Object Repository/Web/Register/Reg_Checkbox_SyaratDanKetentuan")): Object 'Object Repository/Web/Register/Reg_Checkbox_SyaratDanKetentuan' is checked

2023-04-03 05:40:41 - [MESSAGE][PASSED] - Object 'Object Repository/Web/Register/Reg_Checkbox_SyaratDanKetentuan' is checked

2023-04-03 05:40:41 - [TEST_STEP][PASSED] - click(findTestObject("Object Repository/Web/Register/Reg_Button_Daftar")): Object: 'Object Repository/Web/Register/Reg_Button_Daftar' is clicked on

2023-04-03 05:40:43 - [MESSAGE][PASSED] - Object: 'Object Repository/Web/Register/Reg_Button_Daftar' is clicked on

2023-04-03 05:40:43 - [TEST_STEP][PASSED] - delay(5): Delayed 5 second(s)

2023-04-03 05:40:48 - [MESSAGE][PASSED] - Delayed 5 second(s)

2023-04-03 05:40:48 - [TEST_STEP][PASSED] - if (getUrl() == "https://demo-app.online/daftar"): Current window's url is: 'https://demo-app.online/email/verify'

2023-04-03 05:40:48 - [MESSAGE][PASSED] - Current window's url is: 'https://demo-app.online/email/verify'

2023-04-03 05:40:48 - [TEST_STEP][PASSED] - delay(5): Delayed 5 second(s)

2023-04-03 05:40:53 - [MESSAGE][PASSED] - Delayed 5 second(s)

2023-04-03 05:40:53 - [TEST_STEP][PASSED] - assert getUrl() == "https://demo-app.online/email/verify": Current window's url is: 'https://demo-app.online/email/verify'

2023-04-03 05:40:53 - [MESSAGE][PASSED] - Current window's url is: 'https://demo-app.online/email/verify'

2023-04-03 05:40:53 - [TEST_STEP][PASSED] - name = testData.getValue("Name", i): null

2023-04-03 05:40:53 - [TEST_STEP][PASSED] - navigateToUrl("https://demo-app.online/daftar"): Navigate to 'https://demo-app.online/daftar' successfully

2023-04-03 05:40:53 - [MESSAGE][PASSED] - Navigate to 'https://demo-app.online/daftar' successfully

2023-04-03 05:40:53 - [TEST_STEP][PASSED] - setText(findTestObject("Object Repository/Web/Register/Reg_InputText_Nama"), name): Text 'John Doe' is set on object 'Object Repository/Web/Register/Reg_InputText_Nama'

2023-04-03 05:40:54 - [MESSAGE][PASSED] - Text 'John Doe' is set on object 'Object Repository/Web/Register/Reg_InputText_Nama'

2023-04-03 05:40:54 - [TEST_STEP][PASSED] - setText(findTestObject("Object Repository/Web/Register/Reg_InputText_BirthDay"), "18-Feb-1997"): Text '18-Feb-1997' is set on object 'Object Repository/Web/Register/Reg_InputText_BirthDay'

2023-04-03 05:40:55 - [MESSAGE][PASSED] - Text '18-Feb-1997' is set on object 'Object Repository/Web/Register/Reg_InputText_BirthDay'

2023-04-03 05:40:55 - [TEST_STEP][PASSED] - setText(findTestObject("Object Repository/Web/Register/Reg_InputText_Email"), "Test@Example.com"): Text 'Test@Example.com' is set on object 'Object Repository/Web/Register/Reg_InputText_Email'

2023-04-03 05:40:56 - [MESSAGE][PASSED] - Text 'Test@Example.com' is set on object 'Object Repository/Web/Register/Reg_InputText_Email'

2023-04-03 05:40:56 - [TEST_STEP][PASSED] - setText(findTestObject("Object Repository/Web/Register/Reg_InputText_Whatsapp"), "081324387267"): Text '081324387267' is set on object 'Object Repository/Web/Register/Reg_InputText_Whatsapp'

2023-04-03 05:40:57 - [MESSAGE][PASSED] - Text '081324387267' is set on object 'Object Repository/Web/Register/Reg_InputText_Whatsapp'

2023-04-03 05:40:57 - [TEST_STEP][PASSED] - setText(findTestObject("Object Repository/Web/Register/Reg_InputText_KataSandi"), "testingtesting"): Text 'testingtesting' is set on object 'Object Repository/Web/Register/Reg_InputText_KataSandi'

2023-04-03 05:40:57 - [MESSAGE][PASSED] - Text 'testingtesting' is set on object 'Object Repository/Web/Register/Reg_InputText_KataSandi'

2023-04-03 05:40:57 - [TEST_STEP][PASSED] - setText(findTestObject("Object Repository/Web/Register/Reg_InputText_KonfirmasiKataSandi"), "testingtesting"): Text 'testingtesting' is set on object 'Object Repository/Web/Register/Reg_InputText_KonfirmasiKataSandi'

2023-04-03 05:40:58 - [MESSAGE][PASSED] - Text 'testingtesting' is set on object 'Object Repository/Web/Register/Reg_InputText_KonfirmasiKataSandi'

2023-04-03 05:40:58 - [TEST_STEP][PASSED] - check(findTestObject("Object Repository/Web/Register/Reg_Checkbox_SyaratDanKetentuan")): Object 'Object Repository/Web/Register/Reg_Checkbox_SyaratDanKetentuan' is checked

2023-04-03 05:40:58 - [MESSAGE][PASSED] - Object 'Object Repository/Web/Register/Reg_Checkbox_SyaratDanKetentuan' is checked

2023-04-03 05:40:58 - [TEST_STEP][PASSED] - click(findTestObject("Object Repository/Web/Register/Reg_Button_Daftar")): Object: 'Object Repository/Web/Register/Reg_Button_Daftar' is clicked on

2023-04-03 05:41:00 - [MESSAGE][PASSED] - Object: 'Object Repository/Web/Register/Reg_Button_Daftar' is clicked on

2023-04-03 05:41:00 - [TEST_STEP][PASSED] - delay(5): Delayed 5 second(s)

2023-04-03 05:41:05 - [MESSAGE][PASSED] - Delayed 5 second(s)

2023-04-03 05:41:05 - [TEST_STEP][PASSED] - if (getUrl() == "https://demo-app.online/daftar"): Current window's url is: 'https://demo-app.online/email/verify'

2023-04-03 05:41:05 - [MESSAGE][PASSED] - Current window's url is: 'https://demo-app.online/email/verify'

2023-04-03 05:41:05 - [TEST_STEP][PASSED] - delay(5): Delayed 5 second(s)

2023-04-03 05:41:10 - [MESSAGE][PASSED] - Delayed 5 second(s)

2023-04-03 05:41:10 - [TEST_STEP][PASSED] - assert getUrl() == "https://demo-app.online/email/verify": Current window's url is: 'https://demo-app.online/email/verify'

2023-04-03 05:41:10 - [MESSAGE][PASSED] - Current window's url is: 'https://demo-app.online/email/verify']]></system-out>
         <system-err><![CDATA[]]></system-err>
      </testcase>
      <testcase name="Test Cases/Web/REG/REG-12" time="13.408" classname="Test Cases/Web/REG/REG-12" status="PASSED">
         <system-out><![CDATA[2023-04-03 05:41:10 - [TEST_CASE][PASSED] - Test Cases/Web/REG/REG-12: Test Cases/Web/REG/REG-12

2023-04-03 05:41:11 - [TEST_STEP][PASSED] - openBrowser(""): Browser is opened with url: ''

2023-04-03 05:41:11 - [MESSAGE][WARNING] - A browser is already opened. Closing browser and opening a new one

2023-04-03 05:41:11 - [MESSAGE][INFO] - Starting 'Chrome' driver

2023-04-03 05:41:11 - [MESSAGE][INFO] - Action delay is set to 0 milliseconds

2023-04-03 05:41:12 - [MESSAGE][PASSED] - Browser is opened with url: ''

2023-04-03 05:41:12 - [TEST_STEP][PASSED] - navigateToUrl("https://demo-app.online/daftar"): Navigate to 'https://demo-app.online/daftar' successfully

2023-04-03 05:41:14 - [MESSAGE][PASSED] - Navigate to 'https://demo-app.online/daftar' successfully

2023-04-03 05:41:14 - [TEST_STEP][PASSED] - setText(findTestObject("Object Repository/Web/Register/Reg_InputText_BirthDay"), "18-Feb-1997"): Text '18-Feb-1997' is set on object 'Object Repository/Web/Register/Reg_InputText_BirthDay'

2023-04-03 05:41:15 - [MESSAGE][PASSED] - Text '18-Feb-1997' is set on object 'Object Repository/Web/Register/Reg_InputText_BirthDay'

2023-04-03 05:41:15 - [TEST_STEP][PASSED] - setText(findTestObject("Object Repository/Web/Register/Reg_InputText_Email"), "Test@Mail.com"): Text 'Test@Mail.com' is set on object 'Object Repository/Web/Register/Reg_InputText_Email'

2023-04-03 05:41:16 - [MESSAGE][PASSED] - Text 'Test@Mail.com' is set on object 'Object Repository/Web/Register/Reg_InputText_Email'

2023-04-03 05:41:16 - [TEST_STEP][PASSED] - setText(findTestObject("Object Repository/Web/Register/Reg_InputText_Whatsapp"), "081324387267"): Text '081324387267' is set on object 'Object Repository/Web/Register/Reg_InputText_Whatsapp'

2023-04-03 05:41:17 - [MESSAGE][PASSED] - Text '081324387267' is set on object 'Object Repository/Web/Register/Reg_InputText_Whatsapp'

2023-04-03 05:41:17 - [TEST_STEP][PASSED] - setText(findTestObject("Object Repository/Web/Register/Reg_InputText_KataSandi"), "testingtesting"): Text 'testingtesting' is set on object 'Object Repository/Web/Register/Reg_InputText_KataSandi'

2023-04-03 05:41:17 - [MESSAGE][PASSED] - Text 'testingtesting' is set on object 'Object Repository/Web/Register/Reg_InputText_KataSandi'

2023-04-03 05:41:17 - [TEST_STEP][PASSED] - setText(findTestObject("Object Repository/Web/Register/Reg_InputText_KonfirmasiKataSandi"), "testingtesting"): Text 'testingtesting' is set on object 'Object Repository/Web/Register/Reg_InputText_KonfirmasiKataSandi'

2023-04-03 05:41:18 - [MESSAGE][PASSED] - Text 'testingtesting' is set on object 'Object Repository/Web/Register/Reg_InputText_KonfirmasiKataSandi'

2023-04-03 05:41:18 - [TEST_STEP][PASSED] - check(findTestObject("Object Repository/Web/Register/Reg_Checkbox_SyaratDanKetentuan")): Object 'Object Repository/Web/Register/Reg_Checkbox_SyaratDanKetentuan' is checked

2023-04-03 05:41:18 - [MESSAGE][PASSED] - Object 'Object Repository/Web/Register/Reg_Checkbox_SyaratDanKetentuan' is checked

2023-04-03 05:41:18 - [TEST_STEP][PASSED] - click(findTestObject("Object Repository/Web/Register/Reg_Button_Daftar")): Object: 'Object Repository/Web/Register/Reg_Button_Daftar' is clicked on

2023-04-03 05:41:19 - [MESSAGE][PASSED] - Object: 'Object Repository/Web/Register/Reg_Button_Daftar' is clicked on

2023-04-03 05:41:19 - [TEST_STEP][PASSED] - isValid = executeJavaScript("document.getElementById("name").reportValidity();", null): Execute JavaScript 'document.getElementById("name").reportValidity();' successfully

2023-04-03 05:41:19 - [MESSAGE][PASSED] - Execute JavaScript 'document.getElementById("name").reportValidity();' successfully

2023-04-03 05:41:19 - [TEST_STEP][PASSED] - assert !(isValid) : "Validation error should be displayed": null

2023-04-03 05:41:19 - [TEST_STEP][PASSED] - delay(5): Delayed 5 second(s)

2023-04-03 05:41:24 - [MESSAGE][PASSED] - Delayed 5 second(s)

2023-04-03 05:41:24 - [TEST_STEP][PASSED] - assert getUrl() != "https://demo-app.online/email/verify": Current window's url is: 'https://demo-app.online/daftar'

2023-04-03 05:41:24 - [MESSAGE][PASSED] - Current window's url is: 'https://demo-app.online/daftar']]></system-out>
         <system-err><![CDATA[]]></system-err>
      </testcase>
      <testcase name="Test Cases/Web/REG/REG-13" time="15.035" classname="Test Cases/Web/REG/REG-13" status="PASSED">
         <system-out><![CDATA[2023-04-03 05:41:24 - [TEST_CASE][PASSED] - Test Cases/Web/REG/REG-13: Test Cases/Web/REG/REG-13

2023-04-03 05:41:24 - [TEST_STEP][PASSED] - openBrowser(""): Browser is opened with url: ''

2023-04-03 05:41:24 - [MESSAGE][WARNING] - A browser is already opened. Closing browser and opening a new one

2023-04-03 05:41:25 - [MESSAGE][INFO] - Starting 'Chrome' driver

2023-04-03 05:41:25 - [MESSAGE][INFO] - Action delay is set to 0 milliseconds

2023-04-03 05:41:26 - [MESSAGE][PASSED] - Browser is opened with url: ''

2023-04-03 05:41:26 - [TEST_STEP][PASSED] - navigateToUrl("https://demo-app.online/daftar"): Navigate to 'https://demo-app.online/daftar' successfully

2023-04-03 05:41:27 - [MESSAGE][PASSED] - Navigate to 'https://demo-app.online/daftar' successfully

2023-04-03 05:41:27 - [TEST_STEP][PASSED] - setText(findTestObject("Object Repository/Web/Register/Reg_InputText_Nama"), "  "): Text '  ' is set on object 'Object Repository/Web/Register/Reg_InputText_Nama'

2023-04-03 05:41:28 - [MESSAGE][PASSED] - Text '  ' is set on object 'Object Repository/Web/Register/Reg_InputText_Nama'

2023-04-03 05:41:28 - [TEST_STEP][PASSED] - setText(findTestObject("Object Repository/Web/Register/Reg_InputText_BirthDay"), "18-Feb-1997"): Text '18-Feb-1997' is set on object 'Object Repository/Web/Register/Reg_InputText_BirthDay'

2023-04-03 05:41:29 - [MESSAGE][PASSED] - Text '18-Feb-1997' is set on object 'Object Repository/Web/Register/Reg_InputText_BirthDay'

2023-04-03 05:41:29 - [TEST_STEP][PASSED] - setText(findTestObject("Object Repository/Web/Register/Reg_InputText_Email"), "Test@Mail.com"): Text 'Test@Mail.com' is set on object 'Object Repository/Web/Register/Reg_InputText_Email'

2023-04-03 05:41:30 - [MESSAGE][PASSED] - Text 'Test@Mail.com' is set on object 'Object Repository/Web/Register/Reg_InputText_Email'

2023-04-03 05:41:30 - [TEST_STEP][PASSED] - setText(findTestObject("Object Repository/Web/Register/Reg_InputText_Whatsapp"), "081324387267"): Text '081324387267' is set on object 'Object Repository/Web/Register/Reg_InputText_Whatsapp'

2023-04-03 05:41:31 - [MESSAGE][PASSED] - Text '081324387267' is set on object 'Object Repository/Web/Register/Reg_InputText_Whatsapp'

2023-04-03 05:41:31 - [TEST_STEP][PASSED] - setText(findTestObject("Object Repository/Web/Register/Reg_InputText_KataSandi"), "testingtesting"): Text 'testingtesting' is set on object 'Object Repository/Web/Register/Reg_InputText_KataSandi'

2023-04-03 05:41:31 - [MESSAGE][PASSED] - Text 'testingtesting' is set on object 'Object Repository/Web/Register/Reg_InputText_KataSandi'

2023-04-03 05:41:31 - [TEST_STEP][PASSED] - setText(findTestObject("Object Repository/Web/Register/Reg_InputText_KonfirmasiKataSandi"), "testingtesting"): Text 'testingtesting' is set on object 'Object Repository/Web/Register/Reg_InputText_KonfirmasiKataSandi'

2023-04-03 05:41:32 - [MESSAGE][PASSED] - Text 'testingtesting' is set on object 'Object Repository/Web/Register/Reg_InputText_KonfirmasiKataSandi'

2023-04-03 05:41:32 - [TEST_STEP][PASSED] - check(findTestObject("Object Repository/Web/Register/Reg_Checkbox_SyaratDanKetentuan")): Object 'Object Repository/Web/Register/Reg_Checkbox_SyaratDanKetentuan' is checked

2023-04-03 05:41:33 - [MESSAGE][PASSED] - Object 'Object Repository/Web/Register/Reg_Checkbox_SyaratDanKetentuan' is checked

2023-04-03 05:41:33 - [TEST_STEP][PASSED] - click(findTestObject("Object Repository/Web/Register/Reg_Button_Daftar")): Object: 'Object Repository/Web/Register/Reg_Button_Daftar' is clicked on

2023-04-03 05:41:34 - [MESSAGE][PASSED] - Object: 'Object Repository/Web/Register/Reg_Button_Daftar' is clicked on

2023-04-03 05:41:34 - [TEST_STEP][PASSED] - isValid = executeJavaScript("document.getElementById("name").reportValidity();", null): Execute JavaScript 'document.getElementById("name").reportValidity();' successfully

2023-04-03 05:41:34 - [MESSAGE][PASSED] - Execute JavaScript 'document.getElementById("name").reportValidity();' successfully

2023-04-03 05:41:34 - [TEST_STEP][PASSED] - assert !(isValid) : "Validation error should be displayed": null

2023-04-03 05:41:34 - [TEST_STEP][PASSED] - delay(5): Delayed 5 second(s)

2023-04-03 05:41:39 - [MESSAGE][PASSED] - Delayed 5 second(s)

2023-04-03 05:41:39 - [TEST_STEP][PASSED] - assert getUrl() != "https://demo-app.online/email/verify": Current window's url is: 'https://demo-app.online/daftar'

2023-04-03 05:41:39 - [MESSAGE][PASSED] - Current window's url is: 'https://demo-app.online/daftar']]></system-out>
         <system-err><![CDATA[]]></system-err>
      </testcase>
      <testcase name="Test Cases/Web/REG/REG-14" time="11.457" classname="Test Cases/Web/REG/REG-14" status="FAILED">
         <failure type="FAILED" message="Test Cases/Web/REG/REG-14 FAILED.
Reason:
com.kms.katalon.core.exception.StepFailedException: Unable to execute JavaScript.
	at com.kms.katalon.core.webui.keyword.internal.WebUIKeywordMain.stepFailed(WebUIKeywordMain.groovy:64)
	at com.kms.katalon.core.webui.keyword.internal.WebUIKeywordMain.runKeyword(WebUIKeywordMain.groovy:26)
	at com.kms.katalon.core.webui.keyword.builtin.ExecuteJavaScriptKeyword.executeJavascript(ExecuteJavascriptKeyword.groovy:42)
	at com.kms.katalon.core.webui.keyword.builtin.ExecuteJavaScriptKeyword.execute(ExecuteJavascriptKeyword.groovy:37)
	at com.kms.katalon.core.keyword.internal.KeywordExecutor.executeKeywordForPlatform(KeywordExecutor.groovy:74)
	at com.kms.katalon.core.webui.keyword.WebUiBuiltInKeywords.executeJavaScript(WebUiBuiltInKeywords.groovy:4873)
	at com.kms.katalon.core.webui.keyword.WebUiBuiltInKeywords$executeJavaScript$5.call(Unknown Source)
	at REG-14.run(REG-14:42)
	at com.kms.katalon.core.main.ScriptEngine.run(ScriptEngine.java:194)
	at com.kms.katalon.core.main.ScriptEngine.runScriptAsRawText(ScriptEngine.java:119)
	at com.kms.katalon.core.main.TestCaseExecutor.runScript(TestCaseExecutor.java:448)
	at com.kms.katalon.core.main.TestCaseExecutor.doExecute(TestCaseExecutor.java:439)
	at com.kms.katalon.core.main.TestCaseExecutor.processExecutionPhase(TestCaseExecutor.java:418)
	at com.kms.katalon.core.main.TestCaseExecutor.accessMainPhase(TestCaseExecutor.java:410)
	at com.kms.katalon.core.main.TestCaseExecutor.execute(TestCaseExecutor.java:285)
	at com.kms.katalon.core.common.CommonExecutor.accessTestCaseMainPhase(CommonExecutor.java:65)
	at com.kms.katalon.core.main.TestSuiteExecutor.accessTestSuiteMainPhase(TestSuiteExecutor.java:151)
	at com.kms.katalon.core.main.TestSuiteExecutor.execute(TestSuiteExecutor.java:106)
	at com.kms.katalon.core.main.TestCaseMain.startTestSuite(TestCaseMain.java:185)
	at com.kms.katalon.core.main.TestCaseMain$startTestSuite$0.call(Unknown Source)
	at TempTestSuite1680475136875.run(TempTestSuite1680475136875.groovy:36)
Caused by: org.openqa.selenium.JavascriptException: javascript error: Cannot read properties of null (reading 'reportValidity')
  (Session info: chrome=111.0.5563.147)
Build info: version: '3.141.59', revision: 'e82be7d358', time: '2018-11-14T08:25:53'
System info: host: 'RED', ip: '192.168.203.1', os.name: 'Windows 10', os.arch: 'amd64', os.version: '10.0', java.version: '1.8.0_282'
Driver info: com.kms.katalon.selenium.driver.CChromeDriver
Capabilities {acceptInsecureCerts: false, browserName: chrome, browserVersion: 111.0.5563.147, chrome: {chromedriverVersion: 111.0.5563.64 (c710e93d5b63..., userDataDir: C:\Users\rizki\AppData\Loca...}, goog:chromeOptions: {debuggerAddress: localhost:53738}, javascriptEnabled: true, networkConnectionEnabled: false, pageLoadStrategy: normal, platform: WINDOWS, platformName: WINDOWS, proxy: Proxy(), setWindowRect: true, strictFileInteractability: false, timeouts: {implicit: 0, pageLoad: 300000, script: 30000}, unhandledPromptBehavior: dismiss and notify, webauthn:extension:credBlob: true, webauthn:extension:largeBlob: true, webauthn:extension:minPinLength: true, webauthn:extension:prf: true, webauthn:virtualAuthenticators: true}
Session ID: a540af7ed3786de5029ea073d1de2964
	at org.openqa.selenium.remote.http.W3CHttpResponseCodec.createException(W3CHttpResponseCodec.java:187)
	at org.openqa.selenium.remote.http.W3CHttpResponseCodec.decode(W3CHttpResponseCodec.java:122)
	at org.openqa.selenium.remote.http.W3CHttpResponseCodec.decode(W3CHttpResponseCodec.java:49)
	at org.openqa.selenium.remote.HttpCommandExecutor.execute(HttpCommandExecutor.java:158)
	at org.openqa.selenium.remote.service.DriverCommandExecutor.execute(DriverCommandExecutor.java:83)
	at org.openqa.selenium.remote.RemoteWebDriver.execute(RemoteWebDriver.java:552)
	at com.kms.katalon.selenium.driver.CChromeDriver.execute(CChromeDriver.java:19)
	at org.openqa.selenium.remote.RemoteWebDriver.executeScript(RemoteWebDriver.java:489)
	at org.openqa.selenium.support.events.EventFiringWebDriver.lambda$new$1(EventFiringWebDriver.java:105)
	at com.sun.proxy.$Proxy10.executeScript(Unknown Source)
	at org.openqa.selenium.support.events.EventFiringWebDriver.executeScript(EventFiringWebDriver.java:229)
	at com.kms.katalon.core.webui.keyword.builtin.ExecuteJavaScriptKeyword$_executeJavascript_closure1.doCall(ExecuteJavascriptKeyword.groovy:48)
	at com.kms.katalon.core.webui.keyword.builtin.ExecuteJavaScriptKeyword$_executeJavascript_closure1.call(ExecuteJavascriptKeyword.groovy)
	at com.kms.katalon.core.webui.keyword.internal.WebUIKeywordMain.runKeyword(WebUIKeywordMain.groovy:20)
	... 19 more
"/>
         <system-out><![CDATA[2023-04-03 05:41:39 - [TEST_CASE][FAILED] - Test Cases/Web/REG/REG-14: Test Cases/Web/REG/REG-14 FAILED.
Reason:
com.kms.katalon.core.exception.StepFailedException: Unable to execute JavaScript.
	at com.kms.katalon.core.webui.keyword.internal.WebUIKeywordMain.stepFailed(WebUIKeywordMain.groovy:64)
	at com.kms.katalon.core.webui.keyword.internal.WebUIKeywordMain.runKeyword(WebUIKeywordMain.groovy:26)
	at com.kms.katalon.core.webui.keyword.builtin.ExecuteJavaScriptKeyword.executeJavascript(ExecuteJavascriptKeyword.groovy:42)
	at com.kms.katalon.core.webui.keyword.builtin.ExecuteJavaScriptKeyword.execute(ExecuteJavascriptKeyword.groovy:37)
	at com.kms.katalon.core.keyword.internal.KeywordExecutor.executeKeywordForPlatform(KeywordExecutor.groovy:74)
	at com.kms.katalon.core.webui.keyword.WebUiBuiltInKeywords.executeJavaScript(WebUiBuiltInKeywords.groovy:4873)
	at com.kms.katalon.core.webui.keyword.WebUiBuiltInKeywords$executeJavaScript$5.call(Unknown Source)
	at REG-14.run(REG-14:42)
	at com.kms.katalon.core.main.ScriptEngine.run(ScriptEngine.java:194)
	at com.kms.katalon.core.main.ScriptEngine.runScriptAsRawText(ScriptEngine.java:119)
	at com.kms.katalon.core.main.TestCaseExecutor.runScript(TestCaseExecutor.java:448)
	at com.kms.katalon.core.main.TestCaseExecutor.doExecute(TestCaseExecutor.java:439)
	at com.kms.katalon.core.main.TestCaseExecutor.processExecutionPhase(TestCaseExecutor.java:418)
	at com.kms.katalon.core.main.TestCaseExecutor.accessMainPhase(TestCaseExecutor.java:410)
	at com.kms.katalon.core.main.TestCaseExecutor.execute(TestCaseExecutor.java:285)
	at com.kms.katalon.core.common.CommonExecutor.accessTestCaseMainPhase(CommonExecutor.java:65)
	at com.kms.katalon.core.main.TestSuiteExecutor.accessTestSuiteMainPhase(TestSuiteExecutor.java:151)
	at com.kms.katalon.core.main.TestSuiteExecutor.execute(TestSuiteExecutor.java:106)
	at com.kms.katalon.core.main.TestCaseMain.startTestSuite(TestCaseMain.java:185)
	at com.kms.katalon.core.main.TestCaseMain$startTestSuite$0.call(Unknown Source)
	at TempTestSuite1680475136875.run(TempTestSuite1680475136875.groovy:36)
Caused by: org.openqa.selenium.JavascriptException: javascript error: Cannot read properties of null (reading 'reportValidity')
  (Session info: chrome=111.0.5563.147)
Build info: version: '3.141.59', revision: 'e82be7d358', time: '2018-11-14T08:25:53'
System info: host: 'RED', ip: '192.168.203.1', os.name: 'Windows 10', os.arch: 'amd64', os.version: '10.0', java.version: '1.8.0_282'
Driver info: com.kms.katalon.selenium.driver.CChromeDriver
Capabilities {acceptInsecureCerts: false, browserName: chrome, browserVersion: 111.0.5563.147, chrome: {chromedriverVersion: 111.0.5563.64 (c710e93d5b63..., userDataDir: C:\Users\rizki\AppData\Loca...}, goog:chromeOptions: {debuggerAddress: localhost:53738}, javascriptEnabled: true, networkConnectionEnabled: false, pageLoadStrategy: normal, platform: WINDOWS, platformName: WINDOWS, proxy: Proxy(), setWindowRect: true, strictFileInteractability: false, timeouts: {implicit: 0, pageLoad: 300000, script: 30000}, unhandledPromptBehavior: dismiss and notify, webauthn:extension:credBlob: true, webauthn:extension:largeBlob: true, webauthn:extension:minPinLength: true, webauthn:extension:prf: true, webauthn:virtualAuthenticators: true}
Session ID: a540af7ed3786de5029ea073d1de2964
	at org.openqa.selenium.remote.http.W3CHttpResponseCodec.createException(W3CHttpResponseCodec.java:187)
	at org.openqa.selenium.remote.http.W3CHttpResponseCodec.decode(W3CHttpResponseCodec.java:122)
	at org.openqa.selenium.remote.http.W3CHttpResponseCodec.decode(W3CHttpResponseCodec.java:49)
	at org.openqa.selenium.remote.HttpCommandExecutor.execute(HttpCommandExecutor.java:158)
	at org.openqa.selenium.remote.service.DriverCommandExecutor.execute(DriverCommandExecutor.java:83)
	at org.openqa.selenium.remote.RemoteWebDriver.execute(RemoteWebDriver.java:552)
	at com.kms.katalon.selenium.driver.CChromeDriver.execute(CChromeDriver.java:19)
	at org.openqa.selenium.remote.RemoteWebDriver.executeScript(RemoteWebDriver.java:489)
	at org.openqa.selenium.support.events.EventFiringWebDriver.lambda$new$1(EventFiringWebDriver.java:105)
	at com.sun.proxy.$Proxy10.executeScript(Unknown Source)
	at org.openqa.selenium.support.events.EventFiringWebDriver.executeScript(EventFiringWebDriver.java:229)
	at com.kms.katalon.core.webui.keyword.builtin.ExecuteJavaScriptKeyword$_executeJavascript_closure1.doCall(ExecuteJavascriptKeyword.groovy:48)
	at com.kms.katalon.core.webui.keyword.builtin.ExecuteJavaScriptKeyword$_executeJavascript_closure1.call(ExecuteJavascriptKeyword.groovy)
	at com.kms.katalon.core.webui.keyword.internal.WebUIKeywordMain.runKeyword(WebUIKeywordMain.groovy:20)
	... 19 more


2023-04-03 05:41:39 - [TEST_STEP][PASSED] - openBrowser(""): Browser is opened with url: ''

2023-04-03 05:41:39 - [MESSAGE][WARNING] - A browser is already opened. Closing browser and opening a new one

2023-04-03 05:41:40 - [MESSAGE][INFO] - Starting 'Chrome' driver

2023-04-03 05:41:40 - [MESSAGE][INFO] - Action delay is set to 0 milliseconds

2023-04-03 05:41:41 - [MESSAGE][PASSED] - Browser is opened with url: ''

2023-04-03 05:41:41 - [TEST_STEP][PASSED] - navigateToUrl("https://demo-app.online/daftar"): Navigate to 'https://demo-app.online/daftar' successfully

2023-04-03 05:41:43 - [MESSAGE][PASSED] - Navigate to 'https://demo-app.online/daftar' successfully

2023-04-03 05:41:43 - [TEST_STEP][PASSED] - setText(findTestObject("Object Repository/Web/Register/Reg_InputText_Nama"), "R!zk! Kh@erul"): Text 'R!zk! Kh@erul' is set on object 'Object Repository/Web/Register/Reg_InputText_Nama'

2023-04-03 05:41:44 - [MESSAGE][PASSED] - Text 'R!zk! Kh@erul' is set on object 'Object Repository/Web/Register/Reg_InputText_Nama'

2023-04-03 05:41:44 - [TEST_STEP][PASSED] - setText(findTestObject("Object Repository/Web/Register/Reg_InputText_BirthDay"), "18-Feb-1997"): Text '18-Feb-1997' is set on object 'Object Repository/Web/Register/Reg_InputText_BirthDay'

2023-04-03 05:41:44 - [MESSAGE][PASSED] - Text '18-Feb-1997' is set on object 'Object Repository/Web/Register/Reg_InputText_BirthDay'

2023-04-03 05:41:44 - [TEST_STEP][PASSED] - setText(findTestObject("Object Repository/Web/Register/Reg_InputText_Email"), "Test@Mail.com"): Text 'Test@Mail.com' is set on object 'Object Repository/Web/Register/Reg_InputText_Email'

2023-04-03 05:41:45 - [MESSAGE][PASSED] - Text 'Test@Mail.com' is set on object 'Object Repository/Web/Register/Reg_InputText_Email'

2023-04-03 05:41:45 - [TEST_STEP][PASSED] - setText(findTestObject("Object Repository/Web/Register/Reg_InputText_Whatsapp"), "081324387267"): Text '081324387267' is set on object 'Object Repository/Web/Register/Reg_InputText_Whatsapp'

2023-04-03 05:41:46 - [MESSAGE][PASSED] - Text '081324387267' is set on object 'Object Repository/Web/Register/Reg_InputText_Whatsapp'

2023-04-03 05:41:46 - [TEST_STEP][PASSED] - setText(findTestObject("Object Repository/Web/Register/Reg_InputText_KataSandi"), "testingtesting"): Text 'testingtesting' is set on object 'Object Repository/Web/Register/Reg_InputText_KataSandi'

2023-04-03 05:41:47 - [MESSAGE][PASSED] - Text 'testingtesting' is set on object 'Object Repository/Web/Register/Reg_InputText_KataSandi'

2023-04-03 05:41:47 - [TEST_STEP][PASSED] - setText(findTestObject("Object Repository/Web/Register/Reg_InputText_KonfirmasiKataSandi"), "testingtesting"): Text 'testingtesting' is set on object 'Object Repository/Web/Register/Reg_InputText_KonfirmasiKataSandi'

2023-04-03 05:41:47 - [MESSAGE][PASSED] - Text 'testingtesting' is set on object 'Object Repository/Web/Register/Reg_InputText_KonfirmasiKataSandi'

2023-04-03 05:41:47 - [TEST_STEP][PASSED] - check(findTestObject("Object Repository/Web/Register/Reg_Checkbox_SyaratDanKetentuan")): Object 'Object Repository/Web/Register/Reg_Checkbox_SyaratDanKetentuan' is checked

2023-04-03 05:41:48 - [MESSAGE][PASSED] - Object 'Object Repository/Web/Register/Reg_Checkbox_SyaratDanKetentuan' is checked

2023-04-03 05:41:48 - [TEST_STEP][PASSED] - click(findTestObject("Object Repository/Web/Register/Reg_Button_Daftar")): Object: 'Object Repository/Web/Register/Reg_Button_Daftar' is clicked on

2023-04-03 05:41:50 - [MESSAGE][PASSED] - Object: 'Object Repository/Web/Register/Reg_Button_Daftar' is clicked on

2023-04-03 05:41:50 - [TEST_STEP][FAILED] - isValid = executeJavaScript("document.getElementById("name").reportValidity();", null): Unable to execute JavaScript. (Root cause: com.kms.katalon.core.exception.StepFailedException: Unable to execute JavaScript.
	at com.kms.katalon.core.webui.keyword.internal.WebUIKeywordMain.stepFailed(WebUIKeywordMain.groovy:64)
	at com.kms.katalon.core.webui.keyword.internal.WebUIKeywordMain.runKeyword(WebUIKeywordMain.groovy:26)
	at com.kms.katalon.core.webui.keyword.builtin.ExecuteJavaScriptKeyword.executeJavascript(ExecuteJavascriptKeyword.groovy:42)
	at com.kms.katalon.core.webui.keyword.builtin.ExecuteJavaScriptKeyword.execute(ExecuteJavascriptKeyword.groovy:37)
	at com.kms.katalon.core.keyword.internal.KeywordExecutor.executeKeywordForPlatform(KeywordExecutor.groovy:74)
	at com.kms.katalon.core.webui.keyword.WebUiBuiltInKeywords.executeJavaScript(WebUiBuiltInKeywords.groovy:4873)
	at com.kms.katalon.core.webui.keyword.WebUiBuiltInKeywords$executeJavaScript$5.call(Unknown Source)
	at REG-14.run(REG-14:42)
	at com.kms.katalon.core.main.ScriptEngine.run(ScriptEngine.java:194)
	at com.kms.katalon.core.main.ScriptEngine.runScriptAsRawText(ScriptEngine.java:119)
	at com.kms.katalon.core.main.TestCaseExecutor.runScript(TestCaseExecutor.java:448)
	at com.kms.katalon.core.main.TestCaseExecutor.doExecute(TestCaseExecutor.java:439)
	at com.kms.katalon.core.main.TestCaseExecutor.processExecutionPhase(TestCaseExecutor.java:418)
	at com.kms.katalon.core.main.TestCaseExecutor.accessMainPhase(TestCaseExecutor.java:410)
	at com.kms.katalon.core.main.TestCaseExecutor.execute(TestCaseExecutor.java:285)
	at com.kms.katalon.core.common.CommonExecutor.accessTestCaseMainPhase(CommonExecutor.java:65)
	at com.kms.katalon.core.main.TestSuiteExecutor.accessTestSuiteMainPhase(TestSuiteExecutor.java:151)
	at com.kms.katalon.core.main.TestSuiteExecutor.execute(TestSuiteExecutor.java:106)
	at com.kms.katalon.core.main.TestCaseMain.startTestSuite(TestCaseMain.java:185)
	at com.kms.katalon.core.main.TestCaseMain$startTestSuite$0.call(Unknown Source)
	at TempTestSuite1680475136875.run(TempTestSuite1680475136875.groovy:36)
Caused by: org.openqa.selenium.JavascriptException: javascript error: Cannot read properties of null (reading 'reportValidity')
  (Session info: chrome=111.0.5563.147)
Build info: version: '3.141.59', revision: 'e82be7d358', time: '2018-11-14T08:25:53'
System info: host: 'RED', ip: '192.168.203.1', os.name: 'Windows 10', os.arch: 'amd64', os.version: '10.0', java.version: '1.8.0_282'
Driver info: com.kms.katalon.selenium.driver.CChromeDriver
Capabilities {acceptInsecureCerts: false, browserName: chrome, browserVersion: 111.0.5563.147, chrome: {chromedriverVersion: 111.0.5563.64 (c710e93d5b63..., userDataDir: C:\Users\rizki\AppData\Loca...}, goog:chromeOptions: {debuggerAddress: localhost:53738}, javascriptEnabled: true, networkConnectionEnabled: false, pageLoadStrategy: normal, platform: WINDOWS, platformName: WINDOWS, proxy: Proxy(), setWindowRect: true, strictFileInteractability: false, timeouts: {implicit: 0, pageLoad: 300000, script: 30000}, unhandledPromptBehavior: dismiss and notify, webauthn:extension:credBlob: true, webauthn:extension:largeBlob: true, webauthn:extension:minPinLength: true, webauthn:extension:prf: true, webauthn:virtualAuthenticators: true}
Session ID: a540af7ed3786de5029ea073d1de2964
	at org.openqa.selenium.remote.http.W3CHttpResponseCodec.createException(W3CHttpResponseCodec.java:187)
	at org.openqa.selenium.remote.http.W3CHttpResponseCodec.decode(W3CHttpResponseCodec.java:122)
	at org.openqa.selenium.remote.http.W3CHttpResponseCodec.decode(W3CHttpResponseCodec.java:49)
	at org.openqa.selenium.remote.HttpCommandExecutor.execute(HttpCommandExecutor.java:158)
	at org.openqa.selenium.remote.service.DriverCommandExecutor.execute(DriverCommandExecutor.java:83)
	at org.openqa.selenium.remote.RemoteWebDriver.execute(RemoteWebDriver.java:552)
	at com.kms.katalon.selenium.driver.CChromeDriver.execute(CChromeDriver.java:19)
	at org.openqa.selenium.remote.RemoteWebDriver.executeScript(RemoteWebDriver.java:489)
	at org.openqa.selenium.support.events.EventFiringWebDriver.lambda$new$1(EventFiringWebDriver.java:105)
	at com.sun.proxy.$Proxy10.executeScript(Unknown Source)
	at org.openqa.selenium.support.events.EventFiringWebDriver.executeScript(EventFiringWebDriver.java:229)
	at com.kms.katalon.core.webui.keyword.builtin.ExecuteJavaScriptKeyword$_executeJavascript_closure1.doCall(ExecuteJavascriptKeyword.groovy:48)
	at com.kms.katalon.core.webui.keyword.builtin.ExecuteJavaScriptKeyword$_executeJavascript_closure1.call(ExecuteJavascriptKeyword.groovy)
	at com.kms.katalon.core.webui.keyword.internal.WebUIKeywordMain.runKeyword(WebUIKeywordMain.groovy:20)
	at com.kms.katalon.core.webui.keyword.builtin.ExecuteJavaScriptKeyword.executeJavascript(ExecuteJavascriptKeyword.groovy:42)
	at com.kms.katalon.core.webui.keyword.builtin.ExecuteJavaScriptKeyword.execute(ExecuteJavascriptKeyword.groovy:37)
	at com.kms.katalon.core.keyword.internal.KeywordExecutor.executeKeywordForPlatform(KeywordExecutor.groovy:74)
	at com.kms.katalon.core.webui.keyword.WebUiBuiltInKeywords.executeJavaScript(WebUiBuiltInKeywords.groovy:4873)
	at com.kms.katalon.core.webui.keyword.WebUiBuiltInKeywords$executeJavaScript$5.call(Unknown Source)
	at Script1680060228107.run(Script1680060228107.groovy:42)
	... 13 more
)

2023-04-03 05:41:50 - [MESSAGE][FAILED] - Unable to execute JavaScript. (Root cause: com.kms.katalon.core.exception.StepFailedException: Unable to execute JavaScript.
	at com.kms.katalon.core.webui.keyword.internal.WebUIKeywordMain.stepFailed(WebUIKeywordMain.groovy:64)
	at com.kms.katalon.core.webui.keyword.internal.WebUIKeywordMain.runKeyword(WebUIKeywordMain.groovy:26)
	at com.kms.katalon.core.webui.keyword.builtin.ExecuteJavaScriptKeyword.executeJavascript(ExecuteJavascriptKeyword.groovy:42)
	at com.kms.katalon.core.webui.keyword.builtin.ExecuteJavaScriptKeyword.execute(ExecuteJavascriptKeyword.groovy:37)
	at com.kms.katalon.core.keyword.internal.KeywordExecutor.executeKeywordForPlatform(KeywordExecutor.groovy:74)
	at com.kms.katalon.core.webui.keyword.WebUiBuiltInKeywords.executeJavaScript(WebUiBuiltInKeywords.groovy:4873)
	at com.kms.katalon.core.webui.keyword.WebUiBuiltInKeywords$executeJavaScript$5.call(Unknown Source)
	at REG-14.run(REG-14:42)
	at com.kms.katalon.core.main.ScriptEngine.run(ScriptEngine.java:194)
	at com.kms.katalon.core.main.ScriptEngine.runScriptAsRawText(ScriptEngine.java:119)
	at com.kms.katalon.core.main.TestCaseExecutor.runScript(TestCaseExecutor.java:448)
	at com.kms.katalon.core.main.TestCaseExecutor.doExecute(TestCaseExecutor.java:439)
	at com.kms.katalon.core.main.TestCaseExecutor.processExecutionPhase(TestCaseExecutor.java:418)
	at com.kms.katalon.core.main.TestCaseExecutor.accessMainPhase(TestCaseExecutor.java:410)
	at com.kms.katalon.core.main.TestCaseExecutor.execute(TestCaseExecutor.java:285)
	at com.kms.katalon.core.common.CommonExecutor.accessTestCaseMainPhase(CommonExecutor.java:65)
	at com.kms.katalon.core.main.TestSuiteExecutor.accessTestSuiteMainPhase(TestSuiteExecutor.java:151)
	at com.kms.katalon.core.main.TestSuiteExecutor.execute(TestSuiteExecutor.java:106)
	at com.kms.katalon.core.main.TestCaseMain.startTestSuite(TestCaseMain.java:185)
	at com.kms.katalon.core.main.TestCaseMain$startTestSuite$0.call(Unknown Source)
	at TempTestSuite1680475136875.run(TempTestSuite1680475136875.groovy:36)
Caused by: org.openqa.selenium.JavascriptException: javascript error: Cannot read properties of null (reading 'reportValidity')
  (Session info: chrome=111.0.5563.147)
Build info: version: '3.141.59', revision: 'e82be7d358', time: '2018-11-14T08:25:53'
System info: host: 'RED', ip: '192.168.203.1', os.name: 'Windows 10', os.arch: 'amd64', os.version: '10.0', java.version: '1.8.0_282'
Driver info: com.kms.katalon.selenium.driver.CChromeDriver
Capabilities {acceptInsecureCerts: false, browserName: chrome, browserVersion: 111.0.5563.147, chrome: {chromedriverVersion: 111.0.5563.64 (c710e93d5b63..., userDataDir: C:\Users\rizki\AppData\Loca...}, goog:chromeOptions: {debuggerAddress: localhost:53738}, javascriptEnabled: true, networkConnectionEnabled: false, pageLoadStrategy: normal, platform: WINDOWS, platformName: WINDOWS, proxy: Proxy(), setWindowRect: true, strictFileInteractability: false, timeouts: {implicit: 0, pageLoad: 300000, script: 30000}, unhandledPromptBehavior: dismiss and notify, webauthn:extension:credBlob: true, webauthn:extension:largeBlob: true, webauthn:extension:minPinLength: true, webauthn:extension:prf: true, webauthn:virtualAuthenticators: true}
Session ID: a540af7ed3786de5029ea073d1de2964
	at org.openqa.selenium.remote.http.W3CHttpResponseCodec.createException(W3CHttpResponseCodec.java:187)
	at org.openqa.selenium.remote.http.W3CHttpResponseCodec.decode(W3CHttpResponseCodec.java:122)
	at org.openqa.selenium.remote.http.W3CHttpResponseCodec.decode(W3CHttpResponseCodec.java:49)
	at org.openqa.selenium.remote.HttpCommandExecutor.execute(HttpCommandExecutor.java:158)
	at org.openqa.selenium.remote.service.DriverCommandExecutor.execute(DriverCommandExecutor.java:83)
	at org.openqa.selenium.remote.RemoteWebDriver.execute(RemoteWebDriver.java:552)
	at com.kms.katalon.selenium.driver.CChromeDriver.execute(CChromeDriver.java:19)
	at org.openqa.selenium.remote.RemoteWebDriver.executeScript(RemoteWebDriver.java:489)
	at org.openqa.selenium.support.events.EventFiringWebDriver.lambda$new$1(EventFiringWebDriver.java:105)
	at com.sun.proxy.$Proxy10.executeScript(Unknown Source)
	at org.openqa.selenium.support.events.EventFiringWebDriver.executeScript(EventFiringWebDriver.java:229)
	at com.kms.katalon.core.webui.keyword.builtin.ExecuteJavaScriptKeyword$_executeJavascript_closure1.doCall(ExecuteJavascriptKeyword.groovy:48)
	at com.kms.katalon.core.webui.keyword.builtin.ExecuteJavaScriptKeyword$_executeJavascript_closure1.call(ExecuteJavascriptKeyword.groovy)
	at com.kms.katalon.core.webui.keyword.internal.WebUIKeywordMain.runKeyword(WebUIKeywordMain.groovy:20)
	at com.kms.katalon.core.webui.keyword.builtin.ExecuteJavaScriptKeyword.executeJavascript(ExecuteJavascriptKeyword.groovy:42)
	at com.kms.katalon.core.webui.keyword.builtin.ExecuteJavaScriptKeyword.execute(ExecuteJavascriptKeyword.groovy:37)
	at com.kms.katalon.core.keyword.internal.KeywordExecutor.executeKeywordForPlatform(KeywordExecutor.groovy:74)
	at com.kms.katalon.core.webui.keyword.WebUiBuiltInKeywords.executeJavaScript(WebUiBuiltInKeywords.groovy:4873)
	at com.kms.katalon.core.webui.keyword.WebUiBuiltInKeywords$executeJavaScript$5.call(Unknown Source)
	at Script1680060228107.run(Script1680060228107.groovy:42)
	... 13 more
)
[[ATTACHMENT|C:\\Users\\rizki\\git\\CodingID-QA\\Reports\\20230403_053856\\WEB\\REG\\20230403_053856\\1680475310526.png]]]]></system-out>
         <system-err><![CDATA[2023-04-03 05:41:39 - [TEST_CASE][FAILED] - Test Cases/Web/REG/REG-14: Test Cases/Web/REG/REG-14 FAILED.
Reason:
com.kms.katalon.core.exception.StepFailedException: Unable to execute JavaScript.
	at com.kms.katalon.core.webui.keyword.internal.WebUIKeywordMain.stepFailed(WebUIKeywordMain.groovy:64)
	at com.kms.katalon.core.webui.keyword.internal.WebUIKeywordMain.runKeyword(WebUIKeywordMain.groovy:26)
	at com.kms.katalon.core.webui.keyword.builtin.ExecuteJavaScriptKeyword.executeJavascript(ExecuteJavascriptKeyword.groovy:42)
	at com.kms.katalon.core.webui.keyword.builtin.ExecuteJavaScriptKeyword.execute(ExecuteJavascriptKeyword.groovy:37)
	at com.kms.katalon.core.keyword.internal.KeywordExecutor.executeKeywordForPlatform(KeywordExecutor.groovy:74)
	at com.kms.katalon.core.webui.keyword.WebUiBuiltInKeywords.executeJavaScript(WebUiBuiltInKeywords.groovy:4873)
	at com.kms.katalon.core.webui.keyword.WebUiBuiltInKeywords$executeJavaScript$5.call(Unknown Source)
	at REG-14.run(REG-14:42)
	at com.kms.katalon.core.main.ScriptEngine.run(ScriptEngine.java:194)
	at com.kms.katalon.core.main.ScriptEngine.runScriptAsRawText(ScriptEngine.java:119)
	at com.kms.katalon.core.main.TestCaseExecutor.runScript(TestCaseExecutor.java:448)
	at com.kms.katalon.core.main.TestCaseExecutor.doExecute(TestCaseExecutor.java:439)
	at com.kms.katalon.core.main.TestCaseExecutor.processExecutionPhase(TestCaseExecutor.java:418)
	at com.kms.katalon.core.main.TestCaseExecutor.accessMainPhase(TestCaseExecutor.java:410)
	at com.kms.katalon.core.main.TestCaseExecutor.execute(TestCaseExecutor.java:285)
	at com.kms.katalon.core.common.CommonExecutor.accessTestCaseMainPhase(CommonExecutor.java:65)
	at com.kms.katalon.core.main.TestSuiteExecutor.accessTestSuiteMainPhase(TestSuiteExecutor.java:151)
	at com.kms.katalon.core.main.TestSuiteExecutor.execute(TestSuiteExecutor.java:106)
	at com.kms.katalon.core.main.TestCaseMain.startTestSuite(TestCaseMain.java:185)
	at com.kms.katalon.core.main.TestCaseMain$startTestSuite$0.call(Unknown Source)
	at TempTestSuite1680475136875.run(TempTestSuite1680475136875.groovy:36)
Caused by: org.openqa.selenium.JavascriptException: javascript error: Cannot read properties of null (reading 'reportValidity')
  (Session info: chrome=111.0.5563.147)
Build info: version: '3.141.59', revision: 'e82be7d358', time: '2018-11-14T08:25:53'
System info: host: 'RED', ip: '192.168.203.1', os.name: 'Windows 10', os.arch: 'amd64', os.version: '10.0', java.version: '1.8.0_282'
Driver info: com.kms.katalon.selenium.driver.CChromeDriver
Capabilities {acceptInsecureCerts: false, browserName: chrome, browserVersion: 111.0.5563.147, chrome: {chromedriverVersion: 111.0.5563.64 (c710e93d5b63..., userDataDir: C:\Users\rizki\AppData\Loca...}, goog:chromeOptions: {debuggerAddress: localhost:53738}, javascriptEnabled: true, networkConnectionEnabled: false, pageLoadStrategy: normal, platform: WINDOWS, platformName: WINDOWS, proxy: Proxy(), setWindowRect: true, strictFileInteractability: false, timeouts: {implicit: 0, pageLoad: 300000, script: 30000}, unhandledPromptBehavior: dismiss and notify, webauthn:extension:credBlob: true, webauthn:extension:largeBlob: true, webauthn:extension:minPinLength: true, webauthn:extension:prf: true, webauthn:virtualAuthenticators: true}
Session ID: a540af7ed3786de5029ea073d1de2964
	at org.openqa.selenium.remote.http.W3CHttpResponseCodec.createException(W3CHttpResponseCodec.java:187)
	at org.openqa.selenium.remote.http.W3CHttpResponseCodec.decode(W3CHttpResponseCodec.java:122)
	at org.openqa.selenium.remote.http.W3CHttpResponseCodec.decode(W3CHttpResponseCodec.java:49)
	at org.openqa.selenium.remote.HttpCommandExecutor.execute(HttpCommandExecutor.java:158)
	at org.openqa.selenium.remote.service.DriverCommandExecutor.execute(DriverCommandExecutor.java:83)
	at org.openqa.selenium.remote.RemoteWebDriver.execute(RemoteWebDriver.java:552)
	at com.kms.katalon.selenium.driver.CChromeDriver.execute(CChromeDriver.java:19)
	at org.openqa.selenium.remote.RemoteWebDriver.executeScript(RemoteWebDriver.java:489)
	at org.openqa.selenium.support.events.EventFiringWebDriver.lambda$new$1(EventFiringWebDriver.java:105)
	at com.sun.proxy.$Proxy10.executeScript(Unknown Source)
	at org.openqa.selenium.support.events.EventFiringWebDriver.executeScript(EventFiringWebDriver.java:229)
	at com.kms.katalon.core.webui.keyword.builtin.ExecuteJavaScriptKeyword$_executeJavascript_closure1.doCall(ExecuteJavascriptKeyword.groovy:48)
	at com.kms.katalon.core.webui.keyword.builtin.ExecuteJavaScriptKeyword$_executeJavascript_closure1.call(ExecuteJavascriptKeyword.groovy)
	at com.kms.katalon.core.webui.keyword.internal.WebUIKeywordMain.runKeyword(WebUIKeywordMain.groovy:20)
	... 19 more]]></system-err>
      </testcase>
      <testcase name="Test Cases/Web/REG/REG-15" time="15.661" classname="Test Cases/Web/REG/REG-15" status="PASSED">
         <system-out><![CDATA[2023-04-03 05:41:50 - [TEST_CASE][PASSED] - Test Cases/Web/REG/REG-15: Test Cases/Web/REG/REG-15

2023-04-03 05:41:51 - [TEST_STEP][PASSED] - openBrowser(""): Browser is opened with url: ''

2023-04-03 05:41:51 - [MESSAGE][WARNING] - A browser is already opened. Closing browser and opening a new one

2023-04-03 05:41:51 - [MESSAGE][INFO] - Starting 'Chrome' driver

2023-04-03 05:41:51 - [MESSAGE][INFO] - Action delay is set to 0 milliseconds

2023-04-03 05:41:53 - [MESSAGE][PASSED] - Browser is opened with url: ''

2023-04-03 05:41:53 - [TEST_STEP][PASSED] - navigateToUrl("https://demo-app.online/daftar"): Navigate to 'https://demo-app.online/daftar' successfully

2023-04-03 05:41:54 - [MESSAGE][PASSED] - Navigate to 'https://demo-app.online/daftar' successfully

2023-04-03 05:41:54 - [TEST_STEP][PASSED] - setText(findTestObject("Object Repository/Web/Register/Reg_InputText_Nama"), "Lorem ipsum dolor sit amet consectetur adipiscing elit"): Text 'Lorem ipsum dolor sit amet consectetur adipiscing elit' is set on object 'Object Repository/Web/Register/Reg_InputText_Nama'

2023-04-03 05:41:55 - [MESSAGE][PASSED] - Text 'Lorem ipsum dolor sit amet consectetur adipiscing elit' is set on object 'Object Repository/Web/Register/Reg_InputText_Nama'

2023-04-03 05:41:55 - [TEST_STEP][PASSED] - setText(findTestObject("Object Repository/Web/Register/Reg_InputText_BirthDay"), "18-Feb-1997"): Text '18-Feb-1997' is set on object 'Object Repository/Web/Register/Reg_InputText_BirthDay'

2023-04-03 05:41:56 - [MESSAGE][PASSED] - Text '18-Feb-1997' is set on object 'Object Repository/Web/Register/Reg_InputText_BirthDay'

2023-04-03 05:41:56 - [TEST_STEP][PASSED] - setText(findTestObject("Object Repository/Web/Register/Reg_InputText_Email"), "Test@Mail.com"): Text 'Test@Mail.com' is set on object 'Object Repository/Web/Register/Reg_InputText_Email'

2023-04-03 05:41:57 - [MESSAGE][PASSED] - Text 'Test@Mail.com' is set on object 'Object Repository/Web/Register/Reg_InputText_Email'

2023-04-03 05:41:57 - [TEST_STEP][PASSED] - setText(findTestObject("Object Repository/Web/Register/Reg_InputText_Whatsapp"), "081324387267"): Text '081324387267' is set on object 'Object Repository/Web/Register/Reg_InputText_Whatsapp'

2023-04-03 05:41:58 - [MESSAGE][PASSED] - Text '081324387267' is set on object 'Object Repository/Web/Register/Reg_InputText_Whatsapp'

2023-04-03 05:41:58 - [TEST_STEP][PASSED] - setText(findTestObject("Object Repository/Web/Register/Reg_InputText_KataSandi"), "testingtesting"): Text 'testingtesting' is set on object 'Object Repository/Web/Register/Reg_InputText_KataSandi'

2023-04-03 05:41:59 - [MESSAGE][PASSED] - Text 'testingtesting' is set on object 'Object Repository/Web/Register/Reg_InputText_KataSandi'

2023-04-03 05:41:59 - [TEST_STEP][PASSED] - setText(findTestObject("Object Repository/Web/Register/Reg_InputText_KonfirmasiKataSandi"), "testingtesting"): Text 'testingtesting' is set on object 'Object Repository/Web/Register/Reg_InputText_KonfirmasiKataSandi'

2023-04-03 05:41:59 - [MESSAGE][PASSED] - Text 'testingtesting' is set on object 'Object Repository/Web/Register/Reg_InputText_KonfirmasiKataSandi'

2023-04-03 05:41:59 - [TEST_STEP][PASSED] - check(findTestObject("Object Repository/Web/Register/Reg_Checkbox_SyaratDanKetentuan")): Object 'Object Repository/Web/Register/Reg_Checkbox_SyaratDanKetentuan' is checked

2023-04-03 05:42:00 - [MESSAGE][PASSED] - Object 'Object Repository/Web/Register/Reg_Checkbox_SyaratDanKetentuan' is checked

2023-04-03 05:42:00 - [TEST_STEP][PASSED] - click(findTestObject("Object Repository/Web/Register/Reg_Button_Daftar")): Object: 'Object Repository/Web/Register/Reg_Button_Daftar' is clicked on

2023-04-03 05:42:01 - [MESSAGE][PASSED] - Object: 'Object Repository/Web/Register/Reg_Button_Daftar' is clicked on

2023-04-03 05:42:01 - [TEST_STEP][PASSED] - isValid = executeJavaScript("document.getElementById("name").reportValidity();", null): Execute JavaScript 'document.getElementById("name").reportValidity();' successfully

2023-04-03 05:42:01 - [MESSAGE][PASSED] - Execute JavaScript 'document.getElementById("name").reportValidity();' successfully

2023-04-03 05:42:01 - [TEST_STEP][PASSED] - assert !(isValid) : "Validation error should be displayed": null

2023-04-03 05:42:01 - [TEST_STEP][PASSED] - delay(5): Delayed 5 second(s)

2023-04-03 05:42:06 - [MESSAGE][PASSED] - Delayed 5 second(s)

2023-04-03 05:42:06 - [TEST_STEP][PASSED] - assert getUrl() != "https://demo-app.online/email/verify": Current window's url is: 'https://demo-app.online/daftar'

2023-04-03 05:42:06 - [MESSAGE][PASSED] - Current window's url is: 'https://demo-app.online/daftar']]></system-out>
         <system-err><![CDATA[]]></system-err>
      </testcase>
      <testcase name="Test Cases/Web/REG/REG-16" time="2.086" classname="Test Cases/Web/REG/REG-16" status="ERROR">
         <error type="ERROR" message="Test Cases/Web/REG/REG-16 FAILED.
Reason:
java.lang.IllegalArgumentException: Invalid column name 'Tanggal Lahir' for test data 'C:\Users\rizki\git\CodingID-QA\Data Files\Web\REG_Email.xlsx'. Possible values are '{E-mail}'
	at com.kms.katalon.core.testdata.AbstractTestData.verifyColumnName(AbstractTestData.java:78)
	at com.kms.katalon.core.testdata.AbstractTestData.getObjectValue(AbstractTestData.java:136)
	at com.kms.katalon.core.testdata.AbstractTestData.getValue(AbstractTestData.java:107)
	at com.kms.katalon.core.testdata.TestData$getValue$0.call(Unknown Source)
	at REG-16.run(REG-16:28)
	at com.kms.katalon.core.main.ScriptEngine.run(ScriptEngine.java:194)
	at com.kms.katalon.core.main.ScriptEngine.runScriptAsRawText(ScriptEngine.java:119)
	at com.kms.katalon.core.main.TestCaseExecutor.runScript(TestCaseExecutor.java:448)
	at com.kms.katalon.core.main.TestCaseExecutor.doExecute(TestCaseExecutor.java:439)
	at com.kms.katalon.core.main.TestCaseExecutor.processExecutionPhase(TestCaseExecutor.java:418)
	at com.kms.katalon.core.main.TestCaseExecutor.accessMainPhase(TestCaseExecutor.java:410)
	at com.kms.katalon.core.main.TestCaseExecutor.execute(TestCaseExecutor.java:285)
	at com.kms.katalon.core.common.CommonExecutor.accessTestCaseMainPhase(CommonExecutor.java:65)
	at com.kms.katalon.core.main.TestSuiteExecutor.accessTestSuiteMainPhase(TestSuiteExecutor.java:151)
	at com.kms.katalon.core.main.TestSuiteExecutor.execute(TestSuiteExecutor.java:106)
	at com.kms.katalon.core.main.TestCaseMain.startTestSuite(TestCaseMain.java:185)
	at com.kms.katalon.core.main.TestCaseMain$startTestSuite$0.call(Unknown Source)
	at TempTestSuite1680475136875.run(TempTestSuite1680475136875.groovy:36)
"/>
         <system-out><![CDATA[2023-04-03 05:42:06 - [TEST_CASE][ERROR] - Test Cases/Web/REG/REG-16: Test Cases/Web/REG/REG-16 FAILED.
Reason:
java.lang.IllegalArgumentException: Invalid column name 'Tanggal Lahir' for test data 'C:\Users\rizki\git\CodingID-QA\Data Files\Web\REG_Email.xlsx'. Possible values are '{E-mail}'
	at com.kms.katalon.core.testdata.AbstractTestData.verifyColumnName(AbstractTestData.java:78)
	at com.kms.katalon.core.testdata.AbstractTestData.getObjectValue(AbstractTestData.java:136)
	at com.kms.katalon.core.testdata.AbstractTestData.getValue(AbstractTestData.java:107)
	at com.kms.katalon.core.testdata.TestData$getValue$0.call(Unknown Source)
	at REG-16.run(REG-16:28)
	at com.kms.katalon.core.main.ScriptEngine.run(ScriptEngine.java:194)
	at com.kms.katalon.core.main.ScriptEngine.runScriptAsRawText(ScriptEngine.java:119)
	at com.kms.katalon.core.main.TestCaseExecutor.runScript(TestCaseExecutor.java:448)
	at com.kms.katalon.core.main.TestCaseExecutor.doExecute(TestCaseExecutor.java:439)
	at com.kms.katalon.core.main.TestCaseExecutor.processExecutionPhase(TestCaseExecutor.java:418)
	at com.kms.katalon.core.main.TestCaseExecutor.accessMainPhase(TestCaseExecutor.java:410)
	at com.kms.katalon.core.main.TestCaseExecutor.execute(TestCaseExecutor.java:285)
	at com.kms.katalon.core.common.CommonExecutor.accessTestCaseMainPhase(CommonExecutor.java:65)
	at com.kms.katalon.core.main.TestSuiteExecutor.accessTestSuiteMainPhase(TestSuiteExecutor.java:151)
	at com.kms.katalon.core.main.TestSuiteExecutor.execute(TestSuiteExecutor.java:106)
	at com.kms.katalon.core.main.TestCaseMain.startTestSuite(TestCaseMain.java:185)
	at com.kms.katalon.core.main.TestCaseMain$startTestSuite$0.call(Unknown Source)
	at TempTestSuite1680475136875.run(TempTestSuite1680475136875.groovy:36)


2023-04-03 05:42:06 - [TEST_STEP][PASSED] - openBrowser(""): Browser is opened with url: ''

2023-04-03 05:42:06 - [MESSAGE][WARNING] - A browser is already opened. Closing browser and opening a new one

2023-04-03 05:42:07 - [MESSAGE][INFO] - Starting 'Chrome' driver

2023-04-03 05:42:07 - [MESSAGE][INFO] - Action delay is set to 0 milliseconds

2023-04-03 05:42:08 - [MESSAGE][PASSED] - Browser is opened with url: ''

2023-04-03 05:42:08 - [TEST_STEP][PASSED] - testData = findTestData("Data Files/Web/Register_Birthday"): null

2023-04-03 05:42:08 - [TEST_STEP][ERROR] - for ([i = 1, i <= testData.getRowNumbers(), (i++)]): Test Cases/Web/REG/REG-16 FAILED.
Reason:
java.lang.IllegalArgumentException: Invalid column name 'Tanggal Lahir' for test data 'C:\Users\rizki\git\CodingID-QA\Data Files\Web\REG_Email.xlsx'. Possible values are '{E-mail}'
	at com.kms.katalon.core.testdata.AbstractTestData.verifyColumnName(AbstractTestData.java:78)
	at com.kms.katalon.core.testdata.AbstractTestData.getObjectValue(AbstractTestData.java:136)
	at com.kms.katalon.core.testdata.AbstractTestData.getValue(AbstractTestData.java:107)
	at com.kms.katalon.core.testdata.TestData$getValue$0.call(Unknown Source)
	at REG-16.run(REG-16:28)
	at com.kms.katalon.core.main.ScriptEngine.run(ScriptEngine.java:194)
	at com.kms.katalon.core.main.ScriptEngine.runScriptAsRawText(ScriptEngine.java:119)
	at com.kms.katalon.core.main.TestCaseExecutor.runScript(TestCaseExecutor.java:448)
	at com.kms.katalon.core.main.TestCaseExecutor.doExecute(TestCaseExecutor.java:439)
	at com.kms.katalon.core.main.TestCaseExecutor.processExecutionPhase(TestCaseExecutor.java:418)
	at com.kms.katalon.core.main.TestCaseExecutor.accessMainPhase(TestCaseExecutor.java:410)
	at com.kms.katalon.core.main.TestCaseExecutor.execute(TestCaseExecutor.java:285)
	at com.kms.katalon.core.common.CommonExecutor.accessTestCaseMainPhase(CommonExecutor.java:65)
	at com.kms.katalon.core.main.TestSuiteExecutor.accessTestSuiteMainPhase(TestSuiteExecutor.java:151)
	at com.kms.katalon.core.main.TestSuiteExecutor.execute(TestSuiteExecutor.java:106)
	at com.kms.katalon.core.main.TestCaseMain.startTestSuite(TestCaseMain.java:185)
	at com.kms.katalon.core.main.TestCaseMain$startTestSuite$0.call(Unknown Source)
	at TempTestSuite1680475136875.run(TempTestSuite1680475136875.groovy:36)


2023-04-03 05:42:08 - [TEST_STEP][ERROR] - birthday = testData.getValue("Tanggal Lahir", i): Test Cases/Web/REG/REG-16 FAILED.
Reason:
java.lang.IllegalArgumentException: Invalid column name 'Tanggal Lahir' for test data 'C:\Users\rizki\git\CodingID-QA\Data Files\Web\REG_Email.xlsx'. Possible values are '{E-mail}'
	at com.kms.katalon.core.testdata.AbstractTestData.verifyColumnName(AbstractTestData.java:78)
	at com.kms.katalon.core.testdata.AbstractTestData.getObjectValue(AbstractTestData.java:136)
	at com.kms.katalon.core.testdata.AbstractTestData.getValue(AbstractTestData.java:107)
	at com.kms.katalon.core.testdata.TestData$getValue$0.call(Unknown Source)
	at REG-16.run(REG-16:28)
	at com.kms.katalon.core.main.ScriptEngine.run(ScriptEngine.java:194)
	at com.kms.katalon.core.main.ScriptEngine.runScriptAsRawText(ScriptEngine.java:119)
	at com.kms.katalon.core.main.TestCaseExecutor.runScript(TestCaseExecutor.java:448)
	at com.kms.katalon.core.main.TestCaseExecutor.doExecute(TestCaseExecutor.java:439)
	at com.kms.katalon.core.main.TestCaseExecutor.processExecutionPhase(TestCaseExecutor.java:418)
	at com.kms.katalon.core.main.TestCaseExecutor.accessMainPhase(TestCaseExecutor.java:410)
	at com.kms.katalon.core.main.TestCaseExecutor.execute(TestCaseExecutor.java:285)
	at com.kms.katalon.core.common.CommonExecutor.accessTestCaseMainPhase(CommonExecutor.java:65)
	at com.kms.katalon.core.main.TestSuiteExecutor.accessTestSuiteMainPhase(TestSuiteExecutor.java:151)
	at com.kms.katalon.core.main.TestSuiteExecutor.execute(TestSuiteExecutor.java:106)
	at com.kms.katalon.core.main.TestCaseMain.startTestSuite(TestCaseMain.java:185)
	at com.kms.katalon.core.main.TestCaseMain$startTestSuite$0.call(Unknown Source)
	at TempTestSuite1680475136875.run(TempTestSuite1680475136875.groovy:36)


2023-04-03 05:42:08 - [MESSAGE][ERROR] - Test Cases/Web/REG/REG-16 FAILED.
Reason:
java.lang.IllegalArgumentException: Invalid column name 'Tanggal Lahir' for test data 'C:\Users\rizki\git\CodingID-QA\Data Files\Web\REG_Email.xlsx'. Possible values are '{E-mail}'
	at com.kms.katalon.core.testdata.AbstractTestData.verifyColumnName(AbstractTestData.java:78)
	at com.kms.katalon.core.testdata.AbstractTestData.getObjectValue(AbstractTestData.java:136)
	at com.kms.katalon.core.testdata.AbstractTestData.getValue(AbstractTestData.java:107)
	at com.kms.katalon.core.testdata.TestData$getValue$0.call(Unknown Source)
	at REG-16.run(REG-16:28)
	at com.kms.katalon.core.main.ScriptEngine.run(ScriptEngine.java:194)
	at com.kms.katalon.core.main.ScriptEngine.runScriptAsRawText(ScriptEngine.java:119)
	at com.kms.katalon.core.main.TestCaseExecutor.runScript(TestCaseExecutor.java:448)
	at com.kms.katalon.core.main.TestCaseExecutor.doExecute(TestCaseExecutor.java:439)
	at com.kms.katalon.core.main.TestCaseExecutor.processExecutionPhase(TestCaseExecutor.java:418)
	at com.kms.katalon.core.main.TestCaseExecutor.accessMainPhase(TestCaseExecutor.java:410)
	at com.kms.katalon.core.main.TestCaseExecutor.execute(TestCaseExecutor.java:285)
	at com.kms.katalon.core.common.CommonExecutor.accessTestCaseMainPhase(CommonExecutor.java:65)
	at com.kms.katalon.core.main.TestSuiteExecutor.accessTestSuiteMainPhase(TestSuiteExecutor.java:151)
	at com.kms.katalon.core.main.TestSuiteExecutor.execute(TestSuiteExecutor.java:106)
	at com.kms.katalon.core.main.TestCaseMain.startTestSuite(TestCaseMain.java:185)
	at com.kms.katalon.core.main.TestCaseMain$startTestSuite$0.call(Unknown Source)
	at TempTestSuite1680475136875.run(TempTestSuite1680475136875.groovy:36)]]></system-out>
         <system-err><![CDATA[2023-04-03 05:42:06 - [TEST_CASE][ERROR] - Test Cases/Web/REG/REG-16: Test Cases/Web/REG/REG-16 FAILED.
Reason:
java.lang.IllegalArgumentException: Invalid column name 'Tanggal Lahir' for test data 'C:\Users\rizki\git\CodingID-QA\Data Files\Web\REG_Email.xlsx'. Possible values are '{E-mail}'
	at com.kms.katalon.core.testdata.AbstractTestData.verifyColumnName(AbstractTestData.java:78)
	at com.kms.katalon.core.testdata.AbstractTestData.getObjectValue(AbstractTestData.java:136)
	at com.kms.katalon.core.testdata.AbstractTestData.getValue(AbstractTestData.java:107)
	at com.kms.katalon.core.testdata.TestData$getValue$0.call(Unknown Source)
	at REG-16.run(REG-16:28)
	at com.kms.katalon.core.main.ScriptEngine.run(ScriptEngine.java:194)
	at com.kms.katalon.core.main.ScriptEngine.runScriptAsRawText(ScriptEngine.java:119)
	at com.kms.katalon.core.main.TestCaseExecutor.runScript(TestCaseExecutor.java:448)
	at com.kms.katalon.core.main.TestCaseExecutor.doExecute(TestCaseExecutor.java:439)
	at com.kms.katalon.core.main.TestCaseExecutor.processExecutionPhase(TestCaseExecutor.java:418)
	at com.kms.katalon.core.main.TestCaseExecutor.accessMainPhase(TestCaseExecutor.java:410)
	at com.kms.katalon.core.main.TestCaseExecutor.execute(TestCaseExecutor.java:285)
	at com.kms.katalon.core.common.CommonExecutor.accessTestCaseMainPhase(CommonExecutor.java:65)
	at com.kms.katalon.core.main.TestSuiteExecutor.accessTestSuiteMainPhase(TestSuiteExecutor.java:151)
	at com.kms.katalon.core.main.TestSuiteExecutor.execute(TestSuiteExecutor.java:106)
	at com.kms.katalon.core.main.TestCaseMain.startTestSuite(TestCaseMain.java:185)
	at com.kms.katalon.core.main.TestCaseMain$startTestSuite$0.call(Unknown Source)
	at TempTestSuite1680475136875.run(TempTestSuite1680475136875.groovy:36)]]></system-err>
      </testcase>
[...]
         <system-out><![CDATA[2023-04-03 05:54:55 - [TEST_CASE][PASSED] - Test Cases/Web/REG/REG-42: Test Cases/Web/REG/REG-42

2023-04-03 05:54:56 - [TEST_STEP][PASSED] - openBrowser(""): Browser is opened with url: ''

2023-04-03 05:54:56 - [MESSAGE][WARNING] - A browser is already opened. Closing browser and opening a new one

2023-04-03 05:54:56 - [MESSAGE][INFO] - Starting 'Chrome' driver

2023-04-03 05:54:56 - [MESSAGE][INFO] - Action delay is set to 0 milliseconds

2023-04-03 05:54:57 - [MESSAGE][PASSED] - Browser is opened with url: ''

2023-04-03 05:54:57 - [TEST_STEP][PASSED] - navigateToUrl("https://demo-app.online/daftar"): Navigate to 'https://demo-app.online/daftar' successfully

2023-04-03 05:54:59 - [MESSAGE][PASSED] - Navigate to 'https://demo-app.online/daftar' successfully

2023-04-03 05:54:59 - [TEST_STEP][PASSED] - setText(findTestObject("Object Repository/Web/Register/Reg_InputText_Nama"), "Rizki Khaerul Fajri"): Text 'Rizki Khaerul Fajri' is set on object 'Object Repository/Web/Register/Reg_InputText_Nama'

2023-04-03 05:55:00 - [MESSAGE][PASSED] - Text 'Rizki Khaerul Fajri' is set on object 'Object Repository/Web/Register/Reg_InputText_Nama'

2023-04-03 05:55:00 - [TEST_STEP][PASSED] - setText(findTestObject("Object Repository/Web/Register/Reg_InputText_BirthDay"), "18-Feb-1997"): Text '18-Feb-1997' is set on object 'Object Repository/Web/Register/Reg_InputText_BirthDay'

2023-04-03 05:55:01 - [MESSAGE][PASSED] - Text '18-Feb-1997' is set on object 'Object Repository/Web/Register/Reg_InputText_BirthDay'

2023-04-03 05:55:01 - [TEST_STEP][PASSED] - setText(findTestObject("Object Repository/Web/Register/Reg_InputText_Email"), "Test@Example.com"): Text 'Test@Example.com' is set on object 'Object Repository/Web/Register/Reg_InputText_Email'

2023-04-03 05:55:02 - [MESSAGE][PASSED] - Text 'Test@Example.com' is set on object 'Object Repository/Web/Register/Reg_InputText_Email'

2023-04-03 05:55:02 - [TEST_STEP][PASSED] - setText(findTestObject("Object Repository/Web/Register/Reg_InputText_Whatsapp"), "081324387267"): Text '081324387267' is set on object 'Object Repository/Web/Register/Reg_InputText_Whatsapp'

2023-04-03 05:55:02 - [MESSAGE][PASSED] - Text '081324387267' is set on object 'Object Repository/Web/Register/Reg_InputText_Whatsapp'

2023-04-03 05:55:02 - [TEST_STEP][PASSED] - setText(findTestObject("Object Repository/Web/Register/Reg_InputText_KataSandi"), "12345678"): Text '12345678' is set on object 'Object Repository/Web/Register/Reg_InputText_KataSandi'

2023-04-03 05:55:03 - [MESSAGE][PASSED] - Text '12345678' is set on object 'Object Repository/Web/Register/Reg_InputText_KataSandi'

2023-04-03 05:55:03 - [TEST_STEP][PASSED] - setText(findTestObject("Object Repository/Web/Register/Reg_InputText_KonfirmasiKataSandi"), "87654321"): Text '87654321' is set on object 'Object Repository/Web/Register/Reg_InputText_KonfirmasiKataSandi'

2023-04-03 05:55:04 - [MESSAGE][PASSED] - Text '87654321' is set on object 'Object Repository/Web/Register/Reg_InputText_KonfirmasiKataSandi'

2023-04-03 05:55:04 - [TEST_STEP][PASSED] - check(findTestObject("Object Repository/Web/Register/Reg_Checkbox_SyaratDanKetentuan")): Object 'Object Repository/Web/Register/Reg_Checkbox_SyaratDanKetentuan' is checked

2023-04-03 05:55:04 - [MESSAGE][PASSED] - Object 'Object Repository/Web/Register/Reg_Checkbox_SyaratDanKetentuan' is checked

2023-04-03 05:55:04 - [TEST_STEP][PASSED] - click(findTestObject("Object Repository/Web/Register/Reg_Button_Daftar")): Object: 'Object Repository/Web/Register/Reg_Button_Daftar' is clicked on

2023-04-03 05:55:06 - [MESSAGE][PASSED] - Object: 'Object Repository/Web/Register/Reg_Button_Daftar' is clicked on

2023-04-03 05:55:06 - [TEST_STEP][PASSED] - delay(1): Delayed 1 second(s)

2023-04-03 05:55:07 - [MESSAGE][PASSED] - Delayed 1 second(s)

2023-04-03 05:55:07 - [TEST_STEP][PASSED] - verifyMatch("https://demo-app.online/daftar", getUrl(), false, CONTINUE_ON_FAILURE): Actual text 'https://demo-app.online/daftar' and expected text 'https://demo-app.online/daftar' are matched 

2023-04-03 05:55:07 - [MESSAGE][PASSED] - Current window's url is: 'https://demo-app.online/daftar'

2023-04-03 05:55:07 - [MESSAGE][PASSED] - Actual text 'https://demo-app.online/daftar' and expected text 'https://demo-app.online/daftar' are matched 

2023-04-03 05:55:07 - [TEST_STEP][PASSED] - println("After URL Validation"): null

2023-04-03 05:55:07 - [TEST_STEP][PASSED] - verifyElementPresent(findTestObject("Object Repository/WEB/Register/Reg_validationError_Password"), 1): Object 'Object Repository/WEB/Register/Reg_validationError_Password' is present

2023-04-03 05:55:07 - [MESSAGE][PASSED] - Object 'Object Repository/WEB/Register/Reg_validationError_Password' is present

2023-04-03 05:55:07 - [TEST_STEP][PASSED] - verifyElementPresent(findTestObject("Object Repository/WEB/Register/Reg_validationError_PasswordConfirm"), 1): Object 'Object Repository/WEB/Register/Reg_validationError_PasswordConfirm' is present

2023-04-03 05:55:08 - [MESSAGE][PASSED] - Object 'Object Repository/WEB/Register/Reg_validationError_PasswordConfirm' is present]]></system-out>
         <system-err><![CDATA[]]></system-err>
      </testcase>
      <testcase name="Test Cases/Web/REG/REG-43" time="10.295" classname="Test Cases/Web/REG/REG-43" status="PASSED">
         <system-out><![CDATA[2023-04-03 05:55:08 - [TEST_CASE][PASSED] - Test Cases/Web/REG/REG-43: Test Cases/Web/REG/REG-43

2023-04-03 05:55:08 - [TEST_STEP][PASSED] - openBrowser(""): Browser is opened with url: ''

2023-04-03 05:55:08 - [MESSAGE][WARNING] - A browser is already opened. Closing browser and opening a new one

2023-04-03 05:55:09 - [MESSAGE][INFO] - Starting 'Chrome' driver

2023-04-03 05:55:09 - [MESSAGE][INFO] - Action delay is set to 0 milliseconds

2023-04-03 05:55:10 - [MESSAGE][PASSED] - Browser is opened with url: ''

2023-04-03 05:55:10 - [TEST_STEP][PASSED] - navigateToUrl("https://demo-app.online/daftar"): Navigate to 'https://demo-app.online/daftar' successfully

2023-04-03 05:55:11 - [MESSAGE][PASSED] - Navigate to 'https://demo-app.online/daftar' successfully

2023-04-03 05:55:11 - [TEST_STEP][PASSED] - setText(findTestObject("Object Repository/Web/Register/Reg_InputText_Nama"), "Rizki Khaerul Fajri"): Text 'Rizki Khaerul Fajri' is set on object 'Object Repository/Web/Register/Reg_InputText_Nama'

2023-04-03 05:55:12 - [MESSAGE][PASSED] - Text 'Rizki Khaerul Fajri' is set on object 'Object Repository/Web/Register/Reg_InputText_Nama'

2023-04-03 05:55:12 - [TEST_STEP][PASSED] - setText(findTestObject("Object Repository/Web/Register/Reg_InputText_BirthDay"), "18-Feb-1997"): Text '18-Feb-1997' is set on object 'Object Repository/Web/Register/Reg_InputText_BirthDay'

2023-04-03 05:55:13 - [MESSAGE][PASSED] - Text '18-Feb-1997' is set on object 'Object Repository/Web/Register/Reg_InputText_BirthDay'

2023-04-03 05:55:13 - [TEST_STEP][PASSED] - setText(findTestObject("Object Repository/Web/Register/Reg_InputText_Email"), "Test@Example.com"): Text 'Test@Example.com' is set on object 'Object Repository/Web/Register/Reg_InputText_Email'

2023-04-03 05:55:14 - [MESSAGE][PASSED] - Text 'Test@Example.com' is set on object 'Object Repository/Web/Register/Reg_InputText_Email'

2023-04-03 05:55:14 - [TEST_STEP][PASSED] - setText(findTestObject("Object Repository/Web/Register/Reg_InputText_Whatsapp"), "081324387267"): Text '081324387267' is set on object 'Object Repository/Web/Register/Reg_InputText_Whatsapp'

2023-04-03 05:55:15 - [MESSAGE][PASSED] - Text '081324387267' is set on object 'Object Repository/Web/Register/Reg_InputText_Whatsapp'

2023-04-03 05:55:15 - [TEST_STEP][PASSED] - setText(findTestObject("Object Repository/Web/Register/Reg_InputText_KataSandi"), "testingtesting"): Text 'testingtesting' is set on object 'Object Repository/Web/Register/Reg_InputText_KataSandi'

2023-04-03 05:55:15 - [MESSAGE][PASSED] - Text 'testingtesting' is set on object 'Object Repository/Web/Register/Reg_InputText_KataSandi'

2023-04-03 05:55:15 - [TEST_STEP][PASSED] - setText(findTestObject("Object Repository/Web/Register/Reg_InputText_KonfirmasiKataSandi"), "testingtesting"): Text 'testingtesting' is set on object 'Object Repository/Web/Register/Reg_InputText_KonfirmasiKataSandi'

2023-04-03 05:55:16 - [MESSAGE][PASSED] - Text 'testingtesting' is set on object 'Object Repository/Web/Register/Reg_InputText_KonfirmasiKataSandi'

2023-04-03 05:55:16 - [TEST_STEP][PASSED] - verifyElementNotChecked(findTestObject("Object Repository/Web/Register/Reg_Checkbox_SyaratDanKetentuan"), 1): Object 'Object Repository/Web/Register/Reg_Checkbox_SyaratDanKetentuan' is not checked

2023-04-03 05:55:17 - [MESSAGE][PASSED] - Object 'Object Repository/Web/Register/Reg_Checkbox_SyaratDanKetentuan' is not checked

2023-04-03 05:55:17 - [TEST_STEP][PASSED] - click(findTestObject("Object Repository/Web/Register/Reg_Button_Daftar")): Object: 'Object Repository/Web/Register/Reg_Button_Daftar' is clicked on

2023-04-03 05:55:17 - [MESSAGE][PASSED] - Object: 'Object Repository/Web/Register/Reg_Button_Daftar' is clicked on

2023-04-03 05:55:17 - [TEST_STEP][PASSED] - delay(1): Delayed 1 second(s)

2023-04-03 05:55:18 - [MESSAGE][PASSED] - Delayed 1 second(s)

2023-04-03 05:55:18 - [TEST_STEP][PASSED] - verifyMatch("https://demo-app.online/daftar", getUrl(), false, CONTINUE_ON_FAILURE): Actual text 'https://demo-app.online/daftar' and expected text 'https://demo-app.online/daftar' are matched 

2023-04-03 05:55:18 - [MESSAGE][PASSED] - Current window's url is: 'https://demo-app.online/daftar'

2023-04-03 05:55:18 - [MESSAGE][PASSED] - Actual text 'https://demo-app.online/daftar' and expected text 'https://demo-app.online/daftar' are matched 

2023-04-03 05:55:18 - [TEST_STEP][PASSED] - println("After URL Validation"): null

2023-04-03 05:55:18 - [TEST_STEP][PASSED] - isValid = executeJavaScript("document.getElementById("inlineCheckbox1").reportValidity();", null): Execute JavaScript 'document.getElementById("inlineCheckbox1").reportValidity();' successfully

2023-04-03 05:55:18 - [MESSAGE][PASSED] - Execute JavaScript 'document.getElementById("inlineCheckbox1").reportValidity();' successfully

2023-04-03 05:55:18 - [TEST_STEP][PASSED] - assert !(isValid) : "No validation error for password field": null]]></system-out>
         <system-err><![CDATA[]]></system-err>
      </testcase>
      <system-out><![CDATA[2023-04-03 05:39:15 - [TEST_SUITE][FAILED] - REG: Test Cases/Web/REG/REG-14 FAILED.
Reason:
com.kms.katalon.core.exception.StepFailedException: Unable to execute JavaScript.
	at com.kms.katalon.core.webui.keyword.internal.WebUIKeywordMain.stepFailed(WebUIKeywordMain.groovy:64)
	at com.kms.katalon.core.webui.keyword.internal.WebUIKeywordMain.runKeyword(WebUIKeywordMain.groovy:26)
	at com.kms.katalon.core.webui.keyword.builtin.ExecuteJavaScriptKeyword.executeJavascript(ExecuteJavascriptKeyword.groovy:42)
	at com.kms.katalon.core.webui.keyword.builtin.ExecuteJavaScriptKeyword.execute(ExecuteJavascriptKeyword.groovy:37)
	at com.kms.katalon.core.keyword.internal.KeywordExecutor.executeKeywordForPlatform(KeywordExecutor.groovy:74)
	at com.kms.katalon.core.webui.keyword.WebUiBuiltInKeywords.executeJavaScript(WebUiBuiltInKeywords.groovy:4873)
	at com.kms.katalon.core.webui.keyword.WebUiBuiltInKeywords$executeJavaScript$5.call(Unknown Source)
	at REG-14.run(REG-14:42)
	at com.kms.katalon.core.main.ScriptEngine.run(ScriptEngine.java:194)
	at com.kms.katalon.core.main.ScriptEngine.runScriptAsRawText(ScriptEngine.java:119)
	at com.kms.katalon.core.main.TestCaseExecutor.runScript(TestCaseExecutor.java:448)
	at com.kms.katalon.core.main.TestCaseExecutor.doExecute(TestCaseExecutor.java:439)
	at com.kms.katalon.core.main.TestCaseExecutor.processExecutionPhase(TestCaseExecutor.java:418)
	at com.kms.katalon.core.main.TestCaseExecutor.accessMainPhase(TestCaseExecutor.java:410)
	at com.kms.katalon.core.main.TestCaseExecutor.execute(TestCaseExecutor.java:285)
	at com.kms.katalon.core.common.CommonExecutor.accessTestCaseMainPhase(CommonExecutor.java:65)
	at com.kms.katalon.core.main.TestSuiteExecutor.accessTestSuiteMainPhase(TestSuiteExecutor.java:151)
	at com.kms.katalon.core.main.TestSuiteExecutor.execute(TestSuiteExecutor.java:106)
	at com.kms.katalon.core.main.TestCaseMain.startTestSuite(TestCaseMain.java:185)
	at com.kms.katalon.core.main.TestCaseMain$startTestSuite$0.call(Unknown Source)
	at TempTestSuite1680475136875.run(TempTestSuite1680475136875.groovy:36)
Caused by: org.openqa.selenium.JavascriptException: javascript error: Cannot read properties of null (reading 'reportValidity')
  (Session info: chrome=111.0.5563.147)
Build info: version: '3.141.59', revision: 'e82be7d358', time: '2018-11-14T08:25:53'
System info: host: 'RED', ip: '192.168.203.1', os.name: 'Windows 10', os.arch: 'amd64', os.version: '10.0', java.version: '1.8.0_282'
Driver info: com.kms.katalon.selenium.driver.CChromeDriver
Capabilities {acceptInsecureCerts: false, browserName: chrome, browserVersion: 111.0.5563.147, chrome: {chromedriverVersion: 111.0.5563.64 (c710e93d5b63..., userDataDir: C:\Users\rizki\AppData\Loca...}, goog:chromeOptions: {debuggerAddress: localhost:53738}, javascriptEnabled: true, networkConnectionEnabled: false, pageLoadStrategy: normal, platform: WINDOWS, platformName: WINDOWS, proxy: Proxy(), setWindowRect: true, strictFileInteractability: false, timeouts: {implicit: 0, pageLoad: 300000, script: 30000}, unhandledPromptBehavior: dismiss and notify, webauthn:extension:credBlob: true, webauthn:extension:largeBlob: true, webauthn:extension:minPinLength: true, webauthn:extension:prf: true, webauthn:virtualAuthenticators: true}
Session ID: a540af7ed3786de5029ea073d1de2964
	at org.openqa.selenium.remote.http.W3CHttpResponseCodec.createException(W3CHttpResponseCodec.java:187)
	at org.openqa.selenium.remote.http.W3CHttpResponseCodec.decode(W3CHttpResponseCodec.java:122)
	at org.openqa.selenium.remote.http.W3CHttpResponseCodec.decode(W3CHttpResponseCodec.java:49)
	at org.openqa.selenium.remote.HttpCommandExecutor.execute(HttpCommandExecutor.java:158)
	at org.openqa.selenium.remote.service.DriverCommandExecutor.execute(DriverCommandExecutor.java:83)
	at org.openqa.selenium.remote.RemoteWebDriver.execute(RemoteWebDriver.java:552)
	at com.kms.katalon.selenium.driver.CChromeDriver.execute(CChromeDriver.java:19)
	at org.openqa.selenium.remote.RemoteWebDriver.executeScript(RemoteWebDriver.java:489)
	at org.openqa.selenium.support.events.EventFiringWebDriver.lambda$new$1(EventFiringWebDriver.java:105)
	at com.sun.proxy.$Proxy10.executeScript(Unknown Source)
	at org.openqa.selenium.support.events.EventFiringWebDriver.executeScript(EventFiringWebDriver.java:229)
	at com.kms.katalon.core.webui.keyword.builtin.ExecuteJavaScriptKeyword$_executeJavascript_closure1.doCall(ExecuteJavascriptKeyword.groovy:48)
	at com.kms.katalon.core.webui.keyword.builtin.ExecuteJavaScriptKeyword$_executeJavascript_closure1.call(ExecuteJavascriptKeyword.groovy)
	at com.kms.katalon.core.webui.keyword.internal.WebUIKeywordMain.runKeyword(WebUIKeywordMain.groovy:20)
	... 19 more]]></system-out>
      <system-err><![CDATA[2023-04-03 05:39:15 - [TEST_SUITE][FAILED] - REG: Test Cases/Web/REG/REG-14 FAILED.
Reason:
com.kms.katalon.core.exception.StepFailedException: Unable to execute JavaScript.
	at com.kms.katalon.core.webui.keyword.internal.WebUIKeywordMain.stepFailed(WebUIKeywordMain.groovy:64)
	at com.kms.katalon.core.webui.keyword.internal.WebUIKeywordMain.runKeyword(WebUIKeywordMain.groovy:26)
	at com.kms.katalon.core.webui.keyword.builtin.ExecuteJavaScriptKeyword.executeJavascript(ExecuteJavascriptKeyword.groovy:42)
	at com.kms.katalon.core.webui.keyword.builtin.ExecuteJavaScriptKeyword.execute(ExecuteJavascriptKeyword.groovy:37)
	at com.kms.katalon.core.keyword.internal.KeywordExecutor.executeKeywordForPlatform(KeywordExecutor.groovy:74)
	at com.kms.katalon.core.webui.keyword.WebUiBuiltInKeywords.executeJavaScript(WebUiBuiltInKeywords.groovy:4873)
	at com.kms.katalon.core.webui.keyword.WebUiBuiltInKeywords$executeJavaScript$5.call(Unknown Source)
	at REG-14.run(REG-14:42)
	at com.kms.katalon.core.main.ScriptEngine.run(ScriptEngine.java:194)
	at com.kms.katalon.core.main.ScriptEngine.runScriptAsRawText(ScriptEngine.java:119)
	at com.kms.katalon.core.main.TestCaseExecutor.runScript(TestCaseExecutor.java:448)
	at com.kms.katalon.core.main.TestCaseExecutor.doExecute(TestCaseExecutor.java:439)
	at com.kms.katalon.core.main.TestCaseExecutor.processExecutionPhase(TestCaseExecutor.java:418)
	at com.kms.katalon.core.main.TestCaseExecutor.accessMainPhase(TestCaseExecutor.java:410)
	at com.kms.katalon.core.main.TestCaseExecutor.execute(TestCaseExecutor.java:285)
	at com.kms.katalon.core.common.CommonExecutor.accessTestCaseMainPhase(CommonExecutor.java:65)
	at com.kms.katalon.core.main.TestSuiteExecutor.accessTestSuiteMainPhase(TestSuiteExecutor.java:151)
	at com.kms.katalon.core.main.TestSuiteExecutor.execute(TestSuiteExecutor.java:106)
	at com.kms.katalon.core.main.TestCaseMain.startTestSuite(TestCaseMain.java:185)
	at com.kms.katalon.core.main.TestCaseMain$startTestSuite$0.call(Unknown Source)
	at TempTestSuite1680475136875.run(TempTestSuite1680475136875.groovy:36)
Caused by: org.openqa.selenium.JavascriptException: javascript error: Cannot read properties of null (reading 'reportValidity')
  (Session info: chrome=111.0.5563.147)
Build info: version: '3.141.59', revision: 'e82be7d358', time: '2018-11-14T08:25:53'
System info: host: 'RED', ip: '192.168.203.1', os.name: 'Windows 10', os.arch: 'amd64', os.version: '10.0', java.version: '1.8.0_282'
Driver info: com.kms.katalon.selenium.driver.CChromeDriver
Capabilities {acceptInsecureCerts: false, browserName: chrome, browserVersion: 111.0.5563.147, chrome: {chromedriverVersion: 111.0.5563.64 (c710e93d5b63..., userDataDir: C:\Users\rizki\AppData\Loca...}, goog:chromeOptions: {debuggerAddress: localhost:53738}, javascriptEnabled: true, networkConnectionEnabled: false, pageLoadStrategy: normal, platform: WINDOWS, platformName: WINDOWS, proxy: Proxy(), setWindowRect: true, strictFileInteractability: false, timeouts: {implicit: 0, pageLoad: 300000, script: 30000}, unhandledPromptBehavior: dismiss and notify, webauthn:extension:credBlob: true, webauthn:extension:largeBlob: true, webauthn:extension:minPinLength: true, webauthn:extension:prf: true, webauthn:virtualAuthenticators: true}
Session ID: a540af7ed3786de5029ea073d1de2964
	at org.openqa.selenium.remote.http.W3CHttpResponseCodec.createException(W3CHttpResponseCodec.java:187)
	at org.openqa.selenium.remote.http.W3CHttpResponseCodec.decode(W3CHttpResponseCodec.java:122)
	at org.openqa.selenium.remote.http.W3CHttpResponseCodec.decode(W3CHttpResponseCodec.java:49)
	at org.openqa.selenium.remote.HttpCommandExecutor.execute(HttpCommandExecutor.java:158)
	at org.openqa.selenium.remote.service.DriverCommandExecutor.execute(DriverCommandExecutor.java:83)
	at org.openqa.selenium.remote.RemoteWebDriver.execute(RemoteWebDriver.java:552)
	at com.kms.katalon.selenium.driver.CChromeDriver.execute(CChromeDriver.java:19)
	at org.openqa.selenium.remote.RemoteWebDriver.executeScript(RemoteWebDriver.java:489)
	at org.openqa.selenium.support.events.EventFiringWebDriver.lambda$new$1(EventFiringWebDriver.java:105)
	at com.sun.proxy.$Proxy10.executeScript(Unknown Source)
	at org.openqa.selenium.support.events.EventFiringWebDriver.executeScript(EventFiringWebDriver.java:229)
	at com.kms.katalon.core.webui.keyword.builtin.ExecuteJavaScriptKeyword$_executeJavascript_closure1.doCall(ExecuteJavascriptKeyword.groovy:48)
	at com.kms.katalon.core.webui.keyword.builtin.ExecuteJavaScriptKeyword$_executeJavascript_closure1.call(ExecuteJavascriptKeyword.groovy)
	at com.kms.katalon.core.webui.keyword.internal.WebUIKeywordMain.runKeyword(WebUIKeywordMain.groovy:20)
	... 19 more]]></system-err>
   </testsuite>
</testsuites>
