<?xml version="1.0" encoding="UTF-8"?>
<testsuites name="CP" time="586.101" tests="27" failures="6" errors="1">
   <testsuite name="CP" tests="27" failures="6" errors="1" time="586.101" skipped="0" timestamp="2023-04-03 08:34:09" hostname="rizki - Red" id="Test Suites/WEB/CP">
      <properties>
         <property name="deviceName" value=""/>
         <property name="devicePlatform" value=""/>
         <property name="logFolder" value="C:\\Users\\rizki\\git\\CodingID-QA\\Reports\\20230403_083351\\WEB\\CP\\20230403_083351"/>
         <property name="logFiles" value="C:\\Users\\rizki\\git\\CodingID-QA\\Reports\\20230403_083351\\WEB\\CP\\20230403_083351\\execution0.log"/>
         <property name="attachments" value="C:\\Users\\rizki\\git\\CodingID-QA\\Reports\\20230403_083351\\WEB\\CP\\20230403_083351\\1680485778284.png, C:\\Users\\rizki\\git\\CodingID-QA\\Reports\\20230403_083351\\WEB\\CP\\20230403_083351\\1680485818949.png, C:\\Users\\rizki\\git\\CodingID-QA\\Reports\\20230403_083351\\WEB\\CP\\20230403_083351\\1680486001160.png, C:\\Users\\rizki\\git\\CodingID-QA\\Reports\\20230403_083351\\WEB\\CP\\20230403_083351\\1680486010648.png, C:\\Users\\rizki\\git\\CodingID-QA\\Reports\\20230403_083351\\WEB\\CP\\20230403_083351\\1680486010764.png, C:\\Users\\rizki\\git\\CodingID-QA\\Reports\\20230403_083351\\WEB\\CP\\20230403_083351\\1680486120703.png, C:\\Users\\rizki\\git\\CodingID-QA\\Reports\\20230403_083351\\WEB\\CP\\20230403_083351\\1680486162591.png"/>
         <property name="hostName" value="rizki - Red"/>
         <property name="os" value="Windows 10 64bit"/>
         <property name="katalonVersion" value="8.5.5.208"/>
         <property name="browser" value="Chrome 111.0.0.0"/>
         <property name="hostAddress" value="192.168.203.1"/>
         <property name="sessionId" value="92b110fc5c086a530d1502000f74bb9f"/>
         <property name="seleniumVersion" value="3.141.59"/>
         <property name="proxyInformation" value="ProxyInformation { proxyOption=NO_PROXY, proxyServerType=HTTP, username=, password=********, proxyServerAddress=, proxyServerPort=0, executionList=&quot;&quot;, isApplyToDesiredCapabilities=true }"/>
         <property name="platform" value="Windows 10"/>
      </properties>
      <testcase name="Test Cases/Web/LOG/LOG-01" time="13.972" classname="Test Cases/Web/LOG/LOG-01" status="PASSED">
         <system-out><![CDATA[2023-04-03 08:34:09 - [TEST_CASE][PASSED] - Test Cases/Web/LOG/LOG-01: Test Cases/Web/LOG/LOG-01

2023-04-03 08:34:10 - [TEST_STEP][PASSED] - openBrowser(""): Browser is opened with url: ''

2023-04-03 08:34:10 - [MESSAGE][INFO] - Starting 'Chrome' driver

2023-04-03 08:34:10 - [MESSAGE][INFO] - Action delay is set to 0 milliseconds

2023-04-03 08:34:12 - [MESSAGE][PASSED] - Browser is opened with url: ''

2023-04-03 08:34:12 - [TEST_STEP][PASSED] - navigateToUrl("https://demo-app.online/login"): Navigate to 'https://demo-app.online/login' successfully

2023-04-03 08:34:15 - [MESSAGE][PASSED] - Navigate to 'https://demo-app.online/login' successfully

2023-04-03 08:34:15 - [TEST_STEP][PASSED] - email = "burnerforpractice02@gmail.com": null

2023-04-03 08:34:15 - [TEST_STEP][PASSED] - setText(findTestObject("Object Repository/Web/Login/Login_inputText_Email"), email): Text 'burnerforpractice02@gmail.com' is set on object 'Object Repository/Web/Login/Login_inputText_Email'

2023-04-03 08:34:16 - [MESSAGE][PASSED] - Text 'burnerforpractice02@gmail.com' is set on object 'Object Repository/Web/Login/Login_inputText_Email'

2023-04-03 08:34:16 - [TEST_STEP][PASSED] - setText(findTestObject("Object Repository/Web/Login/Login_inputText_Password"), "testingtesting"): Text 'testingtesting' is set on object 'Object Repository/Web/Login/Login_inputText_Password'

2023-04-03 08:34:16 - [MESSAGE][PASSED] - Text 'testingtesting' is set on object 'Object Repository/Web/Login/Login_inputText_Password'

2023-04-03 08:34:16 - [TEST_STEP][PASSED] - click(findTestObject("Object Repository/Web/Login/Login_button_Login")): Object: 'Object Repository/Web/Login/Login_button_Login' is clicked on

2023-04-03 08:34:18 - [MESSAGE][PASSED] - Object: 'Object Repository/Web/Login/Login_button_Login' is clicked on

2023-04-03 08:34:18 - [TEST_STEP][PASSED] - delay(5): Delayed 5 second(s)

2023-04-03 08:34:23 - [MESSAGE][PASSED] - Delayed 5 second(s)

2023-04-03 08:34:23 - [TEST_STEP][PASSED] - assert getUrl() == "https://demo-app.online/": Current window's url is: 'https://demo-app.online/'

2023-04-03 08:34:23 - [MESSAGE][PASSED] - Current window's url is: 'https://demo-app.online/'

2023-04-03 08:34:23 - [TEST_STEP][PASSED] - emailConfirm = executeJavaScript("return mail;", null): Execute JavaScript 'return mail;' successfully

2023-04-03 08:34:23 - [MESSAGE][PASSED] - Execute JavaScript 'return mail;' successfully

2023-04-03 08:34:23 - [TEST_STEP][PASSED] - assert emailConfirm == email: null]]></system-out>
         <system-err><![CDATA[]]></system-err>
      </testcase>
      <testcase name="Test Cases/Web/CP/CP-01" time="11.264" classname="Test Cases/Web/CP/CP-01" status="PASSED">
         <system-out><![CDATA[2023-04-03 08:34:23 - [TEST_CASE][PASSED] - Test Cases/Web/CP/CP-01: Test Cases/Web/CP/CP-01

2023-04-03 08:34:23 - [TEST_STEP][PASSED] - navigateToUrl("https://demo-app.online/dashboard/profile"): Navigate to 'https://demo-app.online/dashboard/profile' successfully

2023-04-03 08:34:24 - [MESSAGE][PASSED] - Navigate to 'https://demo-app.online/dashboard/profile' successfully

2023-04-03 08:34:24 - [TEST_STEP][PASSED] - uploadFilePath = "/Include/Resources/": null

2023-04-03 08:34:24 - [TEST_STEP][PASSED] - uploadFileName = "cat01.jpeg": null

2023-04-03 08:34:24 - [TEST_STEP][PASSED] - file = new java.io.File(com.kms.katalon.core.configuration.RunConfiguration.getProjectDir(), (uploadFilePath + uploadFileName)): null

2023-04-03 08:34:24 - [TEST_STEP][PASSED] - inputImage = file.toString(): null

2023-04-03 08:34:24 - [TEST_STEP][PASSED] - inputName = "Edited Value".trim(): null

2023-04-03 08:34:24 - [TEST_STEP][PASSED] - inputPhone = "081123456789": null

2023-04-03 08:34:24 - [TEST_STEP][PASSED] - inputBirthday = "01-Jan-2000": null

2023-04-03 08:34:24 - [TEST_STEP][PASSED] - originalNameProfile = getText(findTestObject("WEB/Profile/Profile_text_Name")).trim(): Text of object 'Object Repository/WEB/Profile/Profile_text_Name' is: 'Edited Value'

2023-04-03 08:34:25 - [MESSAGE][PASSED] - Text of object 'Object Repository/WEB/Profile/Profile_text_Name' is: 'Edited Value'

2023-04-03 08:34:25 - [TEST_STEP][PASSED] - click(findTestObject("WEB/Profile/Profile_button_EditProfile")): Object: 'Object Repository/WEB/Profile/Profile_button_EditProfile' is clicked on

2023-04-03 08:34:26 - [MESSAGE][PASSED] - Object: 'Object Repository/WEB/Profile/Profile_button_EditProfile' is clicked on

2023-04-03 08:34:26 - [TEST_STEP][PASSED] - uploadFile(findTestObject("WEB/Change Profile/ChangeProfile_button_uploadButton"), inputImage): File 'C:\Users\rizki\git\CodingID-QA\Include\Resources\cat01.jpeg' sent to object: 'Object Repository/WEB/Change Profile/ChangeProfile_button_uploadButton'

2023-04-03 08:34:26 - [MESSAGE][PASSED] - File 'C:\Users\rizki\git\CodingID-QA\Include\Resources\cat01.jpeg' sent to object: 'Object Repository/WEB/Change Profile/ChangeProfile_button_uploadButton'

2023-04-03 08:34:26 - [TEST_STEP][PASSED] - setText(findTestObject("WEB/Change Profile/ChangeProfile_inputText_Name"), inputName): Text 'Edited Value' is set on object 'Object Repository/WEB/Change Profile/ChangeProfile_inputText_Name'

2023-04-03 08:34:27 - [MESSAGE][PASSED] - Text 'Edited Value' is set on object 'Object Repository/WEB/Change Profile/ChangeProfile_inputText_Name'

2023-04-03 08:34:27 - [TEST_STEP][PASSED] - setText(findTestObject("WEB/Change Profile/ChangeProfile_inputText_Phone"), inputPhone): Text '081123456789' is set on object 'Object Repository/WEB/Change Profile/ChangeProfile_inputText_Phone'

2023-04-03 08:34:28 - [MESSAGE][PASSED] - Text '081123456789' is set on object 'Object Repository/WEB/Change Profile/ChangeProfile_inputText_Phone'

2023-04-03 08:34:28 - [TEST_STEP][PASSED] - setText(findTestObject("WEB/Change Profile/ChangeProfile_inputText_BirthDay"), inputBirthday): Text '01-Jan-2000' is set on object 'Object Repository/WEB/Change Profile/ChangeProfile_inputText_BirthDay'

2023-04-03 08:34:29 - [MESSAGE][PASSED] - Text '01-Jan-2000' is set on object 'Object Repository/WEB/Change Profile/ChangeProfile_inputText_BirthDay'

2023-04-03 08:34:29 - [TEST_STEP][PASSED] - click(findTestObject("WEB/Change Profile/ChangeProfile_button_Save")): Object: 'Object Repository/WEB/Change Profile/ChangeProfile_button_Save' is clicked on

2023-04-03 08:34:30 - [MESSAGE][PASSED] - Object: 'Object Repository/WEB/Change Profile/ChangeProfile_button_Save' is clicked on

2023-04-03 08:34:30 - [TEST_STEP][PASSED] - delay(2): Delayed 2 second(s)

2023-04-03 08:34:32 - [MESSAGE][PASSED] - Delayed 2 second(s)

2023-04-03 08:34:32 - [TEST_STEP][PASSED] - profileImage = getAttribute(findTestObject("WEB/Profile/Profile_img_profilePhoto"), "src"): Attribute 'src' of object 'Object Repository/WEB/Profile/Profile_img_profilePhoto' is: 'https://storage.googleapis.com/codingid-storage-bucket/storage/uploads/avatar/1680485669cat01.jpeg'

2023-04-03 08:34:33 - [MESSAGE][PASSED] - Attribute 'src' of object 'Object Repository/WEB/Profile/Profile_img_profilePhoto' is: 'https://storage.googleapis.com/codingid-storage-bucket/storage/uploads/avatar/1680485669cat01.jpeg'

2023-04-03 08:34:33 - [TEST_STEP][PASSED] - decodedProfileImage = URLDecoder.decode(profileImage, "UTF-8"): null

2023-04-03 08:34:33 - [TEST_STEP][PASSED] - nameProfile = getText(findTestObject("WEB/Profile/Profile_text_Name")): Text of object 'Object Repository/WEB/Profile/Profile_text_Name' is: 'Edited Value'

2023-04-03 08:34:33 - [MESSAGE][PASSED] - Text of object 'Object Repository/WEB/Profile/Profile_text_Name' is: 'Edited Value'

2023-04-03 08:34:33 - [TEST_STEP][PASSED] - phoneProfile = getText(findTestObject("WEB/Profile/Profile_text_Phone")): Text of object 'Object Repository/WEB/Profile/Profile_text_Phone' is: '081123456789'

2023-04-03 08:34:33 - [MESSAGE][PASSED] - Text of object 'Object Repository/WEB/Profile/Profile_text_Phone' is: '081123456789'

2023-04-03 08:34:33 - [TEST_STEP][PASSED] - birthdayProfile = getText(findTestObject("WEB/Profile/Profile_text_Birthday")): Text of object 'Object Repository/WEB/Profile/Profile_text_Birthday' is: '01-Jan-2000'

2023-04-03 08:34:34 - [MESSAGE][PASSED] - Text of object 'Object Repository/WEB/Profile/Profile_text_Birthday' is: '01-Jan-2000'

2023-04-03 08:34:34 - [TEST_STEP][PASSED] - verifyElementText(findTestObject("Object Repository/WEB/Change Profile/Profile_p_ChangeSuccessNotif"), originalNameProfile + " telah di edit"): Actual text and expected text of test object 'Object Repository/WEB/Change Profile/Profile_p_ChangeSuccessNotif' are matched.

2023-04-03 08:34:34 - [MESSAGE][PASSED] - Actual text and expected text of test object 'Object Repository/WEB/Change Profile/Profile_p_ChangeSuccessNotif' are matched.

2023-04-03 08:34:34 - [TEST_STEP][PASSED] - click(findTestObject("Object Repository/WEB/Change Profile/Profile_button_ChangeSuccessNotif")): Object: 'Object Repository/WEB/Change Profile/Profile_button_ChangeSuccessNotif' is clicked on

2023-04-03 08:34:34 - [MESSAGE][PASSED] - Object: 'Object Repository/WEB/Change Profile/Profile_button_ChangeSuccessNotif' is clicked on

2023-04-03 08:34:34 - [TEST_STEP][PASSED] - assert decodedProfileImage.endsWith(uploadFileName) : "Updated photo does not match the uploaded one": null

2023-04-03 08:34:34 - [TEST_STEP][PASSED] - assert nameProfile == inputName : "Updated Name does not match the inputted one": null

2023-04-03 08:34:34 - [TEST_STEP][PASSED] - assert phoneProfile == inputPhone : "Updated Phone Number does not match the inputted one": null

2023-04-03 08:34:34 - [TEST_STEP][PASSED] - assert birthdayProfile == inputBirthday : "Updated Birthday does not match the inputted one": null]]></system-out>
         <system-err><![CDATA[]]></system-err>
      </testcase>
      <testcase name="Test Cases/Web/CP/CP-02" time="10.714" classname="Test Cases/Web/CP/CP-02" status="PASSED">
         <system-out><![CDATA[2023-04-03 08:34:34 - [TEST_CASE][PASSED] - Test Cases/Web/CP/CP-02: Test Cases/Web/CP/CP-02

2023-04-03 08:34:35 - [TEST_STEP][PASSED] - navigateToUrl("https://demo-app.online/dashboard/profile"): Navigate to 'https://demo-app.online/dashboard/profile' successfully

2023-04-03 08:34:35 - [MESSAGE][PASSED] - Navigate to 'https://demo-app.online/dashboard/profile' successfully

2023-04-03 08:34:35 - [TEST_STEP][PASSED] - uploadFilePath = "/Include/Resources/": null

2023-04-03 08:34:35 - [TEST_STEP][PASSED] - uploadFileName = "cat01.jpeg": null

2023-04-03 08:34:35 - [TEST_STEP][PASSED] - file = new java.io.File(com.kms.katalon.core.configuration.RunConfiguration.getProjectDir(), (uploadFilePath + uploadFileName)): null

2023-04-03 08:34:35 - [TEST_STEP][PASSED] - inputImage = file.toString(): null

2023-04-03 08:34:35 - [TEST_STEP][PASSED] - inputName = "Edited Value".trim(): null

2023-04-03 08:34:35 - [TEST_STEP][PASSED] - inputPhone = "081123456789": null

2023-04-03 08:34:35 - [TEST_STEP][PASSED] - inputBirthday = "01-Jan-2000": null

2023-04-03 08:34:35 - [TEST_STEP][PASSED] - originalProfileImage = getAttribute(findTestObject("WEB/Profile/Profile_img_profilePhoto"), "src"): Attribute 'src' of object 'Object Repository/WEB/Profile/Profile_img_profilePhoto' is: 'https://storage.googleapis.com/codingid-storage-bucket/storage/uploads/avatar/1680485669cat01.jpeg'

2023-04-03 08:34:36 - [MESSAGE][PASSED] - Attribute 'src' of object 'Object Repository/WEB/Profile/Profile_img_profilePhoto' is: 'https://storage.googleapis.com/codingid-storage-bucket/storage/uploads/avatar/1680485669cat01.jpeg'

2023-04-03 08:34:36 - [TEST_STEP][PASSED] - originalDecodedProfileImage = URLDecoder.decode(originalProfileImage, "UTF-8"): null

2023-04-03 08:34:36 - [TEST_STEP][PASSED] - originalNameProfile = getText(findTestObject("WEB/Profile/Profile_text_Name")): Text of object 'Object Repository/WEB/Profile/Profile_text_Name' is: 'Edited Value'

2023-04-03 08:34:36 - [MESSAGE][PASSED] - Text of object 'Object Repository/WEB/Profile/Profile_text_Name' is: 'Edited Value'

2023-04-03 08:34:36 - [TEST_STEP][PASSED] - originalPhoneProfile = getText(findTestObject("WEB/Profile/Profile_text_Phone")): Text of object 'Object Repository/WEB/Profile/Profile_text_Phone' is: '081123456789'

2023-04-03 08:34:36 - [MESSAGE][PASSED] - Text of object 'Object Repository/WEB/Profile/Profile_text_Phone' is: '081123456789'

2023-04-03 08:34:36 - [TEST_STEP][PASSED] - originalBirthdayProfile = getText(findTestObject("WEB/Profile/Profile_text_Birthday")): Text of object 'Object Repository/WEB/Profile/Profile_text_Birthday' is: '01-Jan-2000'

2023-04-03 08:34:37 - [MESSAGE][PASSED] - Text of object 'Object Repository/WEB/Profile/Profile_text_Birthday' is: '01-Jan-2000'

2023-04-03 08:34:37 - [TEST_STEP][PASSED] - click(findTestObject("WEB/Profile/Profile_button_EditProfile")): Object: 'Object Repository/WEB/Profile/Profile_button_EditProfile' is clicked on

2023-04-03 08:34:38 - [MESSAGE][PASSED] - Object: 'Object Repository/WEB/Profile/Profile_button_EditProfile' is clicked on

2023-04-03 08:34:38 - [TEST_STEP][PASSED] - uploadFile(findTestObject("WEB/Change Profile/ChangeProfile_button_uploadButton"), inputImage): File 'C:\Users\rizki\git\CodingID-QA\Include\Resources\cat01.jpeg' sent to object: 'Object Repository/WEB/Change Profile/ChangeProfile_button_uploadButton'

2023-04-03 08:34:38 - [MESSAGE][PASSED] - File 'C:\Users\rizki\git\CodingID-QA\Include\Resources\cat01.jpeg' sent to object: 'Object Repository/WEB/Change Profile/ChangeProfile_button_uploadButton'

2023-04-03 08:34:38 - [TEST_STEP][PASSED] - setText(findTestObject("WEB/Change Profile/ChangeProfile_inputText_Name"), inputName): Text 'Edited Value' is set on object 'Object Repository/WEB/Change Profile/ChangeProfile_inputText_Name'

2023-04-03 08:34:39 - [MESSAGE][PASSED] - Text 'Edited Value' is set on object 'Object Repository/WEB/Change Profile/ChangeProfile_inputText_Name'

2023-04-03 08:34:39 - [TEST_STEP][PASSED] - setText(findTestObject("WEB/Change Profile/ChangeProfile_inputText_Phone"), inputPhone): Text '081123456789' is set on object 'Object Repository/WEB/Change Profile/ChangeProfile_inputText_Phone'

2023-04-03 08:34:40 - [MESSAGE][PASSED] - Text '081123456789' is set on object 'Object Repository/WEB/Change Profile/ChangeProfile_inputText_Phone'

2023-04-03 08:34:40 - [TEST_STEP][PASSED] - setText(findTestObject("WEB/Change Profile/ChangeProfile_inputText_BirthDay"), inputBirthday): Text '01-Jan-2000' is set on object 'Object Repository/WEB/Change Profile/ChangeProfile_inputText_BirthDay'

2023-04-03 08:34:41 - [MESSAGE][PASSED] - Text '01-Jan-2000' is set on object 'Object Repository/WEB/Change Profile/ChangeProfile_inputText_BirthDay'

2023-04-03 08:34:41 - [TEST_STEP][PASSED] - click(findTestObject("WEB/Change Profile/ChangeProfile_button_Cancel")): Object: 'Object Repository/WEB/Change Profile/ChangeProfile_button_Cancel' is clicked on

2023-04-03 08:34:41 - [MESSAGE][PASSED] - Object: 'Object Repository/WEB/Change Profile/ChangeProfile_button_Cancel' is clicked on

2023-04-03 08:34:41 - [TEST_STEP][PASSED] - delay(2): Delayed 2 second(s)

2023-04-03 08:34:43 - [MESSAGE][PASSED] - Delayed 2 second(s)

2023-04-03 08:34:43 - [TEST_STEP][PASSED] - profileImage = getAttribute(findTestObject("WEB/Profile/Profile_img_profilePhoto"), "src"): Attribute 'src' of object 'Object Repository/WEB/Profile/Profile_img_profilePhoto' is: 'https://storage.googleapis.com/codingid-storage-bucket/storage/uploads/avatar/1680485669cat01.jpeg'

2023-04-03 08:34:44 - [MESSAGE][PASSED] - Attribute 'src' of object 'Object Repository/WEB/Profile/Profile_img_profilePhoto' is: 'https://storage.googleapis.com/codingid-storage-bucket/storage/uploads/avatar/1680485669cat01.jpeg'

2023-04-03 08:34:44 - [TEST_STEP][PASSED] - decodedProfileImage = URLDecoder.decode(profileImage, "UTF-8"): null

2023-04-03 08:34:44 - [TEST_STEP][PASSED] - nameProfile = getText(findTestObject("WEB/Profile/Profile_text_Name")): Text of object 'Object Repository/WEB/Profile/Profile_text_Name' is: 'Edited Value'

2023-04-03 08:34:44 - [MESSAGE][PASSED] - Text of object 'Object Repository/WEB/Profile/Profile_text_Name' is: 'Edited Value'

2023-04-03 08:34:44 - [TEST_STEP][PASSED] - phoneProfile = getText(findTestObject("WEB/Profile/Profile_text_Phone")): Text of object 'Object Repository/WEB/Profile/Profile_text_Phone' is: '081123456789'

2023-04-03 08:34:44 - [MESSAGE][PASSED] - Text of object 'Object Repository/WEB/Profile/Profile_text_Phone' is: '081123456789'

2023-04-03 08:34:44 - [TEST_STEP][PASSED] - birthdayProfile = getText(findTestObject("WEB/Profile/Profile_text_Birthday")): Text of object 'Object Repository/WEB/Profile/Profile_text_Birthday' is: '01-Jan-2000'

2023-04-03 08:34:45 - [MESSAGE][PASSED] - Text of object 'Object Repository/WEB/Profile/Profile_text_Birthday' is: '01-Jan-2000'

2023-04-03 08:34:45 - [TEST_STEP][PASSED] - assert verifyElementNotPresent(findTestObject("Object Repository/WEB/Change Profile/Profile_p_ChangeSuccessNotif"), 2) : "Profile was updated, not cancelled": Web element with id: 'Object Repository/WEB/Change Profile/Profile_p_ChangeSuccessNotif' located by 'By.xpath: (.//*[normalize-space(text()) and normalize-space(.)='Berhasil'])[1]/following::div[1]' is not present after '2' second(s)

2023-04-03 08:34:45 - [MESSAGE][PASSED] - Web element with id: 'Object Repository/WEB/Change Profile/Profile_p_ChangeSuccessNotif' located by 'By.xpath: (.//*[normalize-space(text()) and normalize-space(.)='Berhasil'])[1]/following::div[1]' is not present after '2' second(s)

2023-04-03 08:34:45 - [TEST_STEP][PASSED] - assert decodedProfileImage == originalDecodedProfileImage : "Updated photo does not match the uploaded one": null

2023-04-03 08:34:45 - [TEST_STEP][PASSED] - assert nameProfile == originalNameProfile : "Updated Name does not match the inputted one": null

2023-04-03 08:34:45 - [TEST_STEP][PASSED] - assert phoneProfile == originalPhoneProfile : "Updated Phone Number does not match the inputted one": null

2023-04-03 08:34:45 - [TEST_STEP][PASSED] - assert birthdayProfile == originalBirthdayProfile : "Updated Birthday does not match the inputted one": null]]></system-out>
         <system-err><![CDATA[]]></system-err>
      </testcase>
      <testcase name="Test Cases/Web/CP/CP-03" time="0.371" classname="Test Cases/Web/CP/CP-03" status="ERROR">
         <error type="ERROR" message="Test Cases/Web/CP/CP-03 FAILED.
Reason:
org.codehaus.groovy.control.MultipleCompilationErrorsException: startup failed:
file:/C:/Users/rizki/git/CodingID-QA/Scripts/Web/CP/CP-03/Script1680330345305.groovy: 50: The current scope already contains a variable of the name originalNameProfile
 @ line 50, column 5.
   def originalNameProfile = WebUI.getText(findTestObject('WEB/Profile/Profile_text_Name'))
       ^

1 error

	at com.kms.katalon.core.main.ScriptEngine.getScript(ScriptEngine.java:199)
	at com.kms.katalon.core.main.ScriptEngine.run(ScriptEngine.java:194)
	at com.kms.katalon.core.main.ScriptEngine.runScriptAsRawText(ScriptEngine.java:119)
	at com.kms.katalon.core.main.TestCaseExecutor.runScript(TestCaseExecutor.java:448)
	at com.kms.katalon.core.main.TestCaseExecutor.doExecute(TestCaseExecutor.java:439)
	at com.kms.katalon.core.main.TestCaseExecutor.processExecutionPhase(TestCaseExecutor.java:418)
	at com.kms.katalon.core.main.TestCaseExecutor.accessMainPhase(TestCaseExecutor.java:410)
	at com.kms.katalon.core.main.TestCaseExecutor.execute(TestCaseExecutor.java:285)
	at com.kms.katalon.core.common.CommonExecutor.accessTestCaseMainPhase(CommonExecutor.java:65)
	at com.kms.katalon.core.main.TestSuiteExecutor.accessTestSuiteMainPhase(TestSuiteExecutor.java:151)
	at com.kms.katalon.core.main.TestSuiteExecutor.execute(TestSuiteExecutor.java:106)
	at com.kms.katalon.core.main.TestCaseMain.startTestSuite(TestCaseMain.java:185)
	at com.kms.katalon.core.main.TestCaseMain$startTestSuite$0.call(Unknown Source)
	at TempTestSuite1680485631021.run(TempTestSuite1680485631021.groovy:36)
"/>
         <system-out><![CDATA[2023-04-03 08:34:45 - [TEST_CASE][ERROR] - Test Cases/Web/CP/CP-03: Test Cases/Web/CP/CP-03 FAILED.
Reason:
org.codehaus.groovy.control.MultipleCompilationErrorsException: startup failed:
file:/C:/Users/rizki/git/CodingID-QA/Scripts/Web/CP/CP-03/Script1680330345305.groovy: 50: The current scope already contains a variable of the name originalNameProfile
 @ line 50, column 5.
   def originalNameProfile = WebUI.getText(findTestObject('WEB/Profile/Profile_text_Name'))
       ^

1 error

	at com.kms.katalon.core.main.ScriptEngine.getScript(ScriptEngine.java:199)
	at com.kms.katalon.core.main.ScriptEngine.run(ScriptEngine.java:194)
	at com.kms.katalon.core.main.ScriptEngine.runScriptAsRawText(ScriptEngine.java:119)
	at com.kms.katalon.core.main.TestCaseExecutor.runScript(TestCaseExecutor.java:448)
	at com.kms.katalon.core.main.TestCaseExecutor.doExecute(TestCaseExecutor.java:439)
	at com.kms.katalon.core.main.TestCaseExecutor.processExecutionPhase(TestCaseExecutor.java:418)
	at com.kms.katalon.core.main.TestCaseExecutor.accessMainPhase(TestCaseExecutor.java:410)
	at com.kms.katalon.core.main.TestCaseExecutor.execute(TestCaseExecutor.java:285)
	at com.kms.katalon.core.common.CommonExecutor.accessTestCaseMainPhase(CommonExecutor.java:65)
	at com.kms.katalon.core.main.TestSuiteExecutor.accessTestSuiteMainPhase(TestSuiteExecutor.java:151)
	at com.kms.katalon.core.main.TestSuiteExecutor.execute(TestSuiteExecutor.java:106)
	at com.kms.katalon.core.main.TestCaseMain.startTestSuite(TestCaseMain.java:185)
	at com.kms.katalon.core.main.TestCaseMain$startTestSuite$0.call(Unknown Source)
	at TempTestSuite1680485631021.run(TempTestSuite1680485631021.groovy:36)]]></system-out>
         <system-err><![CDATA[2023-04-03 08:34:45 - [TEST_CASE][ERROR] - Test Cases/Web/CP/CP-03: Test Cases/Web/CP/CP-03 FAILED.
Reason:
org.codehaus.groovy.control.MultipleCompilationErrorsException: startup failed:
file:/C:/Users/rizki/git/CodingID-QA/Scripts/Web/CP/CP-03/Script1680330345305.groovy: 50: The current scope already contains a variable of the name originalNameProfile
 @ line 50, column 5.
   def originalNameProfile = WebUI.getText(findTestObject('WEB/Profile/Profile_text_Name'))
       ^

1 error

	at com.kms.katalon.core.main.ScriptEngine.getScript(ScriptEngine.java:199)
	at com.kms.katalon.core.main.ScriptEngine.run(ScriptEngine.java:194)
	at com.kms.katalon.core.main.ScriptEngine.runScriptAsRawText(ScriptEngine.java:119)
	at com.kms.katalon.core.main.TestCaseExecutor.runScript(TestCaseExecutor.java:448)
	at com.kms.katalon.core.main.TestCaseExecutor.doExecute(TestCaseExecutor.java:439)
	at com.kms.katalon.core.main.TestCaseExecutor.processExecutionPhase(TestCaseExecutor.java:418)
	at com.kms.katalon.core.main.TestCaseExecutor.accessMainPhase(TestCaseExecutor.java:410)
	at com.kms.katalon.core.main.TestCaseExecutor.execute(TestCaseExecutor.java:285)
	at com.kms.katalon.core.common.CommonExecutor.accessTestCaseMainPhase(CommonExecutor.java:65)
	at com.kms.katalon.core.main.TestSuiteExecutor.accessTestSuiteMainPhase(TestSuiteExecutor.java:151)
	at com.kms.katalon.core.main.TestSuiteExecutor.execute(TestSuiteExecutor.java:106)
	at com.kms.katalon.core.main.TestCaseMain.startTestSuite(TestCaseMain.java:185)
	at com.kms.katalon.core.main.TestCaseMain$startTestSuite$0.call(Unknown Source)
	at TempTestSuite1680485631021.run(TempTestSuite1680485631021.groovy:36)]]></system-err>
      </testcase>
      <testcase name="Test Cases/Web/CP/CP-04" time="51.969" classname="Test Cases/Web/CP/CP-04" status="PASSED">
         <system-out><![CDATA[2023-04-03 08:34:45 - [TEST_CASE][PASSED] - Test Cases/Web/CP/CP-04: Test Cases/Web/CP/CP-04

2023-04-03 08:34:46 - [TEST_STEP][PASSED] - navigateToUrl("https://demo-app.online/dashboard/profile"): Navigate to 'https://demo-app.online/dashboard/profile' successfully

2023-04-03 08:34:46 - [MESSAGE][PASSED] - Navigate to 'https://demo-app.online/dashboard/profile' successfully

2023-04-03 08:34:46 - [TEST_STEP][PASSED] - testData = findTestData("Data Files/Web/ChangeProfile_Photo"): null

2023-04-03 08:34:47 - [TEST_STEP][PASSED] - for ([i = 1, i <= testData.getRowNumbers(), (i++)]): null

2023-04-03 08:34:47 - [TEST_STEP][PASSED] - uploadFilePath = "/Include/Resources/": null

2023-04-03 08:34:47 - [TEST_STEP][PASSED] - uploadFileName = testData.getValue("photo", i): null

2023-04-03 08:34:47 - [TEST_STEP][PASSED] - file = new java.io.File(com.kms.katalon.core.configuration.RunConfiguration.getProjectDir(), (uploadFilePath + uploadFileName)): null

2023-04-03 08:34:47 - [TEST_STEP][PASSED] - inputImage = file.toString(): null

2023-04-03 08:34:47 - [TEST_STEP][PASSED] - inputName = "Edited Value".trim(): null

2023-04-03 08:34:47 - [TEST_STEP][PASSED] - inputPhone = "081123456789": null

2023-04-03 08:34:47 - [TEST_STEP][PASSED] - inputBirthday = "01-Jan-2000": null

2023-04-03 08:34:47 - [TEST_STEP][PASSED] - originalNameProfile = getText(findTestObject("WEB/Profile/Profile_text_Name")).trim(): Text of object 'Object Repository/WEB/Profile/Profile_text_Name' is: 'Edited Value'

2023-04-03 08:34:47 - [MESSAGE][PASSED] - Text of object 'Object Repository/WEB/Profile/Profile_text_Name' is: 'Edited Value'

2023-04-03 08:34:47 - [TEST_STEP][PASSED] - click(findTestObject("WEB/Profile/Profile_button_EditProfile")): Object: 'Object Repository/WEB/Profile/Profile_button_EditProfile' is clicked on

2023-04-03 08:34:48 - [MESSAGE][PASSED] - Object: 'Object Repository/WEB/Profile/Profile_button_EditProfile' is clicked on

2023-04-03 08:34:48 - [TEST_STEP][PASSED] - uploadFile(findTestObject("WEB/Change Profile/ChangeProfile_button_uploadButton"), inputImage): File 'C:\Users\rizki\git\CodingID-QA\Include\Resources\cat01.jpeg' sent to object: 'Object Repository/WEB/Change Profile/ChangeProfile_button_uploadButton'

2023-04-03 08:34:48 - [MESSAGE][PASSED] - File 'C:\Users\rizki\git\CodingID-QA\Include\Resources\cat01.jpeg' sent to object: 'Object Repository/WEB/Change Profile/ChangeProfile_button_uploadButton'

2023-04-03 08:34:48 - [TEST_STEP][PASSED] - setText(findTestObject("WEB/Change Profile/ChangeProfile_inputText_Name"), inputName): Text 'Edited Value' is set on object 'Object Repository/WEB/Change Profile/ChangeProfile_inputText_Name'

2023-04-03 08:34:49 - [MESSAGE][PASSED] - Text 'Edited Value' is set on object 'Object Repository/WEB/Change Profile/ChangeProfile_inputText_Name'

2023-04-03 08:34:49 - [TEST_STEP][PASSED] - setText(findTestObject("WEB/Change Profile/ChangeProfile_inputText_Phone"), inputPhone): Text '081123456789' is set on object 'Object Repository/WEB/Change Profile/ChangeProfile_inputText_Phone'

2023-04-03 08:34:50 - [MESSAGE][PASSED] - Text '081123456789' is set on object 'Object Repository/WEB/Change Profile/ChangeProfile_inputText_Phone'

2023-04-03 08:34:50 - [TEST_STEP][PASSED] - setText(findTestObject("WEB/Change Profile/ChangeProfile_inputText_BirthDay"), inputBirthday): Text '01-Jan-2000' is set on object 'Object Repository/WEB/Change Profile/ChangeProfile_inputText_BirthDay'

2023-04-03 08:34:51 - [MESSAGE][PASSED] - Text '01-Jan-2000' is set on object 'Object Repository/WEB/Change Profile/ChangeProfile_inputText_BirthDay'

2023-04-03 08:34:51 - [TEST_STEP][PASSED] - nameInputValue = getAttribute(findTestObject("WEB/Change Profile/ChangeProfile_inputText_Name"), "value"): Attribute 'value' of object 'Object Repository/WEB/Change Profile/ChangeProfile_inputText_Name' is: 'Edited Value'

2023-04-03 08:34:51 - [MESSAGE][PASSED] - Attribute 'value' of object 'Object Repository/WEB/Change Profile/ChangeProfile_inputText_Name' is: 'Edited Value'

2023-04-03 08:34:51 - [TEST_STEP][PASSED] - click(findTestObject("WEB/Change Profile/ChangeProfile_button_Save")): Object: 'Object Repository/WEB/Change Profile/ChangeProfile_button_Save' is clicked on

2023-04-03 08:34:53 - [MESSAGE][PASSED] - Object: 'Object Repository/WEB/Change Profile/ChangeProfile_button_Save' is clicked on

2023-04-03 08:34:53 - [TEST_STEP][PASSED] - delay(2): Delayed 2 second(s)

2023-04-03 08:34:55 - [MESSAGE][PASSED] - Delayed 2 second(s)

2023-04-03 08:34:55 - [TEST_STEP][PASSED] - profileImage = getAttribute(findTestObject("WEB/Profile/Profile_img_profilePhoto"), "src"): Attribute 'src' of object 'Object Repository/WEB/Profile/Profile_img_profilePhoto' is: 'https://storage.googleapis.com/codingid-storage-bucket/storage/uploads/avatar/1680485692cat01.jpeg'

2023-04-03 08:34:55 - [MESSAGE][PASSED] - Attribute 'src' of object 'Object Repository/WEB/Profile/Profile_img_profilePhoto' is: 'https://storage.googleapis.com/codingid-storage-bucket/storage/uploads/avatar/1680485692cat01.jpeg'

2023-04-03 08:34:55 - [TEST_STEP][PASSED] - decodedProfileImage = URLDecoder.decode(profileImage, "UTF-8"): null

2023-04-03 08:34:55 - [TEST_STEP][PASSED] - nameProfile = getText(findTestObject("WEB/Profile/Profile_text_Name")): Text of object 'Object Repository/WEB/Profile/Profile_text_Name' is: 'Edited Value'

2023-04-03 08:34:55 - [MESSAGE][PASSED] - Text of object 'Object Repository/WEB/Profile/Profile_text_Name' is: 'Edited Value'

2023-04-03 08:34:55 - [TEST_STEP][PASSED] - phoneProfile = getText(findTestObject("WEB/Profile/Profile_text_Phone")): Text of object 'Object Repository/WEB/Profile/Profile_text_Phone' is: '081123456789'

2023-04-03 08:34:56 - [MESSAGE][PASSED] - Text of object 'Object Repository/WEB/Profile/Profile_text_Phone' is: '081123456789'

2023-04-03 08:34:56 - [TEST_STEP][PASSED] - birthdayProfile = getText(findTestObject("WEB/Profile/Profile_text_Birthday")): Text of object 'Object Repository/WEB/Profile/Profile_text_Birthday' is: '01-Jan-2000'

2023-04-03 08:34:56 - [MESSAGE][PASSED] - Text of object 'Object Repository/WEB/Profile/Profile_text_Birthday' is: '01-Jan-2000'

2023-04-03 08:34:56 - [TEST_STEP][PASSED] - verifyElementText(findTestObject("Object Repository/WEB/Change Profile/Profile_p_ChangeSuccessNotif"), originalNameProfile + " telah di edit"): Actual text and expected text of test object 'Object Repository/WEB/Change Profile/Profile_p_ChangeSuccessNotif' are matched.

2023-04-03 08:34:56 - [MESSAGE][PASSED] - Actual text and expected text of test object 'Object Repository/WEB/Change Profile/Profile_p_ChangeSuccessNotif' are matched.

2023-04-03 08:34:56 - [TEST_STEP][PASSED] - click(findTestObject("Object Repository/WEB/Change Profile/Profile_button_ChangeSuccessNotif")): Object: 'Object Repository/WEB/Change Profile/Profile_button_ChangeSuccessNotif' is clicked on

2023-04-03 08:34:57 - [MESSAGE][PASSED] - Object: 'Object Repository/WEB/Change Profile/Profile_button_ChangeSuccessNotif' is clicked on

2023-04-03 08:34:57 - [TEST_STEP][PASSED] - assert decodedProfileImage.endsWith(uploadFileName) : "Updated photo does not match the uploaded one": null

2023-04-03 08:34:57 - [TEST_STEP][PASSED] - assert nameProfile == inputName : "Updated Name does not match the inputted one": null

2023-04-03 08:34:57 - [TEST_STEP][PASSED] - assert phoneProfile == inputPhone : "Updated Phone Number does not match the inputted one": null

2023-04-03 08:34:57 - [TEST_STEP][PASSED] - assert birthdayProfile == inputBirthday : "Updated Birthday does not match the inputted one": null

2023-04-03 08:34:57 - [TEST_STEP][PASSED] - uploadFilePath = "/Include/Resources/": null

2023-04-03 08:34:57 - [TEST_STEP][PASSED] - uploadFileName = testData.getValue("photo", i): null

2023-04-03 08:34:57 - [TEST_STEP][PASSED] - file = new java.io.File(com.kms.katalon.core.configuration.RunConfiguration.getProjectDir(), (uploadFilePath + uploadFileName)): null

2023-04-03 08:34:57 - [TEST_STEP][PASSED] - inputImage = file.toString(): null

2023-04-03 08:34:57 - [TEST_STEP][PASSED] - inputName = "Edited Value".trim(): null

2023-04-03 08:34:57 - [TEST_STEP][PASSED] - inputPhone = "081123456789": null

2023-04-03 08:34:57 - [TEST_STEP][PASSED] - inputBirthday = "01-Jan-2000": null

2023-04-03 08:34:57 - [TEST_STEP][PASSED] - originalNameProfile = getText(findTestObject("WEB/Profile/Profile_text_Name")).trim(): Text of object 'Object Repository/WEB/Profile/Profile_text_Name' is: 'Edited Value'

2023-04-03 08:34:57 - [MESSAGE][PASSED] - Text of object 'Object Repository/WEB/Profile/Profile_text_Name' is: 'Edited Value'

2023-04-03 08:34:57 - [TEST_STEP][PASSED] - click(findTestObject("WEB/Profile/Profile_button_EditProfile")): Object: 'Object Repository/WEB/Profile/Profile_button_EditProfile' is clicked on

2023-04-03 08:34:58 - [MESSAGE][PASSED] - Object: 'Object Repository/WEB/Profile/Profile_button_EditProfile' is clicked on

2023-04-03 08:34:58 - [TEST_STEP][PASSED] - uploadFile(findTestObject("WEB/Change Profile/ChangeProfile_button_uploadButton"), inputImage): File 'C:\Users\rizki\git\CodingID-QA\Include\Resources\cat02.jpeg' sent to object: 'Object Repository/WEB/Change Profile/ChangeProfile_button_uploadButton'

2023-04-03 08:34:58 - [MESSAGE][PASSED] - File 'C:\Users\rizki\git\CodingID-QA\Include\Resources\cat02.jpeg' sent to object: 'Object Repository/WEB/Change Profile/ChangeProfile_button_uploadButton'

2023-04-03 08:34:58 - [TEST_STEP][PASSED] - setText(findTestObject("WEB/Change Profile/ChangeProfile_inputText_Name"), inputName): Text 'Edited Value' is set on object 'Object Repository/WEB/Change Profile/ChangeProfile_inputText_Name'

2023-04-03 08:34:59 - [MESSAGE][PASSED] - Text 'Edited Value' is set on object 'Object Repository/WEB/Change Profile/ChangeProfile_inputText_Name'

2023-04-03 08:34:59 - [TEST_STEP][PASSED] - setText(findTestObject("WEB/Change Profile/ChangeProfile_inputText_Phone"), inputPhone): Text '081123456789' is set on object 'Object Repository/WEB/Change Profile/ChangeProfile_inputText_Phone'

2023-04-03 08:35:00 - [MESSAGE][PASSED] - Text '081123456789' is set on object 'Object Repository/WEB/Change Profile/ChangeProfile_inputText_Phone'

2023-04-03 08:35:00 - [TEST_STEP][PASSED] - setText(findTestObject("WEB/Change Profile/ChangeProfile_inputText_BirthDay"), inputBirthday): Text '01-Jan-2000' is set on object 'Object Repository/WEB/Change Profile/ChangeProfile_inputText_BirthDay'

2023-04-03 08:35:01 - [MESSAGE][PASSED] - Text '01-Jan-2000' is set on object 'Object Repository/WEB/Change Profile/ChangeProfile_inputText_BirthDay'

2023-04-03 08:35:01 - [TEST_STEP][PASSED] - nameInputValue = getAttribute(findTestObject("WEB/Change Profile/ChangeProfile_inputText_Name"), "value"): Attribute 'value' of object 'Object Repository/WEB/Change Profile/ChangeProfile_inputText_Name' is: 'Edited Value'

2023-04-03 08:35:01 - [MESSAGE][PASSED] - Attribute 'value' of object 'Object Repository/WEB/Change Profile/ChangeProfile_inputText_Name' is: 'Edited Value'

2023-04-03 08:35:01 - [TEST_STEP][PASSED] - click(findTestObject("WEB/Change Profile/ChangeProfile_button_Save")): Object: 'Object Repository/WEB/Change Profile/ChangeProfile_button_Save' is clicked on

2023-04-03 08:35:04 - [MESSAGE][PASSED] - Object: 'Object Repository/WEB/Change Profile/ChangeProfile_button_Save' is clicked on

2023-04-03 08:35:04 - [TEST_STEP][PASSED] - delay(2): Delayed 2 second(s)

2023-04-03 08:35:06 - [MESSAGE][PASSED] - Delayed 2 second(s)

2023-04-03 08:35:06 - [TEST_STEP][PASSED] - profileImage = getAttribute(findTestObject("WEB/Profile/Profile_img_profilePhoto"), "src"): Attribute 'src' of object 'Object Repository/WEB/Profile/Profile_img_profilePhoto' is: 'https://storage.googleapis.com/codingid-storage-bucket/storage/uploads/avatar/1680485703cat02.jpeg'

2023-04-03 08:35:06 - [MESSAGE][PASSED] - Attribute 'src' of object 'Object Repository/WEB/Profile/Profile_img_profilePhoto' is: 'https://storage.googleapis.com/codingid-storage-bucket/storage/uploads/avatar/1680485703cat02.jpeg'

2023-04-03 08:35:06 - [TEST_STEP][PASSED] - decodedProfileImage = URLDecoder.decode(profileImage, "UTF-8"): null

2023-04-03 08:35:06 - [TEST_STEP][PASSED] - nameProfile = getText(findTestObject("WEB/Profile/Profile_text_Name")): Text of object 'Object Repository/WEB/Profile/Profile_text_Name' is: 'Edited Value'

2023-04-03 08:35:07 - [MESSAGE][PASSED] - Text of object 'Object Repository/WEB/Profile/Profile_text_Name' is: 'Edited Value'

2023-04-03 08:35:07 - [TEST_STEP][PASSED] - phoneProfile = getText(findTestObject("WEB/Profile/Profile_text_Phone")): Text of object 'Object Repository/WEB/Profile/Profile_text_Phone' is: '081123456789'

2023-04-03 08:35:07 - [MESSAGE][PASSED] - Text of object 'Object Repository/WEB/Profile/Profile_text_Phone' is: '081123456789'

2023-04-03 08:35:07 - [TEST_STEP][PASSED] - birthdayProfile = getText(findTestObject("WEB/Profile/Profile_text_Birthday")): Text of object 'Object Repository/WEB/Profile/Profile_text_Birthday' is: '01-Jan-2000'

2023-04-03 08:35:07 - [MESSAGE][PASSED] - Text of object 'Object Repository/WEB/Profile/Profile_text_Birthday' is: '01-Jan-2000'

2023-04-03 08:35:07 - [TEST_STEP][PASSED] - verifyElementText(findTestObject("Object Repository/WEB/Change Profile/Profile_p_ChangeSuccessNotif"), originalNameProfile + " telah di edit"): Actual text and expected text of test object 'Object Repository/WEB/Change Profile/Profile_p_ChangeSuccessNotif' are matched.

2023-04-03 08:35:08 - [MESSAGE][PASSED] - Actual text and expected text of test object 'Object Repository/WEB/Change Profile/Profile_p_ChangeSuccessNotif' are matched.

2023-04-03 08:35:08 - [TEST_STEP][PASSED] - click(findTestObject("Object Repository/WEB/Change Profile/Profile_button_ChangeSuccessNotif")): Object: 'Object Repository/WEB/Change Profile/Profile_button_ChangeSuccessNotif' is clicked on

2023-04-03 08:35:08 - [MESSAGE][PASSED] - Object: 'Object Repository/WEB/Change Profile/Profile_button_ChangeSuccessNotif' is clicked on

2023-04-03 08:35:08 - [TEST_STEP][PASSED] - assert decodedProfileImage.endsWith(uploadFileName) : "Updated photo does not match the uploaded one": null

2023-04-03 08:35:08 - [TEST_STEP][PASSED] - assert nameProfile == inputName : "Updated Name does not match the inputted one": null

2023-04-03 08:35:08 - [TEST_STEP][PASSED] - assert phoneProfile == inputPhone : "Updated Phone Number does not match the inputted one": null

2023-04-03 08:35:08 - [TEST_STEP][PASSED] - assert birthdayProfile == inputBirthday : "Updated Birthday does not match the inputted one": null

2023-04-03 08:35:08 - [TEST_STEP][PASSED] - uploadFilePath = "/Include/Resources/": null

2023-04-03 08:35:08 - [TEST_STEP][PASSED] - uploadFileName = testData.getValue("photo", i): null

2023-04-03 08:35:08 - [TEST_STEP][PASSED] - file = new java.io.File(com.kms.katalon.core.configuration.RunConfiguration.getProjectDir(), (uploadFilePath + uploadFileName)): null

2023-04-03 08:35:08 - [TEST_STEP][PASSED] - inputImage = file.toString(): null

2023-04-03 08:35:08 - [TEST_STEP][PASSED] - inputName = "Edited Value".trim(): null

2023-04-03 08:35:08 - [TEST_STEP][PASSED] - inputPhone = "081123456789": null

2023-04-03 08:35:08 - [TEST_STEP][PASSED] - inputBirthday = "01-Jan-2000": null

2023-04-03 08:35:08 - [TEST_STEP][PASSED] - originalNameProfile = getText(findTestObject("WEB/Profile/Profile_text_Name")).trim(): Text of object 'Object Repository/WEB/Profile/Profile_text_Name' is: 'Edited Value'

2023-04-03 08:35:08 - [MESSAGE][PASSED] - Text of object 'Object Repository/WEB/Profile/Profile_text_Name' is: 'Edited Value'

2023-04-03 08:35:08 - [TEST_STEP][PASSED] - click(findTestObject("WEB/Profile/Profile_button_EditProfile")): Object: 'Object Repository/WEB/Profile/Profile_button_EditProfile' is clicked on

2023-04-03 08:35:09 - [MESSAGE][PASSED] - Object: 'Object Repository/WEB/Profile/Profile_button_EditProfile' is clicked on

2023-04-03 08:35:09 - [TEST_STEP][PASSED] - uploadFile(findTestObject("WEB/Change Profile/ChangeProfile_button_uploadButton"), inputImage): File 'C:\Users\rizki\git\CodingID-QA\Include\Resources\cat03.jpeg' sent to object: 'Object Repository/WEB/Change Profile/ChangeProfile_button_uploadButton'

2023-04-03 08:35:10 - [MESSAGE][PASSED] - File 'C:\Users\rizki\git\CodingID-QA\Include\Resources\cat03.jpeg' sent to object: 'Object Repository/WEB/Change Profile/ChangeProfile_button_uploadButton'

2023-04-03 08:35:10 - [TEST_STEP][PASSED] - setText(findTestObject("WEB/Change Profile/ChangeProfile_inputText_Name"), inputName): Text 'Edited Value' is set on object 'Object Repository/WEB/Change Profile/ChangeProfile_inputText_Name'

2023-04-03 08:35:11 - [MESSAGE][PASSED] - Text 'Edited Value' is set on object 'Object Repository/WEB/Change Profile/ChangeProfile_inputText_Name'

2023-04-03 08:35:11 - [TEST_STEP][PASSED] - setText(findTestObject("WEB/Change Profile/ChangeProfile_inputText_Phone"), inputPhone): Text '081123456789' is set on object 'Object Repository/WEB/Change Profile/ChangeProfile_inputText_Phone'

2023-04-03 08:35:11 - [MESSAGE][PASSED] - Text '081123456789' is set on object 'Object Repository/WEB/Change Profile/ChangeProfile_inputText_Phone'

2023-04-03 08:35:11 - [TEST_STEP][PASSED] - setText(findTestObject("WEB/Change Profile/ChangeProfile_inputText_BirthDay"), inputBirthday): Text '01-Jan-2000' is set on object 'Object Repository/WEB/Change Profile/ChangeProfile_inputText_BirthDay'

2023-04-03 08:35:12 - [MESSAGE][PASSED] - Text '01-Jan-2000' is set on object 'Object Repository/WEB/Change Profile/ChangeProfile_inputText_BirthDay'

2023-04-03 08:35:12 - [TEST_STEP][PASSED] - nameInputValue = getAttribute(findTestObject("WEB/Change Profile/ChangeProfile_inputText_Name"), "value"): Attribute 'value' of object 'Object Repository/WEB/Change Profile/ChangeProfile_inputText_Name' is: 'Edited Value'

2023-04-03 08:35:13 - [MESSAGE][PASSED] - Attribute 'value' of object 'Object Repository/WEB/Change Profile/ChangeProfile_inputText_Name' is: 'Edited Value'

2023-04-03 08:35:13 - [TEST_STEP][PASSED] - click(findTestObject("WEB/Change Profile/ChangeProfile_button_Save")): Object: 'Object Repository/WEB/Change Profile/ChangeProfile_button_Save' is clicked on

2023-04-03 08:35:14 - [MESSAGE][PASSED] - Object: 'Object Repository/WEB/Change Profile/ChangeProfile_button_Save' is clicked on

2023-04-03 08:35:14 - [TEST_STEP][PASSED] - delay(2): Delayed 2 second(s)

2023-04-03 08:35:16 - [MESSAGE][PASSED] - Delayed 2 second(s)

2023-04-03 08:35:16 - [TEST_STEP][PASSED] - profileImage = getAttribute(findTestObject("WEB/Profile/Profile_img_profilePhoto"), "src"): Attribute 'src' of object 'Object Repository/WEB/Profile/Profile_img_profilePhoto' is: 'https://storage.googleapis.com/codingid-storage-bucket/storage/uploads/avatar/1680485713cat03.jpeg'

2023-04-03 08:35:17 - [MESSAGE][PASSED] - Attribute 'src' of object 'Object Repository/WEB/Profile/Profile_img_profilePhoto' is: 'https://storage.googleapis.com/codingid-storage-bucket/storage/uploads/avatar/1680485713cat03.jpeg'

2023-04-03 08:35:17 - [TEST_STEP][PASSED] - decodedProfileImage = URLDecoder.decode(profileImage, "UTF-8"): null

2023-04-03 08:35:17 - [TEST_STEP][PASSED] - nameProfile = getText(findTestObject("WEB/Profile/Profile_text_Name")): Text of object 'Object Repository/WEB/Profile/Profile_text_Name' is: 'Edited Value'

2023-04-03 08:35:17 - [MESSAGE][PASSED] - Text of object 'Object Repository/WEB/Profile/Profile_text_Name' is: 'Edited Value'

2023-04-03 08:35:17 - [TEST_STEP][PASSED] - phoneProfile = getText(findTestObject("WEB/Profile/Profile_text_Phone")): Text of object 'Object Repository/WEB/Profile/Profile_text_Phone' is: '081123456789'

2023-04-03 08:35:17 - [MESSAGE][PASSED] - Text of object 'Object Repository/WEB/Profile/Profile_text_Phone' is: '081123456789'

2023-04-03 08:35:17 - [TEST_STEP][PASSED] - birthdayProfile = getText(findTestObject("WEB/Profile/Profile_text_Birthday")): Text of object 'Object Repository/WEB/Profile/Profile_text_Birthday' is: '01-Jan-2000'

2023-04-03 08:35:17 - [MESSAGE][PASSED] - Text of object 'Object Repository/WEB/Profile/Profile_text_Birthday' is: '01-Jan-2000'

2023-04-03 08:35:17 - [TEST_STEP][PASSED] - verifyElementText(findTestObject("Object Repository/WEB/Change Profile/Profile_p_ChangeSuccessNotif"), originalNameProfile + " telah di edit"): Actual text and expected text of test object 'Object Repository/WEB/Change Profile/Profile_p_ChangeSuccessNotif' are matched.

2023-04-03 08:35:18 - [MESSAGE][PASSED] - Actual text and expected text of test object 'Object Repository/WEB/Change Profile/Profile_p_ChangeSuccessNotif' are matched.

2023-04-03 08:35:18 - [TEST_STEP][PASSED] - click(findTestObject("Object Repository/WEB/Change Profile/Profile_button_ChangeSuccessNotif")): Object: 'Object Repository/WEB/Change Profile/Profile_button_ChangeSuccessNotif' is clicked on

2023-04-03 08:35:18 - [MESSAGE][PASSED] - Object: 'Object Repository/WEB/Change Profile/Profile_button_ChangeSuccessNotif' is clicked on

2023-04-03 08:35:18 - [TEST_STEP][PASSED] - assert decodedProfileImage.endsWith(uploadFileName) : "Updated photo does not match the uploaded one": null

2023-04-03 08:35:18 - [TEST_STEP][PASSED] - assert nameProfile == inputName : "Updated Name does not match the inputted one": null

2023-04-03 08:35:18 - [TEST_STEP][PASSED] - assert phoneProfile == inputPhone : "Updated Phone Number does not match the inputted one": null

2023-04-03 08:35:18 - [TEST_STEP][PASSED] - assert birthdayProfile == inputBirthday : "Updated Birthday does not match the inputted one": null

2023-04-03 08:35:18 - [TEST_STEP][PASSED] - uploadFilePath = "/Include/Resources/": null

2023-04-03 08:35:18 - [TEST_STEP][PASSED] - uploadFileName = testData.getValue("photo", i): null

2023-04-03 08:35:18 - [TEST_STEP][PASSED] - file = new java.io.File(com.kms.katalon.core.configuration.RunConfiguration.getProjectDir(), (uploadFilePath + uploadFileName)): null

2023-04-03 08:35:18 - [TEST_STEP][PASSED] - inputImage = file.toString(): null

2023-04-03 08:35:18 - [TEST_STEP][PASSED] - inputName = "Edited Value".trim(): null

2023-04-03 08:35:18 - [TEST_STEP][PASSED] - inputPhone = "081123456789": null

2023-04-03 08:35:18 - [TEST_STEP][PASSED] - inputBirthday = "01-Jan-2000": null

2023-04-03 08:35:18 - [TEST_STEP][PASSED] - originalNameProfile = getText(findTestObject("WEB/Profile/Profile_text_Name")).trim(): Text of object 'Object Repository/WEB/Profile/Profile_text_Name' is: 'Edited Value'

2023-04-03 08:35:18 - [MESSAGE][PASSED] - Text of object 'Object Repository/WEB/Profile/Profile_text_Name' is: 'Edited Value'

2023-04-03 08:35:18 - [TEST_STEP][PASSED] - click(findTestObject("WEB/Profile/Profile_button_EditProfile")): Object: 'Object Repository/WEB/Profile/Profile_button_EditProfile' is clicked on

2023-04-03 08:35:19 - [MESSAGE][PASSED] - Object: 'Object Repository/WEB/Profile/Profile_button_EditProfile' is clicked on

2023-04-03 08:35:19 - [TEST_STEP][PASSED] - uploadFile(findTestObject("WEB/Change Profile/ChangeProfile_button_uploadButton"), inputImage): File 'C:\Users\rizki\git\CodingID-QA\Include\Resources\cat04.jpeg' sent to object: 'Object Repository/WEB/Change Profile/ChangeProfile_button_uploadButton'

2023-04-03 08:35:20 - [MESSAGE][PASSED] - File 'C:\Users\rizki\git\CodingID-QA\Include\Resources\cat04.jpeg' sent to object: 'Object Repository/WEB/Change Profile/ChangeProfile_button_uploadButton'

2023-04-03 08:35:20 - [TEST_STEP][PASSED] - setText(findTestObject("WEB/Change Profile/ChangeProfile_inputText_Name"), inputName): Text 'Edited Value' is set on object 'Object Repository/WEB/Change Profile/ChangeProfile_inputText_Name'

2023-04-03 08:35:20 - [MESSAGE][PASSED] - Text 'Edited Value' is set on object 'Object Repository/WEB/Change Profile/ChangeProfile_inputText_Name'

2023-04-03 08:35:20 - [TEST_STEP][PASSED] - setText(findTestObject("WEB/Change Profile/ChangeProfile_inputText_Phone"), inputPhone): Text '081123456789' is set on object 'Object Repository/WEB/Change Profile/ChangeProfile_inputText_Phone'

2023-04-03 08:35:21 - [MESSAGE][PASSED] - Text '081123456789' is set on object 'Object Repository/WEB/Change Profile/ChangeProfile_inputText_Phone'

2023-04-03 08:35:21 - [TEST_STEP][PASSED] - setText(findTestObject("WEB/Change Profile/ChangeProfile_inputText_BirthDay"), inputBirthday): Text '01-Jan-2000' is set on object 'Object Repository/WEB/Change Profile/ChangeProfile_inputText_BirthDay'

2023-04-03 08:35:22 - [MESSAGE][PASSED] - Text '01-Jan-2000' is set on object 'Object Repository/WEB/Change Profile/ChangeProfile_inputText_BirthDay'

2023-04-03 08:35:22 - [TEST_STEP][PASSED] - nameInputValue = getAttribute(findTestObject("WEB/Change Profile/ChangeProfile_inputText_Name"), "value"): Attribute 'value' of object 'Object Repository/WEB/Change Profile/ChangeProfile_inputText_Name' is: 'Edited Value'

2023-04-03 08:35:22 - [MESSAGE][PASSED] - Attribute 'value' of object 'Object Repository/WEB/Change Profile/ChangeProfile_inputText_Name' is: 'Edited Value'

2023-04-03 08:35:22 - [TEST_STEP][PASSED] - click(findTestObject("WEB/Change Profile/ChangeProfile_button_Save")): Object: 'Object Repository/WEB/Change Profile/ChangeProfile_button_Save' is clicked on

2023-04-03 08:35:24 - [MESSAGE][PASSED] - Object: 'Object Repository/WEB/Change Profile/ChangeProfile_button_Save' is clicked on

2023-04-03 08:35:24 - [TEST_STEP][PASSED] - delay(2): Delayed 2 second(s)

2023-04-03 08:35:26 - [MESSAGE][PASSED] - Delayed 2 second(s)

2023-04-03 08:35:26 - [TEST_STEP][PASSED] - profileImage = getAttribute(findTestObject("WEB/Profile/Profile_img_profilePhoto"), "src"): Attribute 'src' of object 'Object Repository/WEB/Profile/Profile_img_profilePhoto' is: 'https://storage.googleapis.com/codingid-storage-bucket/storage/uploads/avatar/1680485723cat04.jpeg'

2023-04-03 08:35:26 - [MESSAGE][PASSED] - Attribute 'src' of object 'Object Repository/WEB/Profile/Profile_img_profilePhoto' is: 'https://storage.googleapis.com/codingid-storage-bucket/storage/uploads/avatar/1680485723cat04.jpeg'

2023-04-03 08:35:26 - [TEST_STEP][PASSED] - decodedProfileImage = URLDecoder.decode(profileImage, "UTF-8"): null

2023-04-03 08:35:26 - [TEST_STEP][PASSED] - nameProfile = getText(findTestObject("WEB/Profile/Profile_text_Name")): Text of object 'Object Repository/WEB/Profile/Profile_text_Name' is: 'Edited Value'

2023-04-03 08:35:26 - [MESSAGE][PASSED] - Text of object 'Object Repository/WEB/Profile/Profile_text_Name' is: 'Edited Value'

2023-04-03 08:35:26 - [TEST_STEP][PASSED] - phoneProfile = getText(findTestObject("WEB/Profile/Profile_text_Phone")): Text of object 'Object Repository/WEB/Profile/Profile_text_Phone' is: '081123456789'

2023-04-03 08:35:27 - [MESSAGE][PASSED] - Text of object 'Object Repository/WEB/Profile/Profile_text_Phone' is: '081123456789'

2023-04-03 08:35:27 - [TEST_STEP][PASSED] - birthdayProfile = getText(findTestObject("WEB/Profile/Profile_text_Birthday")): Text of object 'Object Repository/WEB/Profile/Profile_text_Birthday' is: '01-Jan-2000'

2023-04-03 08:35:27 - [MESSAGE][PASSED] - Text of object 'Object Repository/WEB/Profile/Profile_text_Birthday' is: '01-Jan-2000'

2023-04-03 08:35:27 - [TEST_STEP][PASSED] - verifyElementText(findTestObject("Object Repository/WEB/Change Profile/Profile_p_ChangeSuccessNotif"), originalNameProfile + " telah di edit"): Actual text and expected text of test object 'Object Repository/WEB/Change Profile/Profile_p_ChangeSuccessNotif' are matched.

2023-04-03 08:35:27 - [MESSAGE][PASSED] - Actual text and expected text of test object 'Object Repository/WEB/Change Profile/Profile_p_ChangeSuccessNotif' are matched.

2023-04-03 08:35:27 - [TEST_STEP][PASSED] - click(findTestObject("Object Repository/WEB/Change Profile/Profile_button_ChangeSuccessNotif")): Object: 'Object Repository/WEB/Change Profile/Profile_button_ChangeSuccessNotif' is clicked on

2023-04-03 08:35:28 - [MESSAGE][PASSED] - Object: 'Object Repository/WEB/Change Profile/Profile_button_ChangeSuccessNotif' is clicked on

2023-04-03 08:35:28 - [TEST_STEP][PASSED] - assert decodedProfileImage.endsWith(uploadFileName) : "Updated photo does not match the uploaded one": null

2023-04-03 08:35:28 - [TEST_STEP][PASSED] - assert nameProfile == inputName : "Updated Name does not match the inputted one": null

2023-04-03 08:35:28 - [TEST_STEP][PASSED] - assert phoneProfile == inputPhone : "Updated Phone Number does not match the inputted one": null

2023-04-03 08:35:28 - [TEST_STEP][PASSED] - assert birthdayProfile == inputBirthday : "Updated Birthday does not match the inputted one": null

2023-04-03 08:35:28 - [TEST_STEP][PASSED] - uploadFilePath = "/Include/Resources/": null

2023-04-03 08:35:28 - [TEST_STEP][PASSED] - uploadFileName = testData.getValue("photo", i): null

2023-04-03 08:35:28 - [TEST_STEP][PASSED] - file = new java.io.File(com.kms.katalon.core.configuration.RunConfiguration.getProjectDir(), (uploadFilePath + uploadFileName)): null

2023-04-03 08:35:28 - [TEST_STEP][PASSED] - inputImage = file.toString(): null

2023-04-03 08:35:28 - [TEST_STEP][PASSED] - inputName = "Edited Value".trim(): null

2023-04-03 08:35:28 - [TEST_STEP][PASSED] - inputPhone = "081123456789": null

2023-04-03 08:35:28 - [TEST_STEP][PASSED] - inputBirthday = "01-Jan-2000": null

2023-04-03 08:35:28 - [TEST_STEP][PASSED] - originalNameProfile = getText(findTestObject("WEB/Profile/Profile_text_Name")).trim(): Text of object 'Object Repository/WEB/Profile/Profile_text_Name' is: 'Edited Value'

2023-04-03 08:35:28 - [MESSAGE][PASSED] - Text of object 'Object Repository/WEB/Profile/Profile_text_Name' is: 'Edited Value'

2023-04-03 08:35:28 - [TEST_STEP][PASSED] - click(findTestObject("WEB/Profile/Profile_button_EditProfile")): Object: 'Object Repository/WEB/Profile/Profile_button_EditProfile' is clicked on

2023-04-03 08:35:29 - [MESSAGE][PASSED] - Object: 'Object Repository/WEB/Profile/Profile_button_EditProfile' is clicked on

2023-04-03 08:35:29 - [TEST_STEP][PASSED] - uploadFile(findTestObject("WEB/Change Profile/ChangeProfile_button_uploadButton"), inputImage): File 'C:\Users\rizki\git\CodingID-QA\Include\Resources\cat05.jpeg' sent to object: 'Object Repository/WEB/Change Profile/ChangeProfile_button_uploadButton'

2023-04-03 08:35:29 - [MESSAGE][PASSED] - File 'C:\Users\rizki\git\CodingID-QA\Include\Resources\cat05.jpeg' sent to object: 'Object Repository/WEB/Change Profile/ChangeProfile_button_uploadButton'

2023-04-03 08:35:29 - [TEST_STEP][PASSED] - setText(findTestObject("WEB/Change Profile/ChangeProfile_inputText_Name"), inputName): Text 'Edited Value' is set on object 'Object Repository/WEB/Change Profile/ChangeProfile_inputText_Name'

2023-04-03 08:35:30 - [MESSAGE][PASSED] - Text 'Edited Value' is set on object 'Object Repository/WEB/Change Profile/ChangeProfile_inputText_Name'

2023-04-03 08:35:30 - [TEST_STEP][PASSED] - setText(findTestObject("WEB/Change Profile/ChangeProfile_inputText_Phone"), inputPhone): Text '081123456789' is set on object 'Object Repository/WEB/Change Profile/ChangeProfile_inputText_Phone'

2023-04-03 08:35:31 - [MESSAGE][PASSED] - Text '081123456789' is set on object 'Object Repository/WEB/Change Profile/ChangeProfile_inputText_Phone'

2023-04-03 08:35:31 - [TEST_STEP][PASSED] - setText(findTestObject("WEB/Change Profile/ChangeProfile_inputText_BirthDay"), inputBirthday): Text '01-Jan-2000' is set on object 'Object Repository/WEB/Change Profile/ChangeProfile_inputText_BirthDay'

2023-04-03 08:35:32 - [MESSAGE][PASSED] - Text '01-Jan-2000' is set on object 'Object Repository/WEB/Change Profile/ChangeProfile_inputText_BirthDay'

2023-04-03 08:35:32 - [TEST_STEP][PASSED] - nameInputValue = getAttribute(findTestObject("WEB/Change Profile/ChangeProfile_inputText_Name"), "value"): Attribute 'value' of object 'Object Repository/WEB/Change Profile/ChangeProfile_inputText_Name' is: 'Edited Value'

2023-04-03 08:35:32 - [MESSAGE][PASSED] - Attribute 'value' of object 'Object Repository/WEB/Change Profile/ChangeProfile_inputText_Name' is: 'Edited Value'

2023-04-03 08:35:32 - [TEST_STEP][PASSED] - click(findTestObject("WEB/Change Profile/ChangeProfile_button_Save")): Object: 'Object Repository/WEB/Change Profile/ChangeProfile_button_Save' is clicked on

2023-04-03 08:35:34 - [MESSAGE][PASSED] - Object: 'Object Repository/WEB/Change Profile/ChangeProfile_button_Save' is clicked on

2023-04-03 08:35:34 - [TEST_STEP][PASSED] - delay(2): Delayed 2 second(s)

2023-04-03 08:35:36 - [MESSAGE][PASSED] - Delayed 2 second(s)

2023-04-03 08:35:36 - [TEST_STEP][PASSED] - profileImage = getAttribute(findTestObject("WEB/Profile/Profile_img_profilePhoto"), "src"): Attribute 'src' of object 'Object Repository/WEB/Profile/Profile_img_profilePhoto' is: 'https://storage.googleapis.com/codingid-storage-bucket/storage/uploads/avatar/1680485733cat05.jpeg'

2023-04-03 08:35:36 - [MESSAGE][PASSED] - Attribute 'src' of object 'Object Repository/WEB/Profile/Profile_img_profilePhoto' is: 'https://storage.googleapis.com/codingid-storage-bucket/storage/uploads/avatar/1680485733cat05.jpeg'

2023-04-03 08:35:36 - [TEST_STEP][PASSED] - decodedProfileImage = URLDecoder.decode(profileImage, "UTF-8"): null

2023-04-03 08:35:36 - [TEST_STEP][PASSED] - nameProfile = getText(findTestObject("WEB/Profile/Profile_text_Name")): Text of object 'Object Repository/WEB/Profile/Profile_text_Name' is: 'Edited Value'

2023-04-03 08:35:36 - [MESSAGE][PASSED] - Text of object 'Object Repository/WEB/Profile/Profile_text_Name' is: 'Edited Value'

2023-04-03 08:35:36 - [TEST_STEP][PASSED] - phoneProfile = getText(findTestObject("WEB/Profile/Profile_text_Phone")): Text of object 'Object Repository/WEB/Profile/Profile_text_Phone' is: '081123456789'

2023-04-03 08:35:36 - [MESSAGE][PASSED] - Text of object 'Object Repository/WEB/Profile/Profile_text_Phone' is: '081123456789'

2023-04-03 08:35:36 - [TEST_STEP][PASSED] - birthdayProfile = getText(findTestObject("WEB/Profile/Profile_text_Birthday")): Text of object 'Object Repository/WEB/Profile/Profile_text_Birthday' is: '01-Jan-2000'

2023-04-03 08:35:37 - [MESSAGE][PASSED] - Text of object 'Object Repository/WEB/Profile/Profile_text_Birthday' is: '01-Jan-2000'

2023-04-03 08:35:37 - [TEST_STEP][PASSED] - verifyElementText(findTestObject("Object Repository/WEB/Change Profile/Profile_p_ChangeSuccessNotif"), originalNameProfile + " telah di edit"): Actual text and expected text of test object 'Object Repository/WEB/Change Profile/Profile_p_ChangeSuccessNotif' are matched.

2023-04-03 08:35:37 - [MESSAGE][PASSED] - Actual text and expected text of test object 'Object Repository/WEB/Change Profile/Profile_p_ChangeSuccessNotif' are matched.

2023-04-03 08:35:37 - [TEST_STEP][PASSED] - click(findTestObject("Object Repository/WEB/Change Profile/Profile_button_ChangeSuccessNotif")): Object: 'Object Repository/WEB/Change Profile/Profile_button_ChangeSuccessNotif' is clicked on

2023-04-03 08:35:37 - [MESSAGE][PASSED] - Object: 'Object Repository/WEB/Change Profile/Profile_button_ChangeSuccessNotif' is clicked on

2023-04-03 08:35:37 - [TEST_STEP][PASSED] - assert decodedProfileImage.endsWith(uploadFileName) : "Updated photo does not match the uploaded one": null

2023-04-03 08:35:37 - [TEST_STEP][PASSED] - assert nameProfile == inputName : "Updated Name does not match the inputted one": null

2023-04-03 08:35:37 - [TEST_STEP][PASSED] - assert phoneProfile == inputPhone : "Updated Phone Number does not match the inputted one": null

2023-04-03 08:35:37 - [TEST_STEP][PASSED] - assert birthdayProfile == inputBirthday : "Updated Birthday does not match the inputted one": null]]></system-out>
         <system-err><![CDATA[]]></system-err>
      </testcase>
      <testcase name="Test Cases/Web/CP/CP-05" time="40.446" classname="Test Cases/Web/CP/CP-05" status="FAILED">
         <failure type="FAILED" message="Test Cases/Web/CP/CP-05 FAILED.
Reason:
com.kms.katalon.core.exception.StepFailedException: Unable to get attribute 'src' of object 'Object Repository/WEB/Profile/Profile_img_profilePhoto'
	at com.kms.katalon.core.webui.keyword.internal.WebUIKeywordMain.stepFailed(WebUIKeywordMain.groovy:64)
	at com.kms.katalon.core.webui.keyword.internal.WebUIKeywordMain.runKeyword(WebUIKeywordMain.groovy:26)
	at com.kms.katalon.core.webui.keyword.builtin.GetAttributeKeyword.getAttribute(GetAttributeKeyword.groovy:93)
	at com.kms.katalon.core.webui.keyword.builtin.GetAttributeKeyword.execute(GetAttributeKeyword.groovy:68)
	at com.kms.katalon.core.keyword.internal.KeywordExecutor.executeKeywordForPlatform(KeywordExecutor.groovy:74)
	at com.kms.katalon.core.webui.keyword.WebUiBuiltInKeywords.getAttribute(WebUiBuiltInKeywords.groovy:951)
	at com.kms.katalon.core.webui.keyword.WebUiBuiltInKeywords$getAttribute$7.call(Unknown Source)
	at CP-05.run(CP-05:52)
	at com.kms.katalon.core.main.ScriptEngine.run(ScriptEngine.java:194)
	at com.kms.katalon.core.main.ScriptEngine.runScriptAsRawText(ScriptEngine.java:119)
	at com.kms.katalon.core.main.TestCaseExecutor.runScript(TestCaseExecutor.java:448)
	at com.kms.katalon.core.main.TestCaseExecutor.doExecute(TestCaseExecutor.java:439)
	at com.kms.katalon.core.main.TestCaseExecutor.processExecutionPhase(TestCaseExecutor.java:418)
	at com.kms.katalon.core.main.TestCaseExecutor.accessMainPhase(TestCaseExecutor.java:410)
	at com.kms.katalon.core.main.TestCaseExecutor.execute(TestCaseExecutor.java:285)
	at com.kms.katalon.core.common.CommonExecutor.accessTestCaseMainPhase(CommonExecutor.java:65)
	at com.kms.katalon.core.main.TestSuiteExecutor.accessTestSuiteMainPhase(TestSuiteExecutor.java:151)
	at com.kms.katalon.core.main.TestSuiteExecutor.execute(TestSuiteExecutor.java:106)
	at com.kms.katalon.core.main.TestCaseMain.startTestSuite(TestCaseMain.java:185)
	at com.kms.katalon.core.main.TestCaseMain$startTestSuite$0.call(Unknown Source)
	at TempTestSuite1680485631021.run(TempTestSuite1680485631021.groovy:36)
Caused by: com.kms.katalon.core.webui.exception.WebElementNotFoundException: Web element with id: 'Object Repository/WEB/Profile/Profile_img_profilePhoto' located by '//div[@id='app']/div/div[3]/section/div/div/div/div/div/div/div/img' not found
	at com.kms.katalon.core.webui.common.WebUiCommonHelper.findWebElement(WebUiCommonHelper.java:1370)
	at com.kms.katalon.core.webui.keyword.internal.WebUIAbstractKeyword.findWebElement(WebUIAbstractKeyword.groovy:27)
	at com.kms.katalon.core.webui.keyword.internal.WebUIAbstractKeyword.findWebElement(WebUIAbstractKeyword.groovy:26)
	at com.kms.katalon.core.webui.keyword.builtin.GetAttributeKeyword$_getAttribute_closure1.doCall(GetAttributeKeyword.groovy:83)
	at com.kms.katalon.core.webui.keyword.builtin.GetAttributeKeyword$_getAttribute_closure1.call(GetAttributeKeyword.groovy)
	at com.kms.katalon.core.webui.keyword.internal.WebUIKeywordMain.runKeyword(WebUIKeywordMain.groovy:20)
	... 19 more
"/>
         <system-out><![CDATA[2023-04-03 08:35:37 - [TEST_CASE][FAILED] - Test Cases/Web/CP/CP-05: Test Cases/Web/CP/CP-05 FAILED.
Reason:
com.kms.katalon.core.exception.StepFailedException: Unable to get attribute 'src' of object 'Object Repository/WEB/Profile/Profile_img_profilePhoto'
	at com.kms.katalon.core.webui.keyword.internal.WebUIKeywordMain.stepFailed(WebUIKeywordMain.groovy:64)
	at com.kms.katalon.core.webui.keyword.internal.WebUIKeywordMain.runKeyword(WebUIKeywordMain.groovy:26)
	at com.kms.katalon.core.webui.keyword.builtin.GetAttributeKeyword.getAttribute(GetAttributeKeyword.groovy:93)
	at com.kms.katalon.core.webui.keyword.builtin.GetAttributeKeyword.execute(GetAttributeKeyword.groovy:68)
	at com.kms.katalon.core.keyword.internal.KeywordExecutor.executeKeywordForPlatform(KeywordExecutor.groovy:74)
	at com.kms.katalon.core.webui.keyword.WebUiBuiltInKeywords.getAttribute(WebUiBuiltInKeywords.groovy:951)
	at com.kms.katalon.core.webui.keyword.WebUiBuiltInKeywords$getAttribute$7.call(Unknown Source)
	at CP-05.run(CP-05:52)
	at com.kms.katalon.core.main.ScriptEngine.run(ScriptEngine.java:194)
	at com.kms.katalon.core.main.ScriptEngine.runScriptAsRawText(ScriptEngine.java:119)
	at com.kms.katalon.core.main.TestCaseExecutor.runScript(TestCaseExecutor.java:448)
	at com.kms.katalon.core.main.TestCaseExecutor.doExecute(TestCaseExecutor.java:439)
	at com.kms.katalon.core.main.TestCaseExecutor.processExecutionPhase(TestCaseExecutor.java:418)
	at com.kms.katalon.core.main.TestCaseExecutor.accessMainPhase(TestCaseExecutor.java:410)
	at com.kms.katalon.core.main.TestCaseExecutor.execute(TestCaseExecutor.java:285)
	at com.kms.katalon.core.common.CommonExecutor.accessTestCaseMainPhase(CommonExecutor.java:65)
	at com.kms.katalon.core.main.TestSuiteExecutor.accessTestSuiteMainPhase(TestSuiteExecutor.java:151)
	at com.kms.katalon.core.main.TestSuiteExecutor.execute(TestSuiteExecutor.java:106)
	at com.kms.katalon.core.main.TestCaseMain.startTestSuite(TestCaseMain.java:185)
	at com.kms.katalon.core.main.TestCaseMain$startTestSuite$0.call(Unknown Source)
	at TempTestSuite1680485631021.run(TempTestSuite1680485631021.groovy:36)
Caused by: com.kms.katalon.core.webui.exception.WebElementNotFoundException: Web element with id: 'Object Repository/WEB/Profile/Profile_img_profilePhoto' located by '//div[@id='app']/div/div[3]/section/div/div/div/div/div/div/div/img' not found
	at com.kms.katalon.core.webui.common.WebUiCommonHelper.findWebElement(WebUiCommonHelper.java:1370)
	at com.kms.katalon.core.webui.keyword.internal.WebUIAbstractKeyword.findWebElement(WebUIAbstractKeyword.groovy:27)
	at com.kms.katalon.core.webui.keyword.internal.WebUIAbstractKeyword.findWebElement(WebUIAbstractKeyword.groovy:26)
	at com.kms.katalon.core.webui.keyword.builtin.GetAttributeKeyword$_getAttribute_closure1.doCall(GetAttributeKeyword.groovy:83)
	at com.kms.katalon.core.webui.keyword.builtin.GetAttributeKeyword$_getAttribute_closure1.call(GetAttributeKeyword.groovy)
	at com.kms.katalon.core.webui.keyword.internal.WebUIKeywordMain.runKeyword(WebUIKeywordMain.groovy:20)
	... 19 more


2023-04-03 08:35:38 - [TEST_STEP][PASSED] - navigateToUrl("https://demo-app.online/dashboard/profile"): Navigate to 'https://demo-app.online/dashboard/profile' successfully

2023-04-03 08:35:38 - [MESSAGE][PASSED] - Navigate to 'https://demo-app.online/dashboard/profile' successfully

2023-04-03 08:35:38 - [TEST_STEP][PASSED] - uploadFilePath = "/Include/Resources/": null

2023-04-03 08:35:38 - [TEST_STEP][PASSED] - uploadFileName = "testUpload.txt": null

2023-04-03 08:35:38 - [TEST_STEP][PASSED] - file = new java.io.File(com.kms.katalon.core.configuration.RunConfiguration.getProjectDir(), (uploadFilePath + uploadFileName)): null

2023-04-03 08:35:38 - [TEST_STEP][PASSED] - inputImage = file.toString(): null

2023-04-03 08:35:38 - [TEST_STEP][PASSED] - inputName = "Edited Value".trim(): null

2023-04-03 08:35:38 - [TEST_STEP][PASSED] - inputPhone = "081123456789": null

2023-04-03 08:35:38 - [TEST_STEP][PASSED] - inputBirthday = "01-Jan-2000": null

2023-04-03 08:35:38 - [TEST_STEP][PASSED] - originalNameProfile = getText(findTestObject("WEB/Profile/Profile_text_Name")).trim(): Text of object 'Object Repository/WEB/Profile/Profile_text_Name' is: 'Edited Value'

2023-04-03 08:35:39 - [MESSAGE][PASSED] - Text of object 'Object Repository/WEB/Profile/Profile_text_Name' is: 'Edited Value'

2023-04-03 08:35:39 - [TEST_STEP][PASSED] - click(findTestObject("WEB/Profile/Profile_button_EditProfile")): Object: 'Object Repository/WEB/Profile/Profile_button_EditProfile' is clicked on

2023-04-03 08:35:39 - [MESSAGE][PASSED] - Object: 'Object Repository/WEB/Profile/Profile_button_EditProfile' is clicked on

2023-04-03 08:35:39 - [TEST_STEP][PASSED] - uploadFile(findTestObject("WEB/Change Profile/ChangeProfile_button_uploadButton"), inputImage): File 'C:\Users\rizki\git\CodingID-QA\Include\Resources\testUpload.txt' sent to object: 'Object Repository/WEB/Change Profile/ChangeProfile_button_uploadButton'

2023-04-03 08:35:40 - [MESSAGE][PASSED] - File 'C:\Users\rizki\git\CodingID-QA\Include\Resources\testUpload.txt' sent to object: 'Object Repository/WEB/Change Profile/ChangeProfile_button_uploadButton'

2023-04-03 08:35:40 - [TEST_STEP][PASSED] - setText(findTestObject("WEB/Change Profile/ChangeProfile_inputText_Name"), inputName): Text 'Edited Value' is set on object 'Object Repository/WEB/Change Profile/ChangeProfile_inputText_Name'

2023-04-03 08:35:41 - [MESSAGE][PASSED] - Text 'Edited Value' is set on object 'Object Repository/WEB/Change Profile/ChangeProfile_inputText_Name'

2023-04-03 08:35:41 - [TEST_STEP][PASSED] - setText(findTestObject("WEB/Change Profile/ChangeProfile_inputText_Phone"), inputPhone): Text '081123456789' is set on object 'Object Repository/WEB/Change Profile/ChangeProfile_inputText_Phone'

2023-04-03 08:35:41 - [MESSAGE][PASSED] - Text '081123456789' is set on object 'Object Repository/WEB/Change Profile/ChangeProfile_inputText_Phone'

2023-04-03 08:35:41 - [TEST_STEP][PASSED] - setText(findTestObject("WEB/Change Profile/ChangeProfile_inputText_BirthDay"), inputBirthday): Text '01-Jan-2000' is set on object 'Object Repository/WEB/Change Profile/ChangeProfile_inputText_BirthDay'

2023-04-03 08:35:42 - [MESSAGE][PASSED] - Text '01-Jan-2000' is set on object 'Object Repository/WEB/Change Profile/ChangeProfile_inputText_BirthDay'

2023-04-03 08:35:42 - [TEST_STEP][PASSED] - nameInputValue = getAttribute(findTestObject("WEB/Change Profile/ChangeProfile_inputText_Name"), "value"): Attribute 'value' of object 'Object Repository/WEB/Change Profile/ChangeProfile_inputText_Name' is: 'Edited Value'

2023-04-03 08:35:43 - [MESSAGE][PASSED] - Attribute 'value' of object 'Object Repository/WEB/Change Profile/ChangeProfile_inputText_Name' is: 'Edited Value'

2023-04-03 08:35:43 - [TEST_STEP][PASSED] - click(findTestObject("WEB/Change Profile/ChangeProfile_button_Save")): Object: 'Object Repository/WEB/Change Profile/ChangeProfile_button_Save' is clicked on

2023-04-03 08:35:45 - [MESSAGE][PASSED] - Object: 'Object Repository/WEB/Change Profile/ChangeProfile_button_Save' is clicked on

2023-04-03 08:35:45 - [TEST_STEP][PASSED] - delay(2): Delayed 2 second(s)

2023-04-03 08:35:47 - [MESSAGE][PASSED] - Delayed 2 second(s)

2023-04-03 08:35:47 - [TEST_STEP][FAILED] - profileImage = getAttribute(findTestObject("WEB/Profile/Profile_img_profilePhoto"), "src"): Unable to get attribute 'src' of object 'Object Repository/WEB/Profile/Profile_img_profilePhoto' (Root cause: com.kms.katalon.core.exception.StepFailedException: Unable to get attribute 'src' of object 'Object Repository/WEB/Profile/Profile_img_profilePhoto'
	at com.kms.katalon.core.webui.keyword.internal.WebUIKeywordMain.stepFailed(WebUIKeywordMain.groovy:64)
	at com.kms.katalon.core.webui.keyword.internal.WebUIKeywordMain.runKeyword(WebUIKeywordMain.groovy:26)
	at com.kms.katalon.core.webui.keyword.builtin.GetAttributeKeyword.getAttribute(GetAttributeKeyword.groovy:93)
	at com.kms.katalon.core.webui.keyword.builtin.GetAttributeKeyword.execute(GetAttributeKeyword.groovy:68)
	at com.kms.katalon.core.keyword.internal.KeywordExecutor.executeKeywordForPlatform(KeywordExecutor.groovy:74)
	at com.kms.katalon.core.webui.keyword.WebUiBuiltInKeywords.getAttribute(WebUiBuiltInKeywords.groovy:951)
	at com.kms.katalon.core.webui.keyword.WebUiBuiltInKeywords$getAttribute$7.call(Unknown Source)
	at CP-05.run(CP-05:52)
	at com.kms.katalon.core.main.ScriptEngine.run(ScriptEngine.java:194)
	at com.kms.katalon.core.main.ScriptEngine.runScriptAsRawText(ScriptEngine.java:119)
	at com.kms.katalon.core.main.TestCaseExecutor.runScript(TestCaseExecutor.java:448)
	at com.kms.katalon.core.main.TestCaseExecutor.doExecute(TestCaseExecutor.java:439)
	at com.kms.katalon.core.main.TestCaseExecutor.processExecutionPhase(TestCaseExecutor.java:418)
	at com.kms.katalon.core.main.TestCaseExecutor.accessMainPhase(TestCaseExecutor.java:410)
	at com.kms.katalon.core.main.TestCaseExecutor.execute(TestCaseExecutor.java:285)
	at com.kms.katalon.core.common.CommonExecutor.accessTestCaseMainPhase(CommonExecutor.java:65)
	at com.kms.katalon.core.main.TestSuiteExecutor.accessTestSuiteMainPhase(TestSuiteExecutor.java:151)
	at com.kms.katalon.core.main.TestSuiteExecutor.execute(TestSuiteExecutor.java:106)
	at com.kms.katalon.core.main.TestCaseMain.startTestSuite(TestCaseMain.java:185)
	at com.kms.katalon.core.main.TestCaseMain$startTestSuite$0.call(Unknown Source)
	at TempTestSuite1680485631021.run(TempTestSuite1680485631021.groovy:36)
Caused by: com.kms.katalon.core.webui.exception.WebElementNotFoundException: Web element with id: 'Object Repository/WEB/Profile/Profile_img_profilePhoto' located by '//div[@id='app']/div/div[3]/section/div/div/div/div/div/div/div/img' not found
	at com.kms.katalon.core.webui.common.WebUiCommonHelper.findWebElement(WebUiCommonHelper.java:1370)
	at com.kms.katalon.core.webui.keyword.internal.WebUIAbstractKeyword.findWebElement(WebUIAbstractKeyword.groovy:27)
	at com.kms.katalon.core.webui.keyword.internal.WebUIAbstractKeyword.findWebElement(WebUIAbstractKeyword.groovy:26)
	at com.kms.katalon.core.webui.keyword.builtin.GetAttributeKeyword$_getAttribute_closure1.doCall(GetAttributeKeyword.groovy:83)
	at com.kms.katalon.core.webui.keyword.builtin.GetAttributeKeyword$_getAttribute_closure1.call(GetAttributeKeyword.groovy)
	at com.kms.katalon.core.webui.keyword.internal.WebUIKeywordMain.runKeyword(WebUIKeywordMain.groovy:20)
	at com.kms.katalon.core.webui.keyword.builtin.GetAttributeKeyword.getAttribute(GetAttributeKeyword.groovy:93)
	at com.kms.katalon.core.webui.keyword.builtin.GetAttributeKeyword.execute(GetAttributeKeyword.groovy:68)
	at com.kms.katalon.core.keyword.internal.KeywordExecutor.executeKeywordForPlatform(KeywordExecutor.groovy:74)
	at com.kms.katalon.core.webui.keyword.WebUiBuiltInKeywords.getAttribute(WebUiBuiltInKeywords.groovy:951)
	at com.kms.katalon.core.webui.keyword.WebUiBuiltInKeywords$getAttribute$7.call(Unknown Source)
	at Script1680382154142.run(Script1680382154142.groovy:52)
	... 13 more
)

2023-04-03 08:36:18 - [MESSAGE][INFO] - Unable to find the element located by 'By.xpath: //div[@id='app']/div/div[3]/section/div/div/div/div/div/div/div/img'. Please recheck the objects properties to make sure the desired element is located. 

2023-04-03 08:36:18 - [MESSAGE][FAILED] - Unable to get attribute 'src' of object 'Object Repository/WEB/Profile/Profile_img_profilePhoto' (Root cause: com.kms.katalon.core.exception.StepFailedException: Unable to get attribute 'src' of object 'Object Repository/WEB/Profile/Profile_img_profilePhoto'
	at com.kms.katalon.core.webui.keyword.internal.WebUIKeywordMain.stepFailed(WebUIKeywordMain.groovy:64)
	at com.kms.katalon.core.webui.keyword.internal.WebUIKeywordMain.runKeyword(WebUIKeywordMain.groovy:26)
	at com.kms.katalon.core.webui.keyword.builtin.GetAttributeKeyword.getAttribute(GetAttributeKeyword.groovy:93)
	at com.kms.katalon.core.webui.keyword.builtin.GetAttributeKeyword.execute(GetAttributeKeyword.groovy:68)
	at com.kms.katalon.core.keyword.internal.KeywordExecutor.executeKeywordForPlatform(KeywordExecutor.groovy:74)
	at com.kms.katalon.core.webui.keyword.WebUiBuiltInKeywords.getAttribute(WebUiBuiltInKeywords.groovy:951)
	at com.kms.katalon.core.webui.keyword.WebUiBuiltInKeywords$getAttribute$7.call(Unknown Source)
	at CP-05.run(CP-05:52)
	at com.kms.katalon.core.main.ScriptEngine.run(ScriptEngine.java:194)
	at com.kms.katalon.core.main.ScriptEngine.runScriptAsRawText(ScriptEngine.java:119)
	at com.kms.katalon.core.main.TestCaseExecutor.runScript(TestCaseExecutor.java:448)
	at com.kms.katalon.core.main.TestCaseExecutor.doExecute(TestCaseExecutor.java:439)
	at com.kms.katalon.core.main.TestCaseExecutor.processExecutionPhase(TestCaseExecutor.java:418)
	at com.kms.katalon.core.main.TestCaseExecutor.accessMainPhase(TestCaseExecutor.java:410)
	at com.kms.katalon.core.main.TestCaseExecutor.execute(TestCaseExecutor.java:285)
	at com.kms.katalon.core.common.CommonExecutor.accessTestCaseMainPhase(CommonExecutor.java:65)
	at com.kms.katalon.core.main.TestSuiteExecutor.accessTestSuiteMainPhase(TestSuiteExecutor.java:151)
	at com.kms.katalon.core.main.TestSuiteExecutor.execute(TestSuiteExecutor.java:106)
	at com.kms.katalon.core.main.TestCaseMain.startTestSuite(TestCaseMain.java:185)
	at com.kms.katalon.core.main.TestCaseMain$startTestSuite$0.call(Unknown Source)
	at TempTestSuite1680485631021.run(TempTestSuite1680485631021.groovy:36)
Caused by: com.kms.katalon.core.webui.exception.WebElementNotFoundException: Web element with id: 'Object Repository/WEB/Profile/Profile_img_profilePhoto' located by '//div[@id='app']/div/div[3]/section/div/div/div/div/div/div/div/img' not found
	at com.kms.katalon.core.webui.common.WebUiCommonHelper.findWebElement(WebUiCommonHelper.java:1370)
	at com.kms.katalon.core.webui.keyword.internal.WebUIAbstractKeyword.findWebElement(WebUIAbstractKeyword.groovy:27)
	at com.kms.katalon.core.webui.keyword.internal.WebUIAbstractKeyword.findWebElement(WebUIAbstractKeyword.groovy:26)
	at com.kms.katalon.core.webui.keyword.builtin.GetAttributeKeyword$_getAttribute_closure1.doCall(GetAttributeKeyword.groovy:83)
	at com.kms.katalon.core.webui.keyword.builtin.GetAttributeKeyword$_getAttribute_closure1.call(GetAttributeKeyword.groovy)
	at com.kms.katalon.core.webui.keyword.internal.WebUIKeywordMain.runKeyword(WebUIKeywordMain.groovy:20)
	at com.kms.katalon.core.webui.keyword.builtin.GetAttributeKeyword.getAttribute(GetAttributeKeyword.groovy:93)
	at com.kms.katalon.core.webui.keyword.builtin.GetAttributeKeyword.execute(GetAttributeKeyword.groovy:68)
	at com.kms.katalon.core.keyword.internal.KeywordExecutor.executeKeywordForPlatform(KeywordExecutor.groovy:74)
	at com.kms.katalon.core.webui.keyword.WebUiBuiltInKeywords.getAttribute(WebUiBuiltInKeywords.groovy:951)
	at com.kms.katalon.core.webui.keyword.WebUiBuiltInKeywords$getAttribute$7.call(Unknown Source)
	at Script1680382154142.run(Script1680382154142.groovy:52)
	... 13 more
)
[...]

2023-04-03 08:43:30 - [TEST_STEP][PASSED] - setText(findTestObject("WEB/Change Profile/ChangeProfile_inputText_BirthDay"), inputBirthday): Text '01-Jan-2020' is set on object 'Object Repository/WEB/Change Profile/ChangeProfile_inputText_BirthDay'

2023-04-03 08:43:32 - [MESSAGE][PASSED] - Text '01-Jan-2020' is set on object 'Object Repository/WEB/Change Profile/ChangeProfile_inputText_BirthDay'

2023-04-03 08:43:32 - [TEST_STEP][PASSED] - nameInputValue = getAttribute(findTestObject("WEB/Change Profile/ChangeProfile_inputText_Name"), "value"): Attribute 'value' of object 'Object Repository/WEB/Change Profile/ChangeProfile_inputText_Name' is: 'Edited Name'

2023-04-03 08:43:32 - [MESSAGE][PASSED] - Attribute 'value' of object 'Object Repository/WEB/Change Profile/ChangeProfile_inputText_Name' is: 'Edited Name'

2023-04-03 08:43:32 - [TEST_STEP][PASSED] - click(findTestObject("WEB/Change Profile/ChangeProfile_button_Save")): Object: 'Object Repository/WEB/Change Profile/ChangeProfile_button_Save' is clicked on

2023-04-03 08:43:33 - [MESSAGE][PASSED] - Object: 'Object Repository/WEB/Change Profile/ChangeProfile_button_Save' is clicked on

2023-04-03 08:43:33 - [TEST_STEP][PASSED] - delay(2): Delayed 2 second(s)

2023-04-03 08:43:35 - [MESSAGE][PASSED] - Delayed 2 second(s)

2023-04-03 08:43:35 - [TEST_STEP][PASSED] - birthdayProfile = getText(findTestObject("WEB/Profile/Profile_text_Birthday")): Text of object 'Object Repository/WEB/Profile/Profile_text_Birthday' is: '31-Dec-2016'

2023-04-03 08:43:35 - [MESSAGE][PASSED] - Text of object 'Object Repository/WEB/Profile/Profile_text_Birthday' is: '31-Dec-2016'

2023-04-03 08:43:35 - [TEST_STEP][PASSED] - verifyElementText(findTestObject("Object Repository/WEB/Change Profile/Profile_p_ChangeSuccessNotif"), originalNameProfile + " telah di edit"): Actual text and expected text of test object 'Object Repository/WEB/Change Profile/Profile_p_ChangeSuccessNotif' are matched.

2023-04-03 08:43:36 - [MESSAGE][PASSED] - Actual text and expected text of test object 'Object Repository/WEB/Change Profile/Profile_p_ChangeSuccessNotif' are matched.

2023-04-03 08:43:36 - [TEST_STEP][PASSED] - click(findTestObject("Object Repository/WEB/Change Profile/Profile_button_ChangeSuccessNotif")): Object: 'Object Repository/WEB/Change Profile/Profile_button_ChangeSuccessNotif' is clicked on

2023-04-03 08:43:36 - [MESSAGE][PASSED] - Object: 'Object Repository/WEB/Change Profile/Profile_button_ChangeSuccessNotif' is clicked on

2023-04-03 08:43:36 - [TEST_STEP][PASSED] - assert !(birthdayProfile == inputBirthday) : "Updated Birthday matches the invalid input": null

2023-04-03 08:43:36 - [TEST_STEP][PASSED] - formatter = DateTimeFormatter.ofPattern("dd-MMM-yyyy"): null

2023-04-03 08:43:36 - [TEST_STEP][PASSED] - inputDate = LocalDate.parse(birthdayProfile, formatter): null

2023-04-03 08:43:36 - [TEST_STEP][PASSED] - currentDate = LocalDate.now(): null

2023-04-03 08:43:36 - [TEST_STEP][PASSED] - years = YEARS.between(inputDate, currentDate): null

2023-04-03 08:43:36 - [TEST_STEP][PASSED] - assert years >= 6 : "The input date is not older than 6 years.": null]]></system-out>
         <system-err><![CDATA[]]></system-err>
      </testcase>
      <testcase name="Test Cases/Web/CP/CP-32" time="8.535" classname="Test Cases/Web/CP/CP-32" status="PASSED">
         <system-out><![CDATA[2023-04-03 08:43:36 - [TEST_CASE][PASSED] - Test Cases/Web/CP/CP-32: Test Cases/Web/CP/CP-32

2023-04-03 08:43:36 - [TEST_STEP][PASSED] - navigateToUrl("https://demo-app.online/dashboard/profile"): Navigate to 'https://demo-app.online/dashboard/profile' successfully

2023-04-03 08:43:37 - [MESSAGE][PASSED] - Navigate to 'https://demo-app.online/dashboard/profile' successfully

2023-04-03 08:43:37 - [TEST_STEP][PASSED] - testData = findTestData("Data Files/Web/ChangeProfile_Birthday"): null

2023-04-03 08:43:37 - [TEST_STEP][PASSED] - inputBirthday = toString().trim(): null

2023-04-03 08:43:37 - [TEST_STEP][PASSED] - originalNameProfile = getText(findTestObject("WEB/Profile/Profile_text_Name")).trim(): Text of object 'Object Repository/WEB/Profile/Profile_text_Name' is: 'Edited Name'

2023-04-03 08:43:38 - [MESSAGE][PASSED] - Text of object 'Object Repository/WEB/Profile/Profile_text_Name' is: 'Edited Name'

2023-04-03 08:43:38 - [TEST_STEP][PASSED] - originalBirthdayProfile = getText(findTestObject("WEB/Profile/Profile_text_Birthday")).trim(): Text of object 'Object Repository/WEB/Profile/Profile_text_Birthday' is: '31-Dec-2016'

2023-04-03 08:43:38 - [MESSAGE][PASSED] - Text of object 'Object Repository/WEB/Profile/Profile_text_Birthday' is: '31-Dec-2016'

2023-04-03 08:43:38 - [TEST_STEP][PASSED] - click(findTestObject("WEB/Profile/Profile_button_EditProfile")): Object: 'Object Repository/WEB/Profile/Profile_button_EditProfile' is clicked on

2023-04-03 08:43:39 - [MESSAGE][PASSED] - Object: 'Object Repository/WEB/Profile/Profile_button_EditProfile' is clicked on

2023-04-03 08:43:39 - [TEST_STEP][PASSED] - setText(findTestObject("WEB/Change Profile/ChangeProfile_inputText_BirthDay"), inputBirthday): Text '01-Jan-1900' is set on object 'Object Repository/WEB/Change Profile/ChangeProfile_inputText_BirthDay'

2023-04-03 08:43:40 - [MESSAGE][PASSED] - Text '01-Jan-1900' is set on object 'Object Repository/WEB/Change Profile/ChangeProfile_inputText_BirthDay'

2023-04-03 08:43:40 - [TEST_STEP][PASSED] - nameInputValue = getAttribute(findTestObject("WEB/Change Profile/ChangeProfile_inputText_Name"), "value"): Attribute 'value' of object 'Object Repository/WEB/Change Profile/ChangeProfile_inputText_Name' is: 'Edited Name'

2023-04-03 08:43:41 - [MESSAGE][PASSED] - Attribute 'value' of object 'Object Repository/WEB/Change Profile/ChangeProfile_inputText_Name' is: 'Edited Name'

2023-04-03 08:43:41 - [TEST_STEP][PASSED] - click(findTestObject("WEB/Change Profile/ChangeProfile_button_Save")): Object: 'Object Repository/WEB/Change Profile/ChangeProfile_button_Save' is clicked on

2023-04-03 08:43:42 - [MESSAGE][PASSED] - Object: 'Object Repository/WEB/Change Profile/ChangeProfile_button_Save' is clicked on

2023-04-03 08:43:42 - [TEST_STEP][PASSED] - delay(2): Delayed 2 second(s)

2023-04-03 08:43:44 - [MESSAGE][PASSED] - Delayed 2 second(s)

2023-04-03 08:43:44 - [TEST_STEP][PASSED] - birthdayProfile = getText(findTestObject("WEB/Profile/Profile_text_Birthday")): Text of object 'Object Repository/WEB/Profile/Profile_text_Birthday' is: '31-Dec-1923'

2023-04-03 08:43:44 - [MESSAGE][PASSED] - Text of object 'Object Repository/WEB/Profile/Profile_text_Birthday' is: '31-Dec-1923'

2023-04-03 08:43:44 - [TEST_STEP][PASSED] - verifyElementText(findTestObject("Object Repository/WEB/Change Profile/Profile_p_ChangeSuccessNotif"), originalNameProfile + " telah di edit"): Actual text and expected text of test object 'Object Repository/WEB/Change Profile/Profile_p_ChangeSuccessNotif' are matched.

2023-04-03 08:43:44 - [MESSAGE][PASSED] - Actual text and expected text of test object 'Object Repository/WEB/Change Profile/Profile_p_ChangeSuccessNotif' are matched.

2023-04-03 08:43:44 - [TEST_STEP][PASSED] - click(findTestObject("Object Repository/WEB/Change Profile/Profile_button_ChangeSuccessNotif")): Object: 'Object Repository/WEB/Change Profile/Profile_button_ChangeSuccessNotif' is clicked on

2023-04-03 08:43:45 - [MESSAGE][PASSED] - Object: 'Object Repository/WEB/Change Profile/Profile_button_ChangeSuccessNotif' is clicked on

2023-04-03 08:43:45 - [TEST_STEP][PASSED] - assert !(birthdayProfile == inputBirthday) : "Updated Birthday matches the invalid input": null

2023-04-03 08:43:45 - [TEST_STEP][PASSED] - formatter = DateTimeFormatter.ofPattern("dd-MMM-yyyy"): null

2023-04-03 08:43:45 - [TEST_STEP][PASSED] - inputDate = LocalDate.parse(birthdayProfile, formatter): null

2023-04-03 08:43:45 - [TEST_STEP][PASSED] - currentDate = LocalDate.now(): null

2023-04-03 08:43:45 - [TEST_STEP][PASSED] - years = YEARS.between(inputDate, currentDate): null

2023-04-03 08:43:45 - [TEST_STEP][PASSED] - assert years <= 100 : "The input date is not younger than 100 years.": null]]></system-out>
         <system-err><![CDATA[]]></system-err>
      </testcase>
      <testcase name="Test Cases/Web/CP/CP-34" time="10.404" classname="Test Cases/Web/CP/CP-34" status="PASSED">
         <system-out><![CDATA[2023-04-03 08:43:45 - [TEST_CASE][PASSED] - Test Cases/Web/CP/CP-34: Test Cases/Web/CP/CP-34

2023-04-03 08:43:45 - [TEST_STEP][PASSED] - navigateToUrl("https://demo-app.online/dashboard/profile"): Navigate to 'https://demo-app.online/dashboard/profile' successfully

2023-04-03 08:43:45 - [MESSAGE][PASSED] - Navigate to 'https://demo-app.online/dashboard/profile' successfully

2023-04-03 08:43:45 - [TEST_STEP][PASSED] - uploadFilePath = "/Include/Resources/": null

2023-04-03 08:43:45 - [TEST_STEP][PASSED] - uploadFileName = "cat01.jpeg": null

2023-04-03 08:43:45 - [TEST_STEP][PASSED] - file = new java.io.File(com.kms.katalon.core.configuration.RunConfiguration.getProjectDir(), (uploadFilePath + uploadFileName)): null

2023-04-03 08:43:45 - [TEST_STEP][PASSED] - inputImage = file.toString(): null

2023-04-03 08:43:45 - [TEST_STEP][PASSED] - inputName = "Edited Value".trim(): null

2023-04-03 08:43:45 - [TEST_STEP][PASSED] - inputPhone = "081123456789": null

2023-04-03 08:43:45 - [TEST_STEP][PASSED] - inputBirthday = "01-Jan-2000": null

2023-04-03 08:43:45 - [TEST_STEP][PASSED] - originalProfileImage = getAttribute(findTestObject("WEB/Profile/Profile_img_profilePhoto"), "src"): Attribute 'src' of object 'Object Repository/WEB/Profile/Profile_img_profilePhoto' is: 'https://storage.googleapis.com/codingid-storage-bucket/storage/uploads/avatar/1680485956cat01.jpeg'

2023-04-03 08:43:46 - [MESSAGE][PASSED] - Attribute 'src' of object 'Object Repository/WEB/Profile/Profile_img_profilePhoto' is: 'https://storage.googleapis.com/codingid-storage-bucket/storage/uploads/avatar/1680485956cat01.jpeg'

2023-04-03 08:43:46 - [TEST_STEP][PASSED] - originalDecodedProfileImage = URLDecoder.decode(originalProfileImage, "UTF-8"): null

2023-04-03 08:43:46 - [TEST_STEP][PASSED] - originalNameProfile = getText(findTestObject("WEB/Profile/Profile_text_Name")): Text of object 'Object Repository/WEB/Profile/Profile_text_Name' is: 'Edited Name'

2023-04-03 08:43:46 - [MESSAGE][PASSED] - Text of object 'Object Repository/WEB/Profile/Profile_text_Name' is: 'Edited Name'

2023-04-03 08:43:46 - [TEST_STEP][PASSED] - originalPhoneProfile = getText(findTestObject("WEB/Profile/Profile_text_Phone")): Text of object 'Object Repository/WEB/Profile/Profile_text_Phone' is: '0412345678'

2023-04-03 08:43:47 - [MESSAGE][PASSED] - Text of object 'Object Repository/WEB/Profile/Profile_text_Phone' is: '0412345678'

2023-04-03 08:43:47 - [TEST_STEP][PASSED] - originalBirthdayProfile = getText(findTestObject("WEB/Profile/Profile_text_Birthday")): Text of object 'Object Repository/WEB/Profile/Profile_text_Birthday' is: '31-Dec-1923'

2023-04-03 08:43:47 - [MESSAGE][PASSED] - Text of object 'Object Repository/WEB/Profile/Profile_text_Birthday' is: '31-Dec-1923'

2023-04-03 08:43:47 - [TEST_STEP][PASSED] - click(findTestObject("WEB/Profile/Profile_button_EditProfile")): Object: 'Object Repository/WEB/Profile/Profile_button_EditProfile' is clicked on

2023-04-03 08:43:48 - [MESSAGE][PASSED] - Object: 'Object Repository/WEB/Profile/Profile_button_EditProfile' is clicked on

2023-04-03 08:43:48 - [TEST_STEP][PASSED] - uploadFile(findTestObject("WEB/Change Profile/ChangeProfile_button_uploadButton"), inputImage): File 'C:\Users\rizki\git\CodingID-QA\Include\Resources\cat01.jpeg' sent to object: 'Object Repository/WEB/Change Profile/ChangeProfile_button_uploadButton'

2023-04-03 08:43:48 - [MESSAGE][PASSED] - File 'C:\Users\rizki\git\CodingID-QA\Include\Resources\cat01.jpeg' sent to object: 'Object Repository/WEB/Change Profile/ChangeProfile_button_uploadButton'

2023-04-03 08:43:48 - [TEST_STEP][PASSED] - setText(findTestObject("WEB/Change Profile/ChangeProfile_inputText_Name"), inputName): Text 'Edited Value' is set on object 'Object Repository/WEB/Change Profile/ChangeProfile_inputText_Name'

2023-04-03 08:43:49 - [MESSAGE][PASSED] - Text 'Edited Value' is set on object 'Object Repository/WEB/Change Profile/ChangeProfile_inputText_Name'

2023-04-03 08:43:49 - [TEST_STEP][PASSED] - setText(findTestObject("WEB/Change Profile/ChangeProfile_inputText_Phone"), inputPhone): Text '081123456789' is set on object 'Object Repository/WEB/Change Profile/ChangeProfile_inputText_Phone'

2023-04-03 08:43:50 - [MESSAGE][PASSED] - Text '081123456789' is set on object 'Object Repository/WEB/Change Profile/ChangeProfile_inputText_Phone'

2023-04-03 08:43:50 - [TEST_STEP][PASSED] - setText(findTestObject("WEB/Change Profile/ChangeProfile_inputText_BirthDay"), inputBirthday): Text '01-Jan-2000' is set on object 'Object Repository/WEB/Change Profile/ChangeProfile_inputText_BirthDay'

2023-04-03 08:43:51 - [MESSAGE][PASSED] - Text '01-Jan-2000' is set on object 'Object Repository/WEB/Change Profile/ChangeProfile_inputText_BirthDay'

2023-04-03 08:43:51 - [TEST_STEP][PASSED] - navigateToUrl("https://demo-app.online/dashboard/profile"): Navigate to 'https://demo-app.online/dashboard/profile' successfully

2023-04-03 08:43:51 - [MESSAGE][PASSED] - Navigate to 'https://demo-app.online/dashboard/profile' successfully

2023-04-03 08:43:51 - [TEST_STEP][PASSED] - delay(2): Delayed 2 second(s)

2023-04-03 08:43:53 - [MESSAGE][PASSED] - Delayed 2 second(s)

2023-04-03 08:43:53 - [TEST_STEP][PASSED] - profileImage = getAttribute(findTestObject("WEB/Profile/Profile_img_profilePhoto"), "src"): Attribute 'src' of object 'Object Repository/WEB/Profile/Profile_img_profilePhoto' is: 'https://storage.googleapis.com/codingid-storage-bucket/storage/uploads/avatar/1680485956cat01.jpeg'

2023-04-03 08:43:54 - [MESSAGE][PASSED] - Attribute 'src' of object 'Object Repository/WEB/Profile/Profile_img_profilePhoto' is: 'https://storage.googleapis.com/codingid-storage-bucket/storage/uploads/avatar/1680485956cat01.jpeg'

2023-04-03 08:43:54 - [TEST_STEP][PASSED] - decodedProfileImage = URLDecoder.decode(profileImage, "UTF-8"): null

2023-04-03 08:43:54 - [TEST_STEP][PASSED] - nameProfile = getText(findTestObject("WEB/Profile/Profile_text_Name")): Text of object 'Object Repository/WEB/Profile/Profile_text_Name' is: 'Edited Name'

2023-04-03 08:43:54 - [MESSAGE][PASSED] - Text of object 'Object Repository/WEB/Profile/Profile_text_Name' is: 'Edited Name'

2023-04-03 08:43:54 - [TEST_STEP][PASSED] - phoneProfile = getText(findTestObject("WEB/Profile/Profile_text_Phone")): Text of object 'Object Repository/WEB/Profile/Profile_text_Phone' is: '0412345678'

2023-04-03 08:43:54 - [MESSAGE][PASSED] - Text of object 'Object Repository/WEB/Profile/Profile_text_Phone' is: '0412345678'

2023-04-03 08:43:54 - [TEST_STEP][PASSED] - birthdayProfile = getText(findTestObject("WEB/Profile/Profile_text_Birthday")): Text of object 'Object Repository/WEB/Profile/Profile_text_Birthday' is: '31-Dec-1923'

2023-04-03 08:43:55 - [MESSAGE][PASSED] - Text of object 'Object Repository/WEB/Profile/Profile_text_Birthday' is: '31-Dec-1923'

2023-04-03 08:43:55 - [TEST_STEP][PASSED] - assert verifyElementNotPresent(findTestObject("Object Repository/WEB/Change Profile/Profile_p_ChangeSuccessNotif"), 2) : "Profile was updated, not cancelled": Web element with id: 'Object Repository/WEB/Change Profile/Profile_p_ChangeSuccessNotif' located by 'By.xpath: (.//*[normalize-space(text()) and normalize-space(.)='Berhasil'])[1]/following::div[1]' is not present after '2' second(s)

2023-04-03 08:43:55 - [MESSAGE][PASSED] - Web element with id: 'Object Repository/WEB/Change Profile/Profile_p_ChangeSuccessNotif' located by 'By.xpath: (.//*[normalize-space(text()) and normalize-space(.)='Berhasil'])[1]/following::div[1]' is not present after '2' second(s)

2023-04-03 08:43:55 - [TEST_STEP][PASSED] - assert decodedProfileImage == originalDecodedProfileImage : "Updated photo does not match the uploaded one": null

2023-04-03 08:43:55 - [TEST_STEP][PASSED] - assert nameProfile == originalNameProfile : "Updated Name does not match the inputted one": null

2023-04-03 08:43:55 - [TEST_STEP][PASSED] - assert phoneProfile == originalPhoneProfile : "Updated Phone Number does not match the inputted one": null

2023-04-03 08:43:55 - [TEST_STEP][PASSED] - assert birthdayProfile == originalBirthdayProfile : "Updated Birthday does not match the inputted one": null]]></system-out>
         <system-err><![CDATA[]]></system-err>
      </testcase>
      <system-out><![CDATA[2023-04-03 08:34:09 - [TEST_SUITE][ERROR] - CP: Test Cases/Web/CP/CP-03 FAILED.
Reason:
org.codehaus.groovy.control.MultipleCompilationErrorsException: startup failed:
file:/C:/Users/rizki/git/CodingID-QA/Scripts/Web/CP/CP-03/Script1680330345305.groovy: 50: The current scope already contains a variable of the name originalNameProfile
 @ line 50, column 5.
   def originalNameProfile = WebUI.getText(findTestObject('WEB/Profile/Profile_text_Name'))
       ^

1 error

	at com.kms.katalon.core.main.ScriptEngine.getScript(ScriptEngine.java:199)
	at com.kms.katalon.core.main.ScriptEngine.run(ScriptEngine.java:194)
	at com.kms.katalon.core.main.ScriptEngine.runScriptAsRawText(ScriptEngine.java:119)
	at com.kms.katalon.core.main.TestCaseExecutor.runScript(TestCaseExecutor.java:448)
	at com.kms.katalon.core.main.TestCaseExecutor.doExecute(TestCaseExecutor.java:439)
	at com.kms.katalon.core.main.TestCaseExecutor.processExecutionPhase(TestCaseExecutor.java:418)
	at com.kms.katalon.core.main.TestCaseExecutor.accessMainPhase(TestCaseExecutor.java:410)
	at com.kms.katalon.core.main.TestCaseExecutor.execute(TestCaseExecutor.java:285)
	at com.kms.katalon.core.common.CommonExecutor.accessTestCaseMainPhase(CommonExecutor.java:65)
	at com.kms.katalon.core.main.TestSuiteExecutor.accessTestSuiteMainPhase(TestSuiteExecutor.java:151)
	at com.kms.katalon.core.main.TestSuiteExecutor.execute(TestSuiteExecutor.java:106)
	at com.kms.katalon.core.main.TestCaseMain.startTestSuite(TestCaseMain.java:185)
	at com.kms.katalon.core.main.TestCaseMain$startTestSuite$0.call(Unknown Source)
	at TempTestSuite1680485631021.run(TempTestSuite1680485631021.groovy:36)]]></system-out>
      <system-err><![CDATA[2023-04-03 08:34:09 - [TEST_SUITE][ERROR] - CP: Test Cases/Web/CP/CP-03 FAILED.
Reason:
org.codehaus.groovy.control.MultipleCompilationErrorsException: startup failed:
file:/C:/Users/rizki/git/CodingID-QA/Scripts/Web/CP/CP-03/Script1680330345305.groovy: 50: The current scope already contains a variable of the name originalNameProfile
 @ line 50, column 5.
   def originalNameProfile = WebUI.getText(findTestObject('WEB/Profile/Profile_text_Name'))
       ^

1 error

	at com.kms.katalon.core.main.ScriptEngine.getScript(ScriptEngine.java:199)
	at com.kms.katalon.core.main.ScriptEngine.run(ScriptEngine.java:194)
	at com.kms.katalon.core.main.ScriptEngine.runScriptAsRawText(ScriptEngine.java:119)
	at com.kms.katalon.core.main.TestCaseExecutor.runScript(TestCaseExecutor.java:448)
	at com.kms.katalon.core.main.TestCaseExecutor.doExecute(TestCaseExecutor.java:439)
	at com.kms.katalon.core.main.TestCaseExecutor.processExecutionPhase(TestCaseExecutor.java:418)
	at com.kms.katalon.core.main.TestCaseExecutor.accessMainPhase(TestCaseExecutor.java:410)
	at com.kms.katalon.core.main.TestCaseExecutor.execute(TestCaseExecutor.java:285)
	at com.kms.katalon.core.common.CommonExecutor.accessTestCaseMainPhase(CommonExecutor.java:65)
	at com.kms.katalon.core.main.TestSuiteExecutor.accessTestSuiteMainPhase(TestSuiteExecutor.java:151)
	at com.kms.katalon.core.main.TestSuiteExecutor.execute(TestSuiteExecutor.java:106)
	at com.kms.katalon.core.main.TestCaseMain.startTestSuite(TestCaseMain.java:185)
	at com.kms.katalon.core.main.TestCaseMain$startTestSuite$0.call(Unknown Source)
	at TempTestSuite1680485631021.run(TempTestSuite1680485631021.groovy:36)]]></system-err>
   </testsuite>
</testsuites>
